\BOOKMARK [1][-]{section.1}{\376\377\000I\000n\000t\000r\000o\000d\000u\000c\000t\000i\000o\000n}{}% 1
\BOOKMARK [2][-]{subsection.1.1}{\376\377\000M\000o\000t\000i\000v\000a\000t\000i\000o\000n\000\040\000a\000n\000d\000\040\000H\000i\000s\000t\000o\000r\000i\000c\000a\000l\000\040\000C\000o\000n\000t\000e\000x\000t}{section.1}% 2
\BOOKMARK [2][-]{subsection.1.2}{\376\377\000M\000a\000i\000n\000\040\000C\000o\000n\000t\000r\000i\000b\000u\000t\000i\000o\000n\000s}{section.1}% 3
\BOOKMARK [2][-]{subsection.1.3}{\376\377\000T\000h\000e\000\040\000D\000i\000m\000e\000n\000s\000i\000o\000n\000i\000c\000s\000\040\000P\000h\000i\000l\000o\000s\000o\000p\000h\000y}{section.1}% 4
\BOOKMARK [2][-]{subsection.1.4}{\376\377\000P\000a\000p\000e\000r\000\040\000O\000r\000g\000a\000n\000i\000z\000a\000t\000i\000o\000n}{section.1}% 5
\BOOKMARK [1][-]{section.2}{\376\377\000M\000a\000t\000h\000e\000m\000a\000t\000i\000c\000a\000l\000\040\000O\000v\000e\000r\000v\000i\000e\000w}{}% 6
\BOOKMARK [2][-]{subsection.2.1}{\376\377\000N\000o\000t\000a\000t\000i\000o\000n\000\040\000a\000n\000d\000\040\000C\000o\000n\000v\000e\000n\000t\000i\000o\000n\000s}{section.2}% 7
\BOOKMARK [2][-]{subsection.2.2}{\376\377\000C\000l\000a\000s\000s\000i\000c\000a\000l\000\040\000D\000i\000m\000e\000n\000s\000i\000o\000n\000\040\000T\000h\000e\000o\000r\000i\000e\000s}{section.2}% 8
\BOOKMARK [3][-]{subsubsection.2.2.1}{\376\377\000H\000a\000u\000s\000d\000o\000r\000f\000f\000\040\000D\000i\000m\000e\000n\000s\000i\000o\000n}{subsection.2.2}% 9
\BOOKMARK [3][-]{subsubsection.2.2.2}{\376\377\000B\000o\000x\000-\000C\000o\000u\000n\000t\000i\000n\000g\000\040\000D\000i\000m\000e\000n\000s\000i\000o\000n}{subsection.2.2}% 10
\BOOKMARK [2][-]{subsection.2.3}{\376\377\000T\000h\000e\000\040\000D\000i\000m\000e\000n\000s\000i\000o\000n\000\040\000H\000i\000e\000r\000a\000r\000c\000h\000y}{section.2}% 11
\BOOKMARK [2][-]{subsection.2.4}{\376\377\000S\000t\000a\000n\000d\000a\000r\000d\000\040\000F\000r\000a\000c\000t\000a\000l\000s}{section.2}% 12
\BOOKMARK [2][-]{subsection.2.5}{\376\377\000F\000u\000n\000c\000t\000i\000o\000n\000\040\000S\000p\000a\000c\000e\000s\000\040\000o\000n\000\040\000F\000r\000a\000c\000t\000a\000l\000s}{section.2}% 13
\BOOKMARK [1][-]{section.3}{\376\377\000T\000o\000p\000o\000l\000o\000g\000i\000c\000a\000l\000\040\000D\000i\000m\000e\000n\000s\000i\000o\000n\000\040\000T\000h\000e\000o\000r\000y}{}% 14
\BOOKMARK [2][-]{subsection.3.1}{\376\377\000C\000l\000a\000s\000s\000i\000c\000a\000l\000\040\000T\000o\000p\000o\000l\000o\000g\000i\000c\000a\000l\000\040\000D\000i\000m\000e\000n\000s\000i\000o\000n}{section.3}% 15
\BOOKMARK [3][-]{subsubsection.3.1.1}{\376\377\000L\000e\000b\000e\000s\000g\000u\000e\000\040\000C\000o\000v\000e\000r\000i\000n\000g\000\040\000D\000i\000m\000e\000n\000s\000i\000o\000n}{subsection.3.1}% 16
\BOOKMARK [3][-]{subsubsection.3.1.2}{\376\377\000I\000n\000d\000u\000c\000t\000i\000v\000e\000\040\000D\000i\000m\000e\000n\000s\000i\000o\000n\000s}{subsection.3.1}% 17
\BOOKMARK [2][-]{subsection.3.2}{\376\377\000F\000r\000a\000c\000t\000a\000l\000\040\000T\000o\000p\000o\000l\000o\000g\000y}{section.3}% 18
\BOOKMARK [3][-]{subsubsection.3.2.1}{\376\377\000T\000o\000p\000o\000l\000o\000g\000i\000c\000a\000l\000\040\000P\000r\000o\000p\000e\000r\000t\000i\000e\000s\000\040\000o\000f\000\040\000F\000r\000a\000c\000t\000a\000l\000s}{subsection.3.2}% 19
\BOOKMARK [3][-]{subsubsection.3.2.2}{\376\377\000S\000e\000l\000f\000-\000S\000i\000m\000i\000l\000a\000r\000i\000t\000y\000\040\000a\000n\000d\000\040\000T\000o\000p\000o\000l\000o\000g\000i\000c\000a\000l\000\040\000S\000t\000r\000u\000c\000t\000u\000r\000e}{subsection.3.2}% 20
\BOOKMARK [2][-]{subsection.3.3}{\376\377\000D\000i\000m\000e\000n\000s\000i\000o\000n\000\040\000a\000n\000d\000\040\000C\000o\000n\000n\000e\000c\000t\000i\000v\000i\000t\000y}{section.3}% 21
\BOOKMARK [3][-]{subsubsection.3.3.1}{\376\377\000P\000a\000t\000h\000\040\000D\000i\000m\000e\000n\000s\000i\000o\000n}{subsection.3.3}% 22
\BOOKMARK [3][-]{subsubsection.3.3.2}{\376\377\000L\000a\000c\000u\000n\000a\000r\000i\000t\000y\000\040\000a\000n\000d\000\040\000T\000o\000p\000o\000l\000o\000g\000i\000c\000a\000l\000\040\000T\000e\000x\000t\000u\000r\000e}{subsection.3.3}% 23
\BOOKMARK [2][-]{subsection.3.4}{\376\377\000F\000i\000x\000e\000d\000-\0004\000D\000\040\000T\000o\000p\000o\000l\000o\000g\000y\000\040\000F\000r\000a\000m\000e\000w\000o\000r\000k}{section.3}% 24
\BOOKMARK [3][-]{subsubsection.3.4.1}{\376\377\000D\000y\000n\000a\000m\000i\000c\000a\000l\000\040\000D\000i\000m\000e\000n\000s\000i\000o\000n\000\040\000T\000o\000p\000o\000l\000o\000g\000y}{subsection.3.4}% 25
\BOOKMARK [3][-]{subsubsection.3.4.2}{\376\377\000S\000p\000e\000c\000t\000r\000a\000l\000\040\000T\000o\000p\000o\000l\000o\000g\000y}{subsection.3.4}% 26
\BOOKMARK [2][-]{subsection.3.5}{\376\377\000D\000i\000m\000e\000n\000s\000i\000o\000n\000\040\000S\000p\000e\000c\000t\000r\000a}{section.3}% 27
\BOOKMARK [2][-]{subsection.3.6}{\376\377\000S\000u\000m\000m\000a\000r\000y}{section.3}% 28
\BOOKMARK [1][-]{section.4}{\376\377\000A\000n\000a\000l\000y\000t\000i\000c\000\040\000T\000h\000e\000o\000r\000y\000:\000\040\000S\000o\000b\000o\000l\000e\000v\000\040\000S\000p\000a\000c\000e\000s\000\040\000o\000n\000\040\000F\000r\000a\000c\000t\000a\000l\000s}{}% 29
\BOOKMARK [2][-]{subsection.4.1}{\376\377\000M\000o\000t\000i\000v\000a\000t\000i\000o\000n}{section.4}% 30
\BOOKMARK [2][-]{subsection.4.2}{\376\377\000S\000o\000b\000o\000l\000e\000v\000\040\000S\000p\000a\000c\000e\000s\000\040\000o\000n\000\040\000F\000r\000a\000c\000t\000a\000l\000s}{section.4}% 31
\BOOKMARK [2][-]{subsection.4.3}{\376\377\000C\000a\000n\000t\000o\000r\000\040\000R\000e\000p\000r\000e\000s\000e\000n\000t\000a\000t\000i\000o\000n\000\040\000T\000h\000e\000o\000r\000y}{section.4}% 32
\BOOKMARK [2][-]{subsection.4.4}{\376\377\000F\000u\000s\000i\000o\000n\000\040\000T\000h\000e\000o\000r\000e\000m\000\040\000F\000E\000-\000T\0001}{section.4}% 33
\BOOKMARK [2][-]{subsection.4.5}{\376\377\000N\000u\000m\000e\000r\000i\000c\000a\000l\000\040\000V\000a\000l\000i\000d\000a\000t\000i\000o\000n}{section.4}% 34
\BOOKMARK [2][-]{subsection.4.6}{\376\377\000A\000p\000p\000l\000i\000c\000a\000t\000i\000o\000n\000s}{section.4}% 35
\BOOKMARK [1][-]{section.5}{\376\377\000S\000p\000e\000c\000t\000r\000a\000l\000\040\000D\000i\000m\000e\000n\000s\000i\000o\000n\000\040\000T\000h\000e\000o\000r\000y}{}% 36
\BOOKMARK [2][-]{subsection.5.1}{\376\377\000H\000e\000a\000t\000\040\000K\000e\000r\000n\000e\000l\000\040\000a\000n\000d\000\040\000S\000p\000e\000c\000t\000r\000a\000l\000\040\000D\000i\000m\000e\000n\000s\000i\000o\000n}{section.5}% 37
\BOOKMARK [3][-]{subsubsection.5.1.1}{\376\377\000D\000i\000f\000f\000u\000s\000i\000o\000n\000\040\000o\000n\000\040\000M\000e\000t\000r\000i\000c\000\040\000S\000p\000a\000c\000e\000s}{subsection.5.1}% 38
\BOOKMARK [3][-]{subsubsection.5.1.2}{\376\377\000S\000p\000e\000c\000t\000r\000a\000l\000\040\000D\000i\000m\000e\000n\000s\000i\000o\000n\000\040\000o\000f\000\040\000F\000r\000a\000c\000t\000a\000l\000s}{subsection.5.1}% 39
\BOOKMARK [3][-]{subsubsection.5.1.3}{\376\377\000S\000p\000e\000c\000t\000r\000a\000l\000\040\000Z\000e\000t\000a\000\040\000F\000u\000n\000c\000t\000i\000o\000n}{subsection.5.1}% 40
\BOOKMARK [2][-]{subsection.5.2}{\376\377\000L\000a\000p\000l\000a\000c\000i\000a\000n\000s\000\040\000o\000n\000\040\000F\000r\000a\000c\000t\000a\000l\000s}{section.5}% 41
\BOOKMARK [3][-]{subsubsection.5.2.1}{\376\377\000G\000r\000a\000p\000h\000\040\000L\000a\000p\000l\000a\000c\000i\000a\000n\000s}{subsection.5.2}% 42
\BOOKMARK [3][-]{subsubsection.5.2.2}{\376\377\000S\000e\000l\000f\000-\000S\000i\000m\000i\000l\000a\000r\000\040\000L\000a\000p\000l\000a\000c\000i\000a\000n\000s}{subsection.5.2}% 43
\BOOKMARK [3][-]{subsubsection.5.2.3}{\376\377\000S\000p\000e\000c\000t\000r\000a\000l\000\040\000D\000e\000c\000i\000m\000a\000t\000i\000o\000n}{subsection.5.2}% 44
\BOOKMARK [2][-]{subsection.5.3}{\376\377\000Q\000u\000a\000n\000t\000u\000m\000\040\000M\000e\000c\000h\000a\000n\000i\000c\000s\000\040\000o\000n\000\040\000F\000r\000a\000c\000t\000a\000l\000s}{section.5}% 45
\BOOKMARK [3][-]{subsubsection.5.3.1}{\376\377\000S\000c\000h\000r\000\366\000d\000i\000n\000g\000e\000r\000\040\000O\000p\000e\000r\000a\000t\000o\000r\000s}{subsection.5.3}% 46
\BOOKMARK [3][-]{subsubsection.5.3.2}{\376\377\000A\000n\000d\000e\000r\000s\000o\000n\000\040\000L\000o\000c\000a\000l\000i\000z\000a\000t\000i\000o\000n}{subsection.5.3}% 47
\BOOKMARK [2][-]{subsection.5.4}{\376\377\000S\000p\000e\000c\000t\000r\000a\000l\000\040\000D\000i\000m\000e\000n\000s\000i\000o\000n\000\040\000F\000l\000o\000w}{section.5}% 48
\BOOKMARK [3][-]{subsubsection.5.4.1}{\376\377\000D\000y\000n\000a\000m\000i\000c\000\040\000S\000p\000e\000c\000t\000r\000a\000l\000\040\000D\000i\000m\000e\000n\000s\000i\000o\000n}{subsection.5.4}% 49
\BOOKMARK [3][-]{subsubsection.5.4.2}{\376\377\000P\000h\000a\000s\000e\000\040\000T\000r\000a\000n\000s\000i\000t\000i\000o\000n\000s\000\040\000i\000n\000\040\000S\000p\000e\000c\000t\000r\000a\000l\000\040\000D\000i\000m\000e\000n\000s\000i\000o\000n}{subsection.5.4}% 50
\BOOKMARK [2][-]{subsection.5.5}{\376\377\000C\000o\000n\000n\000e\000c\000t\000i\000o\000n\000s\000\040\000t\000o\000\040\000O\000t\000h\000e\000r\000\040\000D\000i\000m\000e\000n\000s\000i\000o\000n\000s}{section.5}% 51
\BOOKMARK [3][-]{subsubsection.5.5.1}{\376\377\000S\000p\000e\000c\000t\000r\000a\000l\000\040\000v\000s\000.\000\040\000H\000a\000u\000s\000d\000o\000r\000f\000f\000\040\000D\000i\000m\000e\000n\000s\000i\000o\000n}{subsection.5.5}% 52
\BOOKMARK [3][-]{subsubsection.5.5.2}{\376\377\000E\000f\000f\000e\000c\000t\000i\000v\000e\000\040\000D\000i\000m\000e\000n\000s\000i\000o\000n\000\040\000S\000y\000n\000t\000h\000e\000s\000i\000s}{subsection.5.5}% 53
\BOOKMARK [2][-]{subsection.5.6}{\376\377\000S\000u\000m\000m\000a\000r\000y}{section.5}% 54
\BOOKMARK [1][-]{section.6}{\376\377\000N\000u\000m\000b\000e\000r\000-\000T\000h\000e\000o\000r\000e\000t\000i\000c\000\040\000D\000i\000m\000e\000n\000s\000i\000o\000n\000s}{}% 55
\BOOKMARK [2][-]{subsection.6.1}{\376\377\000M\000o\000d\000u\000l\000a\000r\000\040\000F\000o\000r\000m\000s\000\040\000a\000n\000d\000\040\000D\000i\000m\000e\000n\000s\000i\000o\000n}{section.6}% 56
\BOOKMARK [2][-]{subsection.6.2}{\376\377\000T\000h\000e\000\040\000M\000-\0000\000.\0003\000\040\000R\000e\000f\000u\000t\000a\000t\000i\000o\000n}{section.6}% 57
\BOOKMARK [2][-]{subsection.6.3}{\376\377\000E\000l\000l\000i\000p\000t\000i\000c\000\040\000C\000u\000r\000v\000e\000s\000\040\000a\000n\000d\000\040\000F\000r\000a\000c\000t\000a\000l\000\040\000D\000i\000m\000e\000n\000s\000i\000o\000n}{section.6}% 58
\BOOKMARK [2][-]{subsection.6.4}{\376\377\000D\000i\000o\000p\000h\000a\000n\000t\000i\000n\000e\000\040\000A\000p\000p\000r\000o\000x\000i\000m\000a\000t\000i\000o\000n}{section.6}% 59
\BOOKMARK [2][-]{subsection.6.5}{\376\377\000A\000p\000p\000l\000i\000c\000a\000t\000i\000o\000n\000s\000\040\000t\000o\000\040\000U\000n\000i\000f\000i\000e\000d\000\040\000T\000h\000e\000o\000r\000y}{section.6}% 60
\BOOKMARK [1][-]{section.7}{\376\377\000T\000h\000e\000\040\000U\000n\000i\000f\000i\000e\000d\000\040\000F\000r\000a\000m\000e\000w\000o\000r\000k}{}% 61
\BOOKMARK [2][-]{subsection.7.1}{\376\377\000T\000h\000e\000\040\000M\000a\000s\000t\000e\000r\000\040\000E\000q\000u\000a\000t\000i\000o\000n}{section.7}% 62
\BOOKMARK [2][-]{subsection.7.2}{\376\377\000C\000o\000m\000p\000o\000n\000e\000n\000t\000\040\000A\000n\000a\000l\000y\000s\000i\000s}{section.7}% 63
\BOOKMARK [3][-]{subsubsection.7.2.1}{\376\377\000E\000n\000e\000r\000g\000y\000\040\000T\000e\000r\000m\000\040\000E\000\050\000d\000\051}{subsection.7.2}% 64
\BOOKMARK [3][-]{subsubsection.7.2.2}{\376\377\000E\000n\000t\000r\000o\000p\000y\000\040\000T\000e\000r\000m\000\040\000S\000\050\000d\000\051}{subsection.7.2}% 65
\BOOKMARK [3][-]{subsubsection.7.2.3}{\376\377\000S\000p\000e\000c\000t\000r\000a\000l\000\040\000C\000o\000r\000r\000e\000c\000t\000i\000o\000n\000\040\000\050\000d\000\051}{subsection.7.2}% 66
\BOOKMARK [2][-]{subsection.7.3}{\376\377\000E\000u\000l\000e\000r\000-\000L\000a\000g\000r\000a\000n\000g\000e\000\040\000E\000q\000u\000a\000t\000i\000o\000n}{section.7}% 67
\BOOKMARK [2][-]{subsection.7.4}{\376\377\000C\000r\000o\000s\000s\000-\000D\000i\000r\000e\000c\000t\000i\000o\000n\000\040\000T\000h\000e\000o\000r\000e\000m\000s}{section.7}% 68
\BOOKMARK [2][-]{subsection.7.5}{\376\377\000D\000i\000m\000e\000n\000s\000i\000o\000n\000\040\000T\000a\000x\000o\000n\000o\000m\000y}{section.7}% 69
\BOOKMARK [2][-]{subsection.7.6}{\376\377\000F\000u\000s\000i\000o\000n\000\040\000T\000h\000e\000o\000r\000e\000m\000\040\000F\000G\000-\000T\0004}{section.7}% 70
\BOOKMARK [2][-]{subsection.7.7}{\376\377\000P\000h\000y\000s\000i\000c\000a\000l\000\040\000A\000p\000p\000l\000i\000c\000a\000t\000i\000o\000n\000s}{section.7}% 71
\BOOKMARK [3][-]{subsubsection.7.7.1}{\376\377\000Q\000u\000a\000n\000t\000u\000m\000\040\000G\000r\000a\000v\000i\000t\000y}{subsection.7.7}% 72
\BOOKMARK [3][-]{subsubsection.7.7.2}{\376\377\000C\000o\000n\000d\000e\000n\000s\000e\000d\000\040\000M\000a\000t\000t\000e\000r}{subsection.7.7}% 73
\BOOKMARK [3][-]{subsubsection.7.7.3}{\376\377\000C\000o\000m\000p\000l\000e\000x\000\040\000N\000e\000t\000w\000o\000r\000k\000s}{subsection.7.7}% 74
\BOOKMARK [2][-]{subsection.7.8}{\376\377\000N\000u\000m\000e\000r\000i\000c\000a\000l\000\040\000V\000e\000r\000i\000f\000i\000c\000a\000t\000i\000o\000n}{section.7}% 75
\BOOKMARK [2][-]{subsection.7.9}{\376\377\000O\000p\000e\000n\000\040\000P\000r\000o\000b\000l\000e\000m\000s}{section.7}% 76
\BOOKMARK [2][-]{subsection.7.10}{\376\377\000C\000o\000n\000c\000l\000u\000s\000i\000o\000n}{section.7}% 77
\BOOKMARK [1][-]{section.8}{\376\377\000C\000o\000m\000p\000u\000t\000a\000t\000i\000o\000n\000a\000l\000\040\000C\000o\000m\000p\000l\000e\000x\000i\000t\000y}{}% 78
\BOOKMARK [2][-]{subsection.8.1}{\376\377\000D\000i\000m\000e\000n\000s\000i\000o\000n\000\040\000a\000n\000d\000\040\000C\000o\000m\000p\000u\000t\000a\000t\000i\000o\000n\000a\000l\000\040\000H\000a\000r\000d\000n\000e\000s\000s}{section.8}% 79
\BOOKMARK [2][-]{subsection.8.2}{\376\377\000A\000p\000p\000r\000o\000x\000i\000m\000a\000t\000i\000o\000n\000\040\000A\000l\000g\000o\000r\000i\000t\000h\000m\000s}{section.8}% 80
\BOOKMARK [2][-]{subsection.8.3}{\376\377\000F\000-\000N\000P\000-\000C\000o\000m\000p\000l\000e\000t\000e\000n\000e\000s\000s}{section.8}% 81
\BOOKMARK [2][-]{subsection.8.4}{\376\377\000Q\000u\000a\000n\000t\000u\000m\000\040\000C\000o\000m\000p\000u\000t\000a\000t\000i\000o\000n\000a\000l\000\040\000A\000s\000p\000e\000c\000t\000s}{section.8}% 82
\BOOKMARK [2][-]{subsection.8.5}{\376\377\000I\000n\000f\000o\000r\000m\000a\000t\000i\000o\000n\000-\000T\000h\000e\000o\000r\000e\000t\000i\000c\000\040\000D\000i\000m\000e\000n\000s\000i\000o\000n}{section.8}% 83
\BOOKMARK [2][-]{subsection.8.6}{\376\377\000N\000u\000m\000e\000r\000i\000c\000a\000l\000\040\000V\000a\000l\000i\000d\000a\000t\000i\000o\000n\000\040\000C\000o\000m\000p\000l\000e\000x\000i\000t\000y}{section.8}% 84
\BOOKMARK [1][-]{section.9}{\376\377\000P\000h\000y\000s\000i\000c\000a\000l\000\040\000A\000p\000p\000l\000i\000c\000a\000t\000i\000o\000n\000s}{}% 85
\BOOKMARK [2][-]{subsection.9.1}{\376\377\000Q\000u\000a\000n\000t\000u\000m\000\040\000G\000r\000a\000v\000i\000t\000y}{section.9}% 86
\BOOKMARK [3][-]{subsubsection.9.1.1}{\376\377\000C\000a\000u\000s\000a\000l\000\040\000D\000y\000n\000a\000m\000i\000c\000a\000l\000\040\000T\000r\000i\000a\000n\000g\000u\000l\000a\000t\000i\000o\000n\000s}{subsection.9.1}% 87
\BOOKMARK [3][-]{subsubsection.9.1.2}{\376\377\000H\000o\000l\000o\000g\000r\000a\000p\000h\000i\000c\000\040\000E\000n\000t\000r\000o\000p\000y}{subsection.9.1}% 88
\BOOKMARK [2][-]{subsection.9.2}{\376\377\000C\000o\000n\000d\000e\000n\000s\000e\000d\000\040\000M\000a\000t\000t\000e\000r\000\040\000P\000h\000y\000s\000i\000c\000s}{section.9}% 89
\BOOKMARK [3][-]{subsubsection.9.2.1}{\376\377\000A\000n\000d\000e\000r\000s\000o\000n\000\040\000L\000o\000c\000a\000l\000i\000z\000a\000t\000i\000o\000n}{subsection.9.2}% 90
\BOOKMARK [3][-]{subsubsection.9.2.2}{\376\377\000T\000h\000e\000r\000m\000a\000l\000\040\000T\000r\000a\000n\000s\000p\000o\000r\000t}{subsection.9.2}% 91
\BOOKMARK [2][-]{subsection.9.3}{\376\377\000N\000e\000t\000w\000o\000r\000k\000\040\000S\000c\000i\000e\000n\000c\000e\000:\000\040\000I\000\040\000D\000i\000r\000e\000c\000t\000i\000o\000n\000\040\000M\000a\000j\000o\000r\000\040\000R\000e\000s\000u\000l\000t\000s}{section.9}% 92
\BOOKMARK [3][-]{subsubsection.9.3.1}{\376\377\000E\000m\000p\000i\000r\000i\000c\000a\000l\000\040\000S\000t\000u\000d\000y\000\040\000o\000f\000\040\0007\000\040\000R\000e\000a\000l\000\040\000N\000e\000t\000w\000o\000r\000k\000s}{subsection.9.3}% 93
\BOOKMARK [3][-]{subsubsection.9.3.2}{\376\377\000D\000i\000m\000e\000n\000s\000i\000o\000n\000\040\000H\000i\000e\000r\000a\000r\000c\000h\000y}{subsection.9.3}% 94
\BOOKMARK [3][-]{subsubsection.9.3.3}{\376\377\000E\000m\000p\000i\000r\000i\000c\000a\000l\000\040\000D\000i\000s\000c\000o\000v\000e\000r\000y\000:\000\040\000S\000i\000m\000u\000l\000a\000t\000e\000d\000-\000R\000e\000a\000l\000\040\000D\000a\000t\000a\000\040\000D\000i\000v\000e\000r\000g\000e\000n\000c\000e}{subsection.9.3}% 95
\BOOKMARK [3][-]{subsubsection.9.3.4}{\376\377\000B\000i\000o\000l\000o\000g\000i\000c\000a\000l\000\040\000v\000s\000\040\000S\000o\000c\000i\000a\000l\000\040\000N\000e\000t\000w\000o\000r\000k\000s}{subsection.9.3}% 96
\BOOKMARK [3][-]{subsubsection.9.3.5}{\376\377\000M\000a\000s\000t\000e\000r\000\040\000E\000q\000u\000a\000t\000i\000o\000n\000\040\000f\000o\000r\000\040\000N\000e\000t\000w\000o\000r\000k\000s}{subsection.9.3}% 97
\BOOKMARK [2][-]{subsection.9.4}{\376\377\000Q\000u\000a\000n\000t\000u\000m\000\040\000I\000n\000f\000o\000r\000m\000a\000t\000i\000o\000n}{section.9}% 98
\BOOKMARK [2][-]{subsection.9.5}{\376\377\000E\000x\000t\000e\000n\000d\000e\000d\000\040\000R\000e\000s\000e\000a\000r\000c\000h\000\040\000D\000i\000r\000e\000c\000t\000i\000o\000n\000s\000\040\000\050\000H\000,\000\040\000I\000,\000\040\000J\000\051}{section.9}% 99
\BOOKMARK [3][-]{subsubsection.9.5.1}{\376\377\000H\000:\000\040\000Q\000u\000a\000n\000t\000u\000m\000\040\000D\000i\000m\000e\000n\000s\000i\000o\000n\000s}{subsection.9.5}% 100
\BOOKMARK [3][-]{subsubsection.9.5.2}{\376\377\000I\000:\000\040\000N\000e\000t\000w\000o\000r\000k\000\040\000G\000e\000o\000m\000e\000t\000r\000y\000\040\040\024\000\040\000C\000O\000M\000P\000L\000E\000T\000E}{subsection.9.5}% 101
\BOOKMARK [3][-]{subsubsection.9.5.3}{\376\377\000J\000:\000\040\000R\000a\000n\000d\000o\000m\000\040\000F\000r\000a\000c\000t\000a\000l\000s}{subsection.9.5}% 102
\BOOKMARK [2][-]{subsection.9.6}{\376\377\000E\000x\000p\000e\000r\000i\000m\000e\000n\000t\000a\000l\000\040\000P\000r\000o\000s\000p\000e\000c\000t\000s}{section.9}% 103
\BOOKMARK [2][-]{subsection.9.7}{\376\377\000S\000u\000m\000m\000a\000r\000y\000\040\000o\000f\000\040\000P\000r\000e\000d\000i\000c\000t\000i\000o\000n\000s}{section.9}% 104
\BOOKMARK [2][-]{subsection.9.8}{\376\377\000F\000u\000t\000u\000r\000e\000\040\000O\000u\000t\000l\000o\000o\000k}{section.9}% 105
\BOOKMARK [1][-]{section.10}{\376\377\000D\000i\000s\000c\000u\000s\000s\000i\000o\000n\000\040\000a\000n\000d\000\040\000C\000o\000n\000c\000l\000u\000s\000i\000o\000n\000s}{}% 106
\BOOKMARK [2][-]{subsection.10.1}{\376\377\000S\000u\000m\000m\000a\000r\000y\000\040\000o\000f\000\040\000R\000e\000s\000u\000l\000t\000s}{section.10}% 107
\BOOKMARK [2][-]{subsection.10.2}{\376\377\000F\000u\000s\000i\000o\000n\000\040\000T\000h\000e\000o\000r\000e\000m\000s\000\040\000R\000e\000v\000i\000s\000i\000t\000e\000d}{section.10}% 108
\BOOKMARK [2][-]{subsection.10.3}{\376\377\000K\000e\000y\000\040\000I\000n\000s\000i\000g\000h\000t\000s}{section.10}% 109
\BOOKMARK [2][-]{subsection.10.4}{\376\377\000M\000-\0000\000.\0003\000\040\000R\000e\000f\000u\000t\000a\000t\000i\000o\000n}{section.10}% 110
\BOOKMARK [2][-]{subsection.10.5}{\376\377\000O\000p\000e\000n\000\040\000P\000r\000o\000b\000l\000e\000m\000s}{section.10}% 111
\BOOKMARK [2][-]{subsection.10.6}{\376\377\000F\000u\000t\000u\000r\000e\000\040\000D\000i\000r\000e\000c\000t\000i\000o\000n\000s}{section.10}% 112
\BOOKMARK [2][-]{subsection.10.7}{\376\377\000C\000o\000n\000c\000l\000u\000s\000i\000o\000n}{section.10}% 113
