\BOOKMARK [1][-]{section*.2}{\376\377\000N\000o\000t\000a\000t\000i\000o\000n\000\040\000a\000n\000d\000\040\000C\000o\000n\000v\000e\000n\000t\000i\000o\000n\000s}{}% 1
\BOOKMARK [1][-]{section.1}{\376\377\000I\000n\000t\000r\000o\000d\000u\000c\000t\000i\000o\000n}{}% 2
\BOOKMARK [2][-]{subsection.1.1}{\376\377\000T\000h\000e\000\040\000D\000i\000m\000e\000n\000s\000i\000o\000n\000\040\000P\000r\000o\000b\000l\000e\000m\000\040\000i\000n\000\040\000F\000u\000n\000d\000a\000m\000e\000n\000t\000a\000l\000\040\000P\000h\000y\000s\000i\000c\000s}{section.1}% 3
\BOOKMARK [2][-]{subsection.1.2}{\376\377\000H\000i\000s\000t\000o\000r\000i\000c\000a\000l\000\040\000D\000e\000v\000e\000l\000o\000p\000m\000e\000n\000t\000\040\000o\000f\000\040\000S\000p\000e\000c\000t\000r\000a\000l\000\040\000M\000e\000t\000h\000o\000d\000s}{section.1}% 4
\BOOKMARK [2][-]{subsection.1.3}{\376\377\000T\000h\000e\000\040\000E\000m\000e\000r\000g\000e\000n\000c\000e\000\040\000o\000f\000\040\000D\000i\000m\000e\000n\000s\000i\000o\000n\000\040\000F\000l\000o\000w}{section.1}% 5
\BOOKMARK [3][-]{subsubsection.1.3.1}{\376\377\000E\000a\000r\000l\000y\000\040\000I\000n\000d\000i\000c\000a\000t\000i\000o\000n\000s\000\040\000f\000r\000o\000m\000\040\0002\000D\000\040\000Q\000u\000a\000n\000t\000u\000m\000\040\000G\000r\000a\000v\000i\000t\000y}{subsection.1.3}% 6
\BOOKMARK [3][-]{subsubsection.1.3.2}{\376\377\000C\000a\000u\000s\000a\000l\000\040\000D\000y\000n\000a\000m\000i\000c\000a\000l\000\040\000T\000r\000i\000a\000n\000g\000u\000l\000a\000t\000i\000o\000n\000s}{subsection.1.3}% 7
\BOOKMARK [3][-]{subsubsection.1.3.3}{\376\377\000A\000s\000y\000m\000p\000t\000o\000t\000i\000c\000\040\000S\000a\000f\000e\000t\000y}{subsection.1.3}% 8
\BOOKMARK [3][-]{subsubsection.1.3.4}{\376\377\000L\000o\000o\000p\000\040\000Q\000u\000a\000n\000t\000u\000m\000\040\000G\000r\000a\000v\000i\000t\000y\000\040\000a\000n\000d\000\040\000S\000p\000i\000n\000\040\000F\000o\000a\000m\000s}{subsection.1.3}% 9
\BOOKMARK [2][-]{subsection.1.4}{\376\377\000E\000x\000t\000e\000n\000s\000i\000o\000n\000s\000\040\000t\000o\000\040\000R\000e\000l\000a\000t\000e\000d\000\040\000F\000r\000a\000m\000e\000w\000o\000r\000k\000s}{section.1}% 10
\BOOKMARK [3][-]{subsubsection.1.4.1}{\376\377\000N\000o\000n\000-\000C\000o\000m\000m\000u\000t\000a\000t\000i\000v\000e\000\040\000G\000e\000o\000m\000e\000t\000r\000y}{subsection.1.4}% 11
\BOOKMARK [3][-]{subsubsection.1.4.2}{\376\377\000H\000o\001\131\000a\000v\000a\000-\000L\000i\000f\000s\000h\000i\000t\000z\000\040\000G\000r\000a\000v\000i\000t\000y}{subsection.1.4}% 12
\BOOKMARK [3][-]{subsubsection.1.4.3}{\376\377\000C\000a\000u\000s\000a\000l\000\040\000S\000e\000t\000\040\000T\000h\000e\000o\000r\000y}{subsection.1.4}% 13
\BOOKMARK [3][-]{subsubsection.1.4.4}{\376\377\000S\000t\000r\000i\000n\000g\000\040\000T\000h\000e\000o\000r\000y\000\040\000a\000n\000d\000\040\000B\000r\000a\000n\000e\000\040\000W\000o\000r\000l\000d\000s}{subsection.1.4}% 14
\BOOKMARK [2][-]{subsection.1.5}{\376\377\000T\000h\000e\000o\000r\000e\000t\000i\000c\000a\000l\000\040\000S\000y\000n\000t\000h\000e\000s\000i\000s\000:\000\040\000T\000h\000e\000\040\000U\000n\000i\000v\000e\000r\000s\000a\000l\000\040\000F\000o\000r\000m\000u\000l\000a}{section.1}% 15
\BOOKMARK [2][-]{subsection.1.6}{\376\377\000O\000v\000e\000r\000v\000i\000e\000w\000\040\000o\000f\000\040\000T\000h\000i\000s\000\040\000R\000e\000v\000i\000e\000w}{section.1}% 16
\BOOKMARK [1][-]{section.2}{\376\377\000T\000h\000e\000o\000r\000e\000t\000i\000c\000a\000l\000\040\000F\000o\000u\000n\000d\000a\000t\000i\000o\000n\000s}{}% 17
\BOOKMARK [2][-]{subsection.2.1}{\376\377\000T\000h\000e\000\040\000H\000e\000a\000t\000\040\000K\000e\000r\000n\000e\000l\000\040\000o\000n\000\040\000R\000i\000e\000m\000a\000n\000n\000i\000a\000n\000\040\000M\000a\000n\000i\000f\000o\000l\000d\000s}{section.2}% 18
\BOOKMARK [3][-]{subsubsection.2.1.1}{\376\377\000G\000e\000o\000m\000e\000t\000r\000i\000c\000\040\000P\000r\000e\000l\000i\000m\000i\000n\000a\000r\000i\000e\000s}{subsection.2.1}% 19
\BOOKMARK [3][-]{subsubsection.2.1.2}{\376\377\000T\000h\000e\000\040\000L\000a\000p\000l\000a\000c\000e\000-\000B\000e\000l\000t\000r\000a\000m\000i\000\040\000O\000p\000e\000r\000a\000t\000o\000r}{subsection.2.1}% 20
\BOOKMARK [3][-]{subsubsection.2.1.3}{\376\377\000D\000e\000f\000i\000n\000i\000t\000i\000o\000n\000\040\000a\000n\000d\000\040\000P\000r\000o\000p\000e\000r\000t\000i\000e\000s\000\040\000o\000f\000\040\000t\000h\000e\000\040\000H\000e\000a\000t\000\040\000K\000e\000r\000n\000e\000l}{subsection.2.1}% 21
\BOOKMARK [3][-]{subsubsection.2.1.4}{\376\377\000S\000p\000e\000c\000t\000r\000a\000l\000\040\000R\000e\000p\000r\000e\000s\000e\000n\000t\000a\000t\000i\000o\000n}{subsection.2.1}% 22
\BOOKMARK [3][-]{subsubsection.2.1.5}{\376\377\000T\000h\000e\000\040\000H\000e\000a\000t\000\040\000K\000e\000r\000n\000e\000l\000\040\000T\000r\000a\000c\000e}{subsection.2.1}% 23
\BOOKMARK [2][-]{subsection.2.2}{\376\377\000T\000h\000e\000\040\000M\000i\000n\000a\000k\000s\000h\000i\000s\000u\000n\000d\000a\000r\000a\000m\000-\000P\000l\000e\000i\000j\000e\000l\000\040\000E\000x\000p\000a\000n\000s\000i\000o\000n}{section.2}% 24
\BOOKMARK [3][-]{subsubsection.2.2.1}{\376\377\000A\000s\000y\000m\000p\000t\000o\000t\000i\000c\000\040\000E\000x\000p\000a\000n\000s\000i\000o\000n\000\040\000T\000h\000e\000o\000r\000e\000m}{subsection.2.2}% 25
\BOOKMARK [3][-]{subsubsection.2.2.2}{\376\377\000P\000h\000y\000s\000i\000c\000a\000l\000\040\000I\000n\000t\000e\000r\000p\000r\000e\000t\000a\000t\000i\000o\000n\000\040\000o\000f\000\040\000C\000o\000e\000f\000f\000i\000c\000i\000e\000n\000t\000s}{subsection.2.2}% 26
\BOOKMARK [3][-]{subsubsection.2.2.3}{\376\377\000D\000e\000r\000i\000v\000a\000t\000i\000o\000n\000\040\000S\000k\000e\000t\000c\000h}{subsection.2.2}% 27
\BOOKMARK [2][-]{subsection.2.3}{\376\377\000S\000p\000e\000c\000t\000r\000a\000l\000\040\000D\000i\000m\000e\000n\000s\000i\000o\000n\000:\000\040\000D\000e\000f\000i\000n\000i\000t\000i\000o\000n\000\040\000a\000n\000d\000\040\000P\000r\000o\000p\000e\000r\000t\000i\000e\000s}{section.2}% 28
\BOOKMARK [3][-]{subsubsection.2.3.1}{\376\377\000D\000e\000f\000i\000n\000i\000t\000i\000o\000n}{subsection.2.3}% 29
\BOOKMARK [3][-]{subsubsection.2.3.2}{\376\377\000E\000l\000e\000m\000e\000n\000t\000a\000r\000y\000\040\000P\000r\000o\000p\000e\000r\000t\000i\000e\000s}{subsection.2.3}% 30
\BOOKMARK [3][-]{subsubsection.2.3.3}{\376\377\000E\000x\000a\000m\000p\000l\000e\000s\000\040\000o\000n\000\040\000S\000p\000e\000c\000i\000f\000i\000c\000\040\000G\000e\000o\000m\000e\000t\000r\000i\000e\000s}{subsection.2.3}% 31
\BOOKMARK [2][-]{subsection.2.4}{\376\377\000T\000h\000e\000\040\000U\000n\000i\000v\000e\000r\000s\000a\000l\000\040\000F\000o\000r\000m\000u\000l\000a\000:\000\040\000T\000h\000r\000e\000e\000\040\000D\000e\000r\000i\000v\000a\000t\000i\000o\000n\000s}{section.2}% 32
\BOOKMARK [3][-]{subsubsection.2.4.1}{\376\377\000D\000e\000r\000i\000v\000a\000t\000i\000o\000n\000\040\000I\000:\000\040\000I\000n\000f\000o\000r\000m\000a\000t\000i\000o\000n\000-\000T\000h\000e\000o\000r\000e\000t\000i\000c\000\040\000A\000p\000p\000r\000o\000a\000c\000h}{subsection.2.4}% 33
\BOOKMARK [3][-]{subsubsection.2.4.2}{\376\377\000D\000e\000r\000i\000v\000a\000t\000i\000o\000n\000\040\000I\000I\000:\000\040\000S\000t\000a\000t\000i\000s\000t\000i\000c\000a\000l\000\040\000M\000e\000c\000h\000a\000n\000i\000c\000s}{subsection.2.4}% 34
\BOOKMARK [3][-]{subsubsection.2.4.3}{\376\377\000D\000e\000r\000i\000v\000a\000t\000i\000o\000n\000\040\000I\000I\000I\000:\000\040\000H\000o\000l\000o\000g\000r\000a\000p\000h\000i\000c\000\040\000A\000p\000p\000r\000o\000a\000c\000h}{subsection.2.4}% 35
\BOOKMARK [2][-]{subsection.2.5}{\376\377\000C\000o\000m\000p\000a\000r\000i\000s\000o\000n\000\040\000w\000i\000t\000h\000\040\000A\000l\000t\000e\000r\000n\000a\000t\000i\000v\000e\000\040\000T\000h\000e\000o\000r\000i\000e\000s}{section.2}% 36
\BOOKMARK [2][-]{subsection.2.6}{\376\377\000A\000d\000v\000a\000n\000c\000e\000d\000\040\000T\000o\000p\000i\000c\000s\000\040\000i\000n\000\040\000H\000e\000a\000t\000\040\000K\000e\000r\000n\000e\000l\000\040\000T\000h\000e\000o\000r\000y}{section.2}% 37
\BOOKMARK [3][-]{subsubsection.2.6.1}{\376\377\000O\000f\000f\000-\000D\000i\000a\000g\000o\000n\000a\000l\000\040\000H\000e\000a\000t\000\040\000K\000e\000r\000n\000e\000l}{subsection.2.6}% 38
\BOOKMARK [3][-]{subsubsection.2.6.2}{\376\377\000H\000e\000a\000t\000\040\000K\000e\000r\000n\000e\000l\000\040\000o\000n\000\040\000M\000a\000n\000i\000f\000o\000l\000d\000s\000\040\000w\000i\000t\000h\000\040\000B\000o\000u\000n\000d\000a\000r\000y}{subsection.2.6}% 39
\BOOKMARK [3][-]{subsubsection.2.6.3}{\376\377\000Z\000e\000t\000a\000\040\000F\000u\000n\000c\000t\000i\000o\000n\000\040\000R\000e\000g\000u\000l\000a\000r\000i\000z\000a\000t\000i\000o\000n}{subsection.2.6}% 40
\BOOKMARK [2][-]{subsection.2.7}{\376\377\000M\000a\000t\000h\000e\000m\000a\000t\000i\000c\000a\000l\000\040\000R\000i\000g\000i\000d\000i\000t\000y\000\040\000o\000f\000\040\000t\000h\000e\000\040\000U\000n\000i\000v\000e\000r\000s\000a\000l\000\040\000F\000o\000r\000m\000u\000l\000a}{section.2}% 41
\BOOKMARK [3][-]{subsubsection.2.7.1}{\376\377\000U\000n\000i\000q\000u\000e\000n\000e\000s\000s\000\040\000T\000h\000e\000o\000r\000e\000m}{subsection.2.7}% 42
\BOOKMARK [3][-]{subsubsection.2.7.2}{\376\377\000C\000o\000n\000s\000t\000r\000a\000i\000n\000t\000s\000\040\000o\000n\000\040\000M\000o\000d\000i\000f\000i\000c\000a\000t\000i\000o\000n\000s}{subsection.2.7}% 43
\BOOKMARK [2][-]{subsection.2.8}{\376\377\000P\000h\000y\000s\000i\000c\000a\000l\000\040\000A\000p\000p\000l\000i\000c\000a\000t\000i\000o\000n\000s\000\040\000o\000f\000\040\000H\000e\000a\000t\000\040\000K\000e\000r\000n\000e\000l\000\040\000M\000e\000t\000h\000o\000d\000s}{section.2}% 44
\BOOKMARK [3][-]{subsubsection.2.8.1}{\376\377\000O\000n\000e\000-\000L\000o\000o\000p\000\040\000E\000f\000f\000e\000c\000t\000i\000v\000e\000\040\000A\000c\000t\000i\000o\000n}{subsection.2.8}% 45
\BOOKMARK [3][-]{subsubsection.2.8.2}{\376\377\000V\000a\000c\000u\000u\000m\000\040\000E\000n\000e\000r\000g\000y\000\040\000a\000n\000d\000\040\000C\000a\000s\000i\000m\000i\000r\000\040\000E\000f\000f\000e\000c\000t}{subsection.2.8}% 46
\BOOKMARK [3][-]{subsubsection.2.8.3}{\376\377\000A\000n\000o\000m\000a\000l\000i\000e\000s}{subsection.2.8}% 47
\BOOKMARK [2][-]{subsection.2.9}{\376\377\000E\000x\000a\000m\000p\000l\000e\000s\000\040\000a\000n\000d\000\040\000C\000o\000m\000p\000u\000t\000a\000t\000i\000o\000n\000s}{section.2}% 48
\BOOKMARK [3][-]{subsubsection.2.9.1}{\376\377\000F\000l\000a\000t\000\040\000T\000o\000r\000u\000s\000\040\000T\000d}{subsection.2.9}% 49
\BOOKMARK [3][-]{subsubsection.2.9.2}{\376\377\000S\000p\000h\000e\000r\000e\000\040\000S\0002}{subsection.2.9}% 50
\BOOKMARK [3][-]{subsubsection.2.9.3}{\376\377\000H\000y\000p\000e\000r\000b\000o\000l\000i\000c\000\040\000S\000p\000a\000c\000e\000\040\000H\000d}{subsection.2.9}% 51
\BOOKMARK [2][-]{subsection.2.10}{\376\377\000S\000u\000m\000m\000a\000r\000y}{section.2}% 52
\BOOKMARK [2][-]{subsection.2.11}{\376\377\000D\000e\000t\000a\000i\000l\000e\000d\000\040\000D\000e\000r\000i\000v\000a\000t\000i\000o\000n\000\040\000o\000f\000\040\000S\000e\000e\000l\000e\000y\000-\000D\000e\000W\000i\000t\000t\000\040\000C\000o\000e\000f\000f\000i\000c\000i\000e\000n\000t\000s}{section.2}% 53
\BOOKMARK [3][-]{subsubsection.2.11.1}{\376\377\000R\000e\000c\000u\000r\000s\000i\000o\000n\000\040\000R\000e\000l\000a\000t\000i\000o\000n\000s}{subsection.2.11}% 54
\BOOKMARK [3][-]{subsubsection.2.11.2}{\376\377\000F\000i\000r\000s\000t\000\040\000T\000h\000r\000e\000e\000\040\000C\000o\000e\000f\000f\000i\000c\000i\000e\000n\000t\000s}{subsection.2.11}% 55
\BOOKMARK [2][-]{subsection.2.12}{\376\377\000S\000p\000e\000c\000t\000r\000a\000l\000\040\000D\000i\000m\000e\000n\000s\000i\000o\000n\000\040\000i\000n\000\040\000Q\000u\000a\000n\000t\000u\000m\000\040\000F\000i\000e\000l\000d\000\040\000T\000h\000e\000o\000r\000y}{section.2}% 56
\BOOKMARK [3][-]{subsubsection.2.12.1}{\376\377\000E\000f\000f\000e\000c\000t\000i\000v\000e\000\040\000F\000i\000e\000l\000d\000\040\000T\000h\000e\000o\000r\000y\000\040\000P\000e\000r\000s\000p\000e\000c\000t\000i\000v\000e}{subsection.2.12}% 57
\BOOKMARK [3][-]{subsubsection.2.12.2}{\376\377\000R\000u\000n\000n\000i\000n\000g\000\040\000D\000i\000m\000e\000n\000s\000i\000o\000n\000\040\000f\000r\000o\000m\000\040\000R\000e\000n\000o\000r\000m\000a\000l\000i\000z\000a\000t\000i\000o\000n\000\040\000G\000r\000o\000u\000p}{subsection.2.12}% 58
\BOOKMARK [2][-]{subsection.2.13}{\376\377\000C\000o\000n\000n\000e\000c\000t\000i\000o\000n\000\040\000t\000o\000\040\000R\000a\000n\000d\000o\000m\000\040\000M\000a\000t\000r\000i\000x\000\040\000T\000h\000e\000o\000r\000y}{section.2}% 59
\BOOKMARK [3][-]{subsubsection.2.13.1}{\376\377\000S\000p\000e\000c\000t\000r\000a\000l\000\040\000F\000o\000r\000m\000\040\000F\000a\000c\000t\000o\000r}{subsection.2.13}% 60
\BOOKMARK [3][-]{subsubsection.2.13.2}{\376\377\0002\000D\000\040\000G\000r\000a\000v\000i\000t\000y\000\040\000a\000n\000d\000\040\000M\000a\000t\000r\000i\000x\000\040\000M\000o\000d\000e\000l\000s}{subsection.2.13}% 61
\BOOKMARK [2][-]{subsection.2.14}{\376\377\000N\000o\000n\000-\000C\000o\000m\000m\000u\000t\000a\000t\000i\000v\000e\000\040\000G\000e\000o\000m\000e\000t\000r\000y\000\040\000a\000n\000d\000\040\000S\000p\000e\000c\000t\000r\000a\000l\000\040\000D\000i\000m\000e\000n\000s\000i\000o\000n}{section.2}% 62
\BOOKMARK [3][-]{subsubsection.2.14.1}{\376\377\000S\000p\000e\000c\000t\000r\000a\000l\000\040\000T\000r\000i\000p\000l\000e\000s}{subsection.2.14}% 63
\BOOKMARK [3][-]{subsubsection.2.14.2}{\376\377\000D\000i\000x\000m\000i\000e\000r\000\040\000T\000r\000a\000c\000e\000\040\000a\000n\000d\000\040\000I\000n\000t\000e\000g\000r\000a\000t\000i\000o\000n}{subsection.2.14}% 64
\BOOKMARK [2][-]{subsection.2.15}{\376\377\000F\000r\000a\000c\000t\000a\000l\000\040\000G\000e\000o\000m\000e\000t\000r\000y\000\040\000a\000n\000d\000\040\000D\000i\000m\000e\000n\000s\000i\000o\000n\000\040\000F\000l\000o\000w}{section.2}% 65
\BOOKMARK [3][-]{subsubsection.2.15.1}{\376\377\000S\000i\000e\000r\000p\000i\000n\000s\000k\000i\000\040\000G\000a\000s\000k\000e\000t}{subsection.2.15}% 66
\BOOKMARK [3][-]{subsubsection.2.15.2}{\376\377\000S\000c\000a\000l\000e\000-\000D\000e\000p\000e\000n\000d\000e\000n\000t\000\040\000D\000i\000m\000e\000n\000s\000i\000o\000n}{subsection.2.15}% 67
\BOOKMARK [2][-]{subsection.2.16}{\376\377\000M\000a\000t\000h\000e\000m\000a\000t\000i\000c\000a\000l\000\040\000P\000r\000o\000o\000f\000s\000\040\000a\000n\000d\000\040\000R\000i\000g\000o\000r\000o\000u\000s\000\040\000R\000e\000s\000u\000l\000t\000s}{section.2}% 68
\BOOKMARK [3][-]{subsubsection.2.16.1}{\376\377\000W\000e\000y\000l\000\040\000L\000a\000w\000\040\000w\000i\000t\000h\000\040\000R\000e\000m\000a\000i\000n\000d\000e\000r}{subsection.2.16}% 69
\BOOKMARK [3][-]{subsubsection.2.16.2}{\376\377\000H\000e\000a\000t\000\040\000K\000e\000r\000n\000e\000l\000\040\000B\000o\000u\000n\000d\000s}{subsection.2.16}% 70
\BOOKMARK [3][-]{subsubsection.2.16.3}{\376\377\000L\000i\000-\000Y\000a\000u\000\040\000E\000s\000t\000i\000m\000a\000t\000e\000s}{subsection.2.16}% 71
\BOOKMARK [2][-]{subsection.2.17}{\376\377\000C\000o\000m\000p\000u\000t\000a\000t\000i\000o\000n\000a\000l\000\040\000M\000e\000t\000h\000o\000d\000s}{section.2}% 72
\BOOKMARK [3][-]{subsubsection.2.17.1}{\376\377\000F\000i\000n\000i\000t\000e\000\040\000E\000l\000e\000m\000e\000n\000t\000\040\000M\000e\000t\000h\000o\000d\000s}{subsection.2.17}% 73
\BOOKMARK [3][-]{subsubsection.2.17.2}{\376\377\000S\000p\000e\000c\000t\000r\000a\000l\000\040\000M\000e\000t\000h\000o\000d\000s}{subsection.2.17}% 74
\BOOKMARK [3][-]{subsubsection.2.17.3}{\376\377\000M\000o\000n\000t\000e\000\040\000C\000a\000r\000l\000o\000\040\000M\000e\000t\000h\000o\000d\000s}{subsection.2.17}% 75
\BOOKMARK [2][-]{subsection.2.18}{\376\377\000R\000e\000l\000a\000t\000e\000d\000\040\000F\000r\000a\000m\000e\000w\000o\000r\000k\000s\000\040\000a\000n\000d\000\040\000A\000l\000t\000e\000r\000n\000a\000t\000i\000v\000e\000\040\000A\000p\000p\000r\000o\000a\000c\000h\000e\000s}{section.2}% 76
\BOOKMARK [3][-]{subsubsection.2.18.1}{\376\377\000G\000e\000n\000e\000r\000a\000l\000i\000z\000e\000d\000\040\000U\000n\000c\000e\000r\000t\000a\000i\000n\000t\000y\000\040\000P\000r\000i\000n\000c\000i\000p\000l\000e\000\040\000\050\000G\000U\000P\000\051\000\040\000A\000p\000p\000r\000o\000a\000c\000h\000e\000s}{subsection.2.18}% 77
\BOOKMARK [3][-]{subsubsection.2.18.2}{\376\377\000D\000o\000u\000b\000l\000y\000\040\000S\000p\000e\000c\000i\000a\000l\000\040\000R\000e\000l\000a\000t\000i\000v\000i\000t\000y\000\040\000\050\000D\000S\000R\000\051}{subsection.2.18}% 78
\BOOKMARK [3][-]{subsubsection.2.18.3}{\376\377\000C\000o\000n\000d\000e\000n\000s\000e\000d\000\040\000M\000a\000t\000t\000e\000r\000\040\000A\000n\000a\000l\000o\000g\000u\000e\000s}{subsection.2.18}% 79
\BOOKMARK [3][-]{subsubsection.2.18.4}{\376\377\000E\000n\000t\000r\000o\000p\000i\000c\000\040\000G\000r\000a\000v\000i\000t\000y\000\040\000a\000n\000d\000\040\000E\000m\000e\000r\000g\000e\000n\000t\000\040\000S\000p\000a\000c\000e\000t\000i\000m\000e}{subsection.2.18}% 80
\BOOKMARK [3][-]{subsubsection.2.18.5}{\376\377\000N\000o\000n\000-\000L\000o\000c\000a\000l\000\040\000G\000r\000a\000v\000i\000t\000y\000\040\000a\000n\000d\000\040\000I\000n\000f\000i\000n\000i\000t\000e\000\040\000D\000e\000r\000i\000v\000a\000t\000i\000v\000e\000\040\000T\000h\000e\000o\000r\000i\000e\000s}{subsection.2.18}% 81
\BOOKMARK [3][-]{subsubsection.2.18.6}{\376\377\000C\000o\000m\000p\000a\000r\000i\000s\000o\000n\000\040\000a\000n\000d\000\040\000C\000r\000i\000t\000i\000c\000a\000l\000\040\000A\000s\000s\000e\000s\000s\000m\000e\000n\000t}{subsection.2.18}% 82
\BOOKMARK [3][-]{subsubsection.2.18.7}{\376\377\000L\000i\000m\000i\000t\000a\000t\000i\000o\000n\000s\000\040\000a\000n\000d\000\040\000O\000p\000e\000n\000\040\000Q\000u\000e\000s\000t\000i\000o\000n\000s}{subsection.2.18}% 83
\BOOKMARK [1][-]{section.3}{\376\377\000T\000h\000e\000\040\000T\000h\000r\000e\000e\000-\000S\000y\000s\000t\000e\000m\000\040\000C\000o\000r\000r\000e\000s\000p\000o\000n\000d\000e\000n\000c\000e}{}% 84
\BOOKMARK [2][-]{subsection.3.1}{\376\377\000M\000a\000t\000h\000e\000m\000a\000t\000i\000c\000a\000l\000\040\000F\000r\000a\000m\000e\000w\000o\000r\000k\000\040\000o\000f\000\040\000C\000o\000n\000s\000t\000r\000a\000i\000n\000e\000d\000\040\000D\000y\000n\000a\000m\000i\000c\000s}{section.3}% 85
\BOOKMARK [3][-]{subsubsection.3.1.1}{\376\377\000D\000i\000r\000a\000c\000-\000B\000e\000r\000g\000m\000a\000n\000n\000\040\000T\000h\000e\000o\000r\000y}{subsection.3.1}% 86
\BOOKMARK [3][-]{subsubsection.3.1.2}{\376\377\000E\000f\000f\000e\000c\000t\000i\000v\000e\000\040\000P\000h\000a\000s\000e\000\040\000S\000p\000a\000c\000e\000\040\000R\000e\000d\000u\000c\000t\000i\000o\000n}{subsection.3.1}% 87
\BOOKMARK [3][-]{subsubsection.3.1.3}{\376\377\000C\000o\000n\000n\000e\000c\000t\000i\000o\000n\000\040\000t\000o\000\040\000D\000i\000m\000e\000n\000s\000i\000o\000n\000\040\000F\000l\000o\000w}{subsection.3.1}% 88
\BOOKMARK [2][-]{subsection.3.2}{\376\377\000R\000o\000t\000a\000t\000i\000n\000g\000\040\000S\000y\000s\000t\000e\000m\000s\000:\000\040\000C\000e\000n\000t\000r\000i\000f\000u\000g\000a\000l\000\040\000C\000o\000n\000f\000i\000n\000e\000m\000e\000n\000t}{section.3}% 89
\BOOKMARK [3][-]{subsubsection.3.2.1}{\376\377\000C\000l\000a\000s\000s\000i\000c\000a\000l\000\040\000D\000y\000n\000a\000m\000i\000c\000s\000\040\000i\000n\000\040\000R\000o\000t\000a\000t\000i\000n\000g\000\040\000F\000r\000a\000m\000e\000s}{subsection.3.2}% 90
\BOOKMARK [3][-]{subsubsection.3.2.2}{\376\377\000C\000e\000n\000t\000r\000i\000f\000u\000g\000a\000l\000\040\000P\000o\000t\000e\000n\000t\000i\000a\000l\000\040\000a\000n\000d\000\040\000C\000o\000n\000f\000i\000n\000e\000m\000e\000n\000t}{subsection.3.2}% 91
\BOOKMARK [3][-]{subsubsection.3.2.3}{\376\377\000D\000i\000f\000f\000u\000s\000i\000o\000n\000\040\000E\000q\000u\000a\000t\000i\000o\000n\000\040\000i\000n\000\040\000R\000o\000t\000a\000t\000i\000n\000g\000\040\000S\000y\000s\000t\000e\000m\000s}{subsection.3.2}% 92
\BOOKMARK [3][-]{subsubsection.3.2.4}{\376\377\000S\000p\000e\000c\000t\000r\000a\000l\000\040\000D\000i\000m\000e\000n\000s\000i\000o\000n\000\040\000A\000n\000a\000l\000y\000s\000i\000s}{subsection.3.2}% 93
\BOOKMARK [3][-]{subsubsection.3.2.5}{\376\377\000E\000x\000p\000e\000r\000i\000m\000e\000n\000t\000a\000l\000\040\000R\000e\000a\000l\000i\000z\000a\000t\000i\000o\000n\000s}{subsection.3.2}% 94
\BOOKMARK [2][-]{subsection.3.3}{\376\377\000B\000l\000a\000c\000k\000\040\000H\000o\000l\000e\000s\000:\000\040\000G\000r\000a\000v\000i\000t\000a\000t\000i\000o\000n\000a\000l\000\040\000C\000o\000n\000f\000i\000n\000e\000m\000e\000n\000t}{section.3}% 95
\BOOKMARK [3][-]{subsubsection.3.3.1}{\376\377\000T\000h\000e\000\040\000S\000c\000h\000w\000a\000r\000z\000s\000c\000h\000i\000l\000d\000\040\000G\000e\000o\000m\000e\000t\000r\000y}{subsection.3.3}% 96
\BOOKMARK [3][-]{subsubsection.3.3.2}{\376\377\000T\000o\000r\000t\000o\000i\000s\000e\000\040\000C\000o\000o\000r\000d\000i\000n\000a\000t\000e\000s}{subsection.3.3}% 97
\BOOKMARK [3][-]{subsubsection.3.3.3}{\376\377\000N\000e\000a\000r\000-\000H\000o\000r\000i\000z\000o\000n\000\040\000G\000e\000o\000m\000e\000t\000r\000y}{subsection.3.3}% 98
\BOOKMARK [3][-]{subsubsection.3.3.4}{\376\377\000K\000l\000e\000i\000n\000-\000G\000o\000r\000d\000o\000n\000\040\000E\000q\000u\000a\000t\000i\000o\000n}{subsection.3.3}% 99
\BOOKMARK [3][-]{subsubsection.3.3.5}{\376\377\000N\000e\000a\000r\000-\000H\000o\000r\000i\000z\000o\000n\000\040\000W\000a\000v\000e\000\040\000E\000q\000u\000a\000t\000i\000o\000n}{subsection.3.3}% 100
\BOOKMARK [3][-]{subsubsection.3.3.6}{\376\377\000H\000e\000a\000t\000\040\000K\000e\000r\000n\000e\000l\000\040\000a\000n\000d\000\040\000S\000p\000e\000c\000t\000r\000a\000l\000\040\000D\000i\000m\000e\000n\000s\000i\000o\000n}{subsection.3.3}% 101
\BOOKMARK [3][-]{subsubsection.3.3.7}{\376\377\000K\000e\000r\000r\000\040\000B\000l\000a\000c\000k\000\040\000H\000o\000l\000e\000s}{subsection.3.3}% 102
\BOOKMARK [3][-]{subsubsection.3.3.8}{\376\377\000E\000x\000t\000r\000e\000m\000a\000l\000\040\000B\000l\000a\000c\000k\000\040\000H\000o\000l\000e\000s}{subsection.3.3}% 103
\BOOKMARK [2][-]{subsection.3.4}{\376\377\000Q\000u\000a\000n\000t\000u\000m\000\040\000G\000r\000a\000v\000i\000t\000y\000:\000\040\000G\000e\000o\000m\000e\000t\000r\000i\000c\000\040\000C\000o\000n\000s\000t\000r\000a\000i\000n\000t\000s}{section.3}% 104
\BOOKMARK [3][-]{subsubsection.3.4.1}{\376\377\000T\000h\000e\000\040\000P\000l\000a\000n\000c\000k\000\040\000S\000c\000a\000l\000e}{subsection.3.4}% 105
\BOOKMARK [3][-]{subsubsection.3.4.2}{\376\377\000C\000a\000u\000s\000a\000l\000\040\000D\000y\000n\000a\000m\000i\000c\000a\000l\000\040\000T\000r\000i\000a\000n\000g\000u\000l\000a\000t\000i\000o\000n\000s}{subsection.3.4}% 106
\BOOKMARK [3][-]{subsubsection.3.4.3}{\376\377\000A\000s\000y\000m\000p\000t\000o\000t\000i\000c\000\040\000S\000a\000f\000e\000t\000y}{subsection.3.4}% 107
\BOOKMARK [3][-]{subsubsection.3.4.4}{\376\377\000L\000o\000o\000p\000\040\000Q\000u\000a\000n\000t\000u\000m\000\040\000G\000r\000a\000v\000i\000t\000y}{subsection.3.4}% 108
\BOOKMARK [2][-]{subsection.3.5}{\376\377\000T\000h\000e\000\040\000U\000n\000i\000v\000e\000r\000s\000a\000l\000\040\000C\000o\000n\000s\000t\000r\000a\000i\000n\000t\000\040\000M\000e\000c\000h\000a\000n\000i\000s\000m}{section.3}% 109
\BOOKMARK [3][-]{subsubsection.3.5.1}{\376\377\000S\000u\000m\000m\000a\000r\000y\000\040\000T\000a\000b\000l\000e}{subsection.3.5}% 110
\BOOKMARK [3][-]{subsubsection.3.5.2}{\376\377\000E\000f\000f\000e\000c\000t\000i\000v\000e\000\040\000A\000c\000t\000i\000o\000n\000\040\000U\000n\000i\000f\000i\000c\000a\000t\000i\000o\000n}{subsection.3.5}% 111
\BOOKMARK [3][-]{subsubsection.3.5.3}{\376\377\000D\000e\000e\000p\000\040\000S\000t\000r\000u\000c\000t\000u\000r\000e}{subsection.3.5}% 112
\BOOKMARK [2][-]{subsection.3.6}{\376\377\000D\000e\000t\000a\000i\000l\000e\000d\000\040\000A\000n\000a\000l\000y\000s\000i\000s\000\040\000o\000f\000\040\000R\000o\000t\000a\000t\000i\000n\000g\000\040\000S\000y\000s\000t\000e\000m\000s}{section.3}% 113
\BOOKMARK [3][-]{subsubsection.3.6.1}{\376\377\000E\000c\000k\000a\000r\000t\000\040\000v\000e\000r\000s\000u\000s\000\040\000L\000a\000n\000d\000a\000u\000-\000L\000i\000f\000s\000h\000i\000t\000z\000\040\000F\000r\000a\000m\000e\000s}{subsection.3.6}% 114
\BOOKMARK [3][-]{subsubsection.3.6.2}{\376\377\000V\000o\000r\000t\000i\000c\000i\000t\000y\000\040\000a\000n\000d\000\040\000H\000e\000l\000i\000c\000i\000t\000y}{subsection.3.6}% 115
\BOOKMARK [3][-]{subsubsection.3.6.3}{\376\377\000A\000c\000o\000u\000s\000t\000i\000c\000\040\000G\000e\000o\000m\000e\000t\000r\000y}{subsection.3.6}% 116
\BOOKMARK [2][-]{subsection.3.7}{\376\377\000Q\000u\000a\000n\000t\000u\000m\000\040\000A\000s\000p\000e\000c\000t\000s\000\040\000o\000f\000\040\000B\000l\000a\000c\000k\000\040\000H\000o\000l\000e\000\040\000P\000h\000y\000s\000i\000c\000s}{section.3}% 117
\BOOKMARK [3][-]{subsubsection.3.7.1}{\376\377\000H\000a\000w\000k\000i\000n\000g\000\040\000R\000a\000d\000i\000a\000t\000i\000o\000n}{subsection.3.7}% 118
\BOOKMARK [3][-]{subsubsection.3.7.2}{\376\377\000G\000r\000e\000y\000b\000o\000d\000y\000\040\000F\000a\000c\000t\000o\000r\000s}{subsection.3.7}% 119
\BOOKMARK [3][-]{subsubsection.3.7.3}{\376\377\000E\000n\000t\000a\000n\000g\000l\000e\000m\000e\000n\000t\000\040\000E\000n\000t\000r\000o\000p\000y}{subsection.3.7}% 120
\BOOKMARK [2][-]{subsection.3.8}{\376\377\000Q\000u\000a\000n\000t\000u\000m\000\040\000G\000r\000a\000v\000i\000t\000y\000\040\000A\000p\000p\000r\000o\000a\000c\000h\000e\000s\000\040\000i\000n\000\040\000D\000e\000t\000a\000i\000l}{section.3}% 121
\BOOKMARK [3][-]{subsubsection.3.8.1}{\376\377\000C\000D\000T\000\040\000P\000h\000a\000s\000e\000\040\000S\000t\000r\000u\000c\000t\000u\000r\000e}{subsection.3.8}% 122
\BOOKMARK [3][-]{subsubsection.3.8.2}{\376\377\000A\000s\000y\000m\000p\000t\000o\000t\000i\000c\000\040\000S\000a\000f\000e\000t\000y\000:\000\040\000T\000r\000u\000n\000c\000a\000t\000i\000o\000n\000s}{subsection.3.8}% 123
\BOOKMARK [3][-]{subsubsection.3.8.3}{\376\377\000L\000Q\000G\000:\000\040\000S\000p\000i\000n\000\040\000N\000e\000t\000w\000o\000r\000k\000\040\000S\000t\000a\000t\000e\000s}{subsection.3.8}% 124
\BOOKMARK [2][-]{subsection.3.9}{\376\377\000M\000a\000t\000h\000e\000m\000a\000t\000i\000c\000a\000l\000\040\000C\000o\000n\000n\000e\000c\000t\000i\000o\000n\000s}{section.3}% 125
\BOOKMARK [3][-]{subsubsection.3.9.1}{\376\377\000I\000n\000d\000e\000x\000\040\000T\000h\000e\000o\000r\000e\000m\000s}{subsection.3.9}% 126
\BOOKMARK [3][-]{subsubsection.3.9.2}{\376\377\000N\000o\000n\000-\000C\000o\000m\000m\000u\000t\000a\000t\000i\000v\000e\000\040\000G\000e\000o\000m\000e\000t\000r\000y}{subsection.3.9}% 127
\BOOKMARK [2][-]{subsection.3.10}{\376\377\000P\000h\000e\000n\000o\000m\000e\000n\000o\000l\000o\000g\000i\000c\000a\000l\000\040\000I\000m\000p\000l\000i\000c\000a\000t\000i\000o\000n\000s}{section.3}% 128
\BOOKMARK [3][-]{subsubsection.3.10.1}{\376\377\000T\000e\000s\000t\000s\000\040\000i\000n\000\040\000T\000a\000b\000l\000e\000t\000o\000p\000\040\000E\000x\000p\000e\000r\000i\000m\000e\000n\000t\000s}{subsection.3.10}% 129
\BOOKMARK [3][-]{subsubsection.3.10.2}{\376\377\000A\000s\000t\000r\000o\000p\000h\000y\000s\000i\000c\000a\000l\000\040\000S\000i\000g\000n\000a\000t\000u\000r\000e\000s}{subsection.3.10}% 130
\BOOKMARK [2][-]{subsection.3.11}{\376\377\000C\000o\000n\000n\000e\000c\000t\000i\000o\000n\000s\000\040\000t\000o\000\040\000O\000t\000h\000e\000r\000\040\000P\000h\000y\000s\000i\000c\000a\000l\000\040\000S\000y\000s\000t\000e\000m\000s}{section.3}% 131
\BOOKMARK [3][-]{subsubsection.3.11.1}{\376\377\000S\000t\000r\000a\000n\000g\000e\000\040\000M\000e\000t\000a\000l\000s}{subsection.3.11}% 132
\BOOKMARK [3][-]{subsubsection.3.11.2}{\376\377\000H\000e\000a\000v\000y\000\040\000F\000e\000r\000m\000i\000o\000n\000\040\000S\000y\000s\000t\000e\000m\000s}{subsection.3.11}% 133
\BOOKMARK [2][-]{subsection.3.12}{\376\377\000S\000u\000m\000m\000a\000r\000y\000\040\000a\000n\000d\000\040\000O\000p\000e\000n\000\040\000Q\000u\000e\000s\000t\000i\000o\000n\000s}{section.3}% 134
\BOOKMARK [1][-]{section.4}{\376\377\000E\000x\000p\000e\000r\000i\000m\000e\000n\000t\000a\000l\000\040\000a\000n\000d\000\040\000N\000u\000m\000e\000r\000i\000c\000a\000l\000\040\000E\000v\000i\000d\000e\000n\000c\000e}{}% 135
\BOOKMARK [2][-]{subsection.4.1}{\376\377\000N\000u\000m\000e\000r\000i\000c\000a\000l\000\040\000S\000t\000u\000d\000i\000e\000s\000\040\000o\000f\000\040\000H\000y\000p\000e\000r\000b\000o\000l\000i\000c\000\040\000M\000a\000n\000i\000f\000o\000l\000d\000s}{section.4}% 136
\BOOKMARK [3][-]{subsubsection.4.1.1}{\376\377\000M\000a\000t\000h\000e\000m\000a\000t\000i\000c\000a\000l\000\040\000F\000r\000a\000m\000e\000w\000o\000r\000k}{subsection.4.1}% 137
\BOOKMARK [3][-]{subsubsection.4.1.2}{\376\377\000C\000o\000m\000p\000u\000t\000a\000t\000i\000o\000n\000a\000l\000\040\000M\000e\000t\000h\000o\000d\000s}{subsection.4.1}% 138
\BOOKMARK [3][-]{subsubsection.4.1.3}{\376\377\000R\000e\000s\000u\000l\000t\000s\000\040\000f\000r\000o\000m\000\040\000L\000i\000t\000e\000r\000a\000t\000u\000r\000e}{subsection.4.1}% 139
\BOOKMARK [3][-]{subsubsection.4.1.4}{\376\377\000S\000y\000s\000t\000e\000m\000a\000t\000i\000c\000\040\000U\000n\000c\000e\000r\000t\000a\000i\000n\000t\000i\000e\000s}{subsection.4.1}% 140
\BOOKMARK [2][-]{subsection.4.2}{\376\377\000E\000x\000c\000i\000t\000o\000n\000i\000c\000\040\000S\000y\000s\000t\000e\000m\000s\000\040\000a\000n\000d\000\040\000A\000t\000o\000m\000i\000c\000\040\000S\000p\000e\000c\000t\000r\000o\000s\000c\000o\000p\000y}{section.4}% 141
\BOOKMARK [3][-]{subsubsection.4.2.1}{\376\377\000C\000u\000p\000r\000o\000u\000s\000\040\000O\000x\000i\000d\000e\000\040\000\050\000C\000u\0002\000O\000\051}{subsection.4.2}% 142
\BOOKMARK [3][-]{subsubsection.4.2.2}{\376\377\000E\000x\000p\000e\000r\000i\000m\000e\000n\000t\000a\000l\000\040\000R\000e\000s\000u\000l\000t\000s}{subsection.4.2}% 143
\BOOKMARK [3][-]{subsubsection.4.2.3}{\376\377\000O\000t\000h\000e\000r\000\040\000M\000a\000t\000e\000r\000i\000a\000l\000s}{subsection.4.2}% 144
\BOOKMARK [2][-]{subsection.4.3}{\376\377\000Q\000u\000a\000n\000t\000u\000m\000\040\000S\000i\000m\000u\000l\000a\000t\000i\000o\000n\000s}{section.4}% 145
\BOOKMARK [3][-]{subsubsection.4.3.1}{\376\377\000H\000y\000d\000r\000o\000g\000e\000n\000\040\000i\000n\000\040\000F\000r\000a\000c\000t\000i\000o\000n\000a\000l\000\040\000D\000i\000m\000e\000n\000s\000i\000o\000n\000s}{subsection.4.3}% 146
\BOOKMARK [3][-]{subsubsection.4.3.2}{\376\377\000Q\000u\000a\000n\000t\000u\000m\000\040\000M\000o\000n\000t\000e\000\040\000C\000a\000r\000l\000o\000\040\000M\000e\000t\000h\000o\000d\000s}{subsection.4.3}% 147
\BOOKMARK [3][-]{subsubsection.4.3.3}{\376\377\000R\000e\000s\000u\000l\000t\000s}{subsection.4.3}% 148
\BOOKMARK [2][-]{subsection.4.4}{\376\377\000S\000u\000m\000m\000a\000r\000y\000\040\000o\000f\000\040\000E\000v\000i\000d\000e\000n\000c\000e}{section.4}% 149
\BOOKMARK [2][-]{subsection.4.5}{\376\377\000D\000e\000t\000a\000i\000l\000e\000d\000\040\000A\000n\000a\000l\000y\000s\000i\000s\000\040\000o\000f\000\040\000H\000y\000p\000e\000r\000b\000o\000l\000i\000c\000\040\000M\000a\000n\000i\000f\000o\000l\000d\000\040\000R\000e\000s\000u\000l\000t\000s}{section.4}% 150
\BOOKMARK [3][-]{subsubsection.4.5.1}{\376\377\000T\000h\000e\000\040\000S\000n\000a\000p\000P\000y\000\040\000C\000e\000n\000s\000u\000s}{subsection.4.5}% 151
\BOOKMARK [3][-]{subsubsection.4.5.2}{\376\377\000S\000p\000e\000c\000t\000r\000a\000l\000\040\000A\000n\000a\000l\000y\000s\000i\000s\000\040\000P\000i\000p\000e\000l\000i\000n\000e}{subsection.4.5}% 152
\BOOKMARK [3][-]{subsubsection.4.5.3}{\376\377\000S\000t\000a\000t\000i\000s\000t\000i\000c\000a\000l\000\040\000A\000n\000a\000l\000y\000s\000i\000s}{subsection.4.5}% 153
\BOOKMARK [2][-]{subsection.4.6}{\376\377\000A\000t\000o\000m\000i\000c\000\040\000P\000h\000y\000s\000i\000c\000s\000\040\000E\000x\000p\000e\000r\000i\000m\000e\000n\000t\000s}{section.4}% 154
\BOOKMARK [3][-]{subsubsection.4.6.1}{\376\377\000E\000x\000c\000i\000t\000o\000n\000\040\000P\000h\000y\000s\000i\000c\000s\000\040\000i\000n\000\040\000D\000e\000t\000a\000i\000l}{subsection.4.6}% 155
\BOOKMARK [3][-]{subsubsection.4.6.2}{\376\377\000C\000e\000n\000t\000r\000a\000l\000\040\000C\000e\000l\000l\000\040\000C\000o\000r\000r\000e\000c\000t\000i\000o\000n\000s}{subsection.4.6}% 156
\BOOKMARK [3][-]{subsubsection.4.6.3}{\376\377\000E\000x\000p\000e\000r\000i\000m\000e\000n\000t\000a\000l\000\040\000T\000e\000c\000h\000n\000i\000q\000u\000e\000s}{subsection.4.6}% 157
\BOOKMARK [2][-]{subsection.4.7}{\376\377\000Q\000u\000a\000n\000t\000u\000m\000\040\000M\000o\000n\000t\000e\000\040\000C\000a\000r\000l\000o\000\040\000M\000e\000t\000h\000o\000d\000o\000l\000o\000g\000y}{section.4}% 158
\BOOKMARK [3][-]{subsubsection.4.7.1}{\376\377\000D\000i\000f\000f\000u\000s\000i\000o\000n\000\040\000M\000o\000n\000t\000e\000\040\000C\000a\000r\000l\000o}{subsection.4.7}% 159
\BOOKMARK [3][-]{subsubsection.4.7.2}{\376\377\000P\000a\000t\000h\000\040\000I\000n\000t\000e\000g\000r\000a\000l\000\040\000M\000o\000n\000t\000e\000\040\000C\000a\000r\000l\000o}{subsection.4.7}% 160
\BOOKMARK [3][-]{subsubsection.4.7.3}{\376\377\000C\000o\000m\000p\000u\000t\000a\000t\000i\000o\000n\000a\000l\000\040\000S\000c\000a\000l\000i\000n\000g}{subsection.4.7}% 161
\BOOKMARK [2][-]{subsection.4.8}{\376\377\000C\000o\000s\000m\000o\000l\000o\000g\000i\000c\000a\000l\000\040\000a\000n\000d\000\040\000A\000s\000t\000r\000o\000p\000h\000y\000s\000i\000c\000a\000l\000\040\000C\000o\000n\000s\000t\000r\000a\000i\000n\000t\000s}{section.4}% 162
\BOOKMARK [3][-]{subsubsection.4.8.1}{\376\377\000P\000r\000i\000m\000o\000r\000d\000i\000a\000l\000\040\000P\000o\000w\000e\000r\000\040\000S\000p\000e\000c\000t\000r\000u\000m}{subsection.4.8}% 163
\BOOKMARK [3][-]{subsubsection.4.8.2}{\376\377\000G\000r\000a\000v\000i\000t\000a\000t\000i\000o\000n\000a\000l\000\040\000W\000a\000v\000e\000\040\000P\000r\000o\000p\000a\000g\000a\000t\000i\000o\000n}{subsection.4.8}% 164
\BOOKMARK [2][-]{subsection.4.9}{\376\377\000C\000r\000i\000t\000i\000c\000a\000l\000\040\000A\000s\000s\000e\000s\000s\000m\000e\000n\000t}{section.4}% 165
\BOOKMARK [3][-]{subsubsection.4.9.1}{\376\377\000A\000l\000t\000e\000r\000n\000a\000t\000i\000v\000e\000\040\000I\000n\000t\000e\000r\000p\000r\000e\000t\000a\000t\000i\000o\000n\000s}{subsection.4.9}% 166
\BOOKMARK [3][-]{subsubsection.4.9.2}{\376\377\000F\000u\000t\000u\000r\000e\000\040\000P\000r\000o\000s\000p\000e\000c\000t\000s}{subsection.4.9}% 167
\BOOKMARK [2][-]{subsection.4.10}{\376\377\000C\000o\000m\000p\000a\000r\000i\000s\000o\000n\000\040\000o\000f\000\040\000E\000x\000p\000e\000r\000i\000m\000e\000n\000t\000a\000l\000\040\000M\000e\000t\000h\000o\000d\000s}{section.4}% 168
\BOOKMARK [3][-]{subsubsection.4.10.1}{\376\377\000P\000r\000e\000c\000i\000s\000i\000o\000n\000\040\000a\000n\000d\000\040\000S\000y\000s\000t\000e\000m\000a\000t\000i\000c\000s}{subsection.4.10}% 169
\BOOKMARK [3][-]{subsubsection.4.10.2}{\376\377\000C\000o\000m\000p\000l\000e\000m\000e\000n\000t\000a\000r\000i\000t\000y}{subsection.4.10}% 170
\BOOKMARK [2][-]{subsection.4.11}{\376\377\000G\000l\000o\000b\000a\000l\000\040\000A\000n\000a\000l\000y\000s\000i\000s}{section.4}% 171
\BOOKMARK [3][-]{subsubsection.4.11.1}{\376\377\000C\000o\000m\000b\000i\000n\000e\000d\000\040\000F\000i\000t}{subsection.4.11}% 172
\BOOKMARK [3][-]{subsubsection.4.11.2}{\376\377\000G\000o\000o\000d\000n\000e\000s\000s\000\040\000o\000f\000\040\000F\000i\000t}{subsection.4.11}% 173
\BOOKMARK [1][-]{section.5}{\376\377\000C\000r\000i\000t\000i\000c\000a\000l\000\040\000C\000o\000m\000p\000a\000r\000i\000s\000o\000n\000\040\000w\000i\000t\000h\000\040\000A\000l\000t\000e\000r\000n\000a\000t\000i\000v\000e\000\040\000T\000h\000e\000o\000r\000i\000e\000s}{}% 174
\BOOKMARK [2][-]{subsection.5.1}{\376\377\000P\000h\000e\000n\000o\000m\000e\000n\000o\000l\000o\000g\000i\000c\000a\000l\000\040\000A\000p\000p\000r\000o\000a\000c\000h\000e\000s}{section.5}% 175
\BOOKMARK [3][-]{subsubsection.5.1.1}{\376\377\000P\000h\000e\000n\000o\000m\000e\000n\000o\000l\000o\000g\000i\000c\000a\000l\000\040\000Q\000u\000a\000n\000t\000u\000m\000\040\000G\000r\000a\000v\000i\000t\000y}{subsection.5.1}% 176
\BOOKMARK [3][-]{subsubsection.5.1.2}{\376\377\000E\000f\000f\000e\000c\000t\000i\000v\000e\000\040\000F\000i\000e\000l\000d\000\040\000T\000h\000e\000o\000r\000y\000\040\000A\000p\000p\000r\000o\000a\000c\000h\000e\000s}{subsection.5.1}% 177
\BOOKMARK [2][-]{subsection.5.2}{\376\377\000S\000t\000r\000i\000n\000g\000\040\000T\000h\000e\000o\000r\000y\000\040\000a\000n\000d\000\040\000M\000-\000T\000h\000e\000o\000r\000y}{section.5}% 178
\BOOKMARK [3][-]{subsubsection.5.2.1}{\376\377\000C\000o\000m\000p\000a\000c\000t\000i\000f\000i\000c\000a\000t\000i\000o\000n\000\040\000a\000n\000d\000\040\000D\000i\000m\000e\000n\000s\000i\000o\000n}{subsection.5.2}% 179
\BOOKMARK [3][-]{subsubsection.5.2.2}{\376\377\000A\000d\000S\000/\000C\000F\000T\000\040\000a\000n\000d\000\040\000H\000o\000l\000o\000g\000r\000a\000p\000h\000y}{subsection.5.2}% 180
\BOOKMARK [3][-]{subsubsection.5.2.3}{\376\377\000C\000o\000m\000p\000a\000r\000i\000s\000o\000n\000\040\000a\000n\000d\000\040\000C\000r\000i\000t\000i\000q\000u\000e}{subsection.5.2}% 181
\BOOKMARK [2][-]{subsection.5.3}{\376\377\000L\000o\000o\000p\000\040\000Q\000u\000a\000n\000t\000u\000m\000\040\000G\000r\000a\000v\000i\000t\000y}{section.5}% 182
\BOOKMARK [3][-]{subsubsection.5.3.1}{\376\377\000D\000i\000s\000c\000r\000e\000t\000e\000\040\000G\000e\000o\000m\000e\000t\000r\000y}{subsection.5.3}% 183
\BOOKMARK [3][-]{subsubsection.5.3.2}{\376\377\000C\000r\000i\000t\000i\000q\000u\000e\000s\000\040\000a\000n\000d\000\040\000O\000p\000e\000n\000\040\000I\000s\000s\000u\000e\000s}{subsection.5.3}% 184
\BOOKMARK [2][-]{subsection.5.4}{\376\377\000E\000m\000e\000r\000g\000e\000n\000t\000\040\000G\000r\000a\000v\000i\000t\000y\000\040\000A\000p\000p\000r\000o\000a\000c\000h\000e\000s}{section.5}% 185
\BOOKMARK [3][-]{subsubsection.5.4.1}{\376\377\000E\000n\000t\000r\000o\000p\000i\000c\000\040\000G\000r\000a\000v\000i\000t\000y}{subsection.5.4}% 186
\BOOKMARK [3][-]{subsubsection.5.4.2}{\376\377\000C\000o\000n\000d\000e\000n\000s\000e\000d\000\040\000M\000a\000t\000t\000e\000r\000\040\000A\000n\000a\000l\000o\000g\000u\000e\000s}{subsection.5.4}% 187
\BOOKMARK [2][-]{subsection.5.5}{\376\377\000C\000o\000m\000p\000a\000r\000a\000t\000i\000v\000e\000\040\000A\000s\000s\000e\000s\000s\000m\000e\000n\000t}{section.5}% 188
\BOOKMARK [2][-]{subsection.5.6}{\376\377\000L\000i\000m\000i\000t\000a\000t\000i\000o\000n\000s\000\040\000o\000f\000\040\000t\000h\000e\000\040\000U\000n\000i\000f\000i\000e\000d\000\040\000F\000r\000a\000m\000e\000w\000o\000r\000k}{section.5}% 189
\BOOKMARK [1][-]{section.6}{\376\377\000T\000h\000e\000o\000r\000e\000t\000i\000c\000a\000l\000\040\000I\000m\000p\000l\000i\000c\000a\000t\000i\000o\000n\000s}{}% 190
\BOOKMARK [2][-]{subsection.6.1}{\376\377\000T\000h\000e\000\040\000B\000l\000a\000c\000k\000\040\000H\000o\000l\000e\000\040\000I\000n\000f\000o\000r\000m\000a\000t\000i\000o\000n\000\040\000P\000a\000r\000a\000d\000o\000x}{section.6}% 191
\BOOKMARK [3][-]{subsubsection.6.1.1}{\376\377\000S\000t\000a\000t\000e\000m\000e\000n\000t\000\040\000o\000f\000\040\000t\000h\000e\000\040\000P\000a\000r\000a\000d\000o\000x}{subsection.6.1}% 192
\BOOKMARK [3][-]{subsubsection.6.1.2}{\376\377\000D\000i\000m\000e\000n\000s\000i\000o\000n\000\040\000F\000l\000o\000w\000\040\000a\000n\000d\000\040\000I\000n\000f\000o\000r\000m\000a\000t\000i\000o\000n\000\040\000R\000e\000c\000o\000v\000e\000r\000y}{subsection.6.1}% 193
\BOOKMARK [2][-]{subsection.6.2}{\376\377\000Q\000u\000a\000n\000t\000u\000m\000\040\000G\000r\000a\000v\000i\000t\000y\000\040\000a\000n\000d\000\040\000R\000e\000n\000o\000r\000m\000a\000l\000i\000z\000a\000t\000i\000o\000n\000\040\000G\000r\000o\000u\000p}{section.6}% 194
\BOOKMARK [3][-]{subsubsection.6.2.1}{\376\377\000A\000s\000y\000m\000p\000t\000o\000t\000i\000c\000\040\000S\000a\000f\000e\000t\000y}{subsection.6.2}% 195
\BOOKMARK [3][-]{subsubsection.6.2.2}{\376\377\000E\000m\000e\000r\000g\000e\000n\000c\000e\000\040\000o\000f\000\040\000S\000p\000a\000c\000e\000t\000i\000m\000e}{subsection.6.2}% 196
\BOOKMARK [2][-]{subsection.6.3}{\376\377\000S\000u\000m\000m\000a\000r\000y\000\040\000o\000f\000\040\000I\000m\000p\000l\000i\000c\000a\000t\000i\000o\000n\000s}{section.6}% 197
\BOOKMARK [2][-]{subsection.6.4}{\376\377\000C\000o\000s\000m\000o\000l\000o\000g\000i\000c\000a\000l\000\040\000I\000m\000p\000l\000i\000c\000a\000t\000i\000o\000n\000s}{section.6}% 198
\BOOKMARK [3][-]{subsubsection.6.4.1}{\376\377\000E\000a\000r\000l\000y\000\040\000U\000n\000i\000v\000e\000r\000s\000e\000\040\000a\000n\000d\000\040\000I\000n\000f\000l\000a\000t\000i\000o\000n}{subsection.6.4}% 199
\BOOKMARK [3][-]{subsubsection.6.4.2}{\376\377\000D\000a\000r\000k\000\040\000E\000n\000e\000r\000g\000y}{subsection.6.4}% 200
\BOOKMARK [2][-]{subsection.6.5}{\376\377\000T\000h\000e\000r\000m\000o\000d\000y\000n\000a\000m\000i\000c\000\040\000A\000s\000p\000e\000c\000t\000s}{section.6}% 201
\BOOKMARK [3][-]{subsubsection.6.5.1}{\376\377\000G\000e\000n\000e\000r\000a\000l\000i\000z\000e\000d\000\040\000T\000h\000e\000r\000m\000o\000d\000y\000n\000a\000m\000i\000c\000s}{subsection.6.5}% 202
\BOOKMARK [3][-]{subsubsection.6.5.2}{\376\377\000P\000h\000a\000s\000e\000\040\000T\000r\000a\000n\000s\000i\000t\000i\000o\000n\000s}{subsection.6.5}% 203
\BOOKMARK [2][-]{subsection.6.6}{\376\377\000C\000o\000n\000n\000e\000c\000t\000i\000o\000n\000s\000\040\000t\000o\000\040\000Q\000u\000a\000n\000t\000u\000m\000\040\000I\000n\000f\000o\000r\000m\000a\000t\000i\000o\000n}{section.6}% 204
\BOOKMARK [3][-]{subsubsection.6.6.1}{\376\377\000E\000n\000t\000a\000n\000g\000l\000e\000m\000e\000n\000t\000\040\000S\000t\000r\000u\000c\000t\000u\000r\000e}{subsection.6.6}% 205
\BOOKMARK [3][-]{subsubsection.6.6.2}{\376\377\000C\000o\000m\000p\000l\000e\000x\000i\000t\000y}{subsection.6.6}% 206
\BOOKMARK [2][-]{subsection.6.7}{\376\377\000P\000h\000i\000l\000o\000s\000o\000p\000h\000i\000c\000a\000l\000\040\000I\000m\000p\000l\000i\000c\000a\000t\000i\000o\000n\000s}{section.6}% 207
\BOOKMARK [3][-]{subsubsection.6.7.1}{\376\377\000T\000h\000e\000\040\000N\000a\000t\000u\000r\000e\000\040\000o\000f\000\040\000D\000i\000m\000e\000n\000s\000i\000o\000n}{subsection.6.7}% 208
\BOOKMARK [2][-]{subsection.6.8}{\376\377\000S\000u\000m\000m\000a\000r\000y\000\040\000a\000n\000d\000\040\000C\000r\000i\000t\000i\000q\000u\000e}{section.6}% 209
\BOOKMARK [3][-]{subsubsection.6.8.1}{\376\377\000S\000t\000r\000e\000n\000g\000t\000h\000s\000\040\000o\000f\000\040\000t\000h\000e\000\040\000F\000r\000a\000m\000e\000w\000o\000r\000k}{subsection.6.8}% 210
\BOOKMARK [3][-]{subsubsection.6.8.2}{\376\377\000L\000i\000m\000i\000t\000a\000t\000i\000o\000n\000s}{subsection.6.8}% 211
\BOOKMARK [3][-]{subsubsection.6.8.3}{\376\377\000F\000u\000t\000u\000r\000e\000\040\000D\000i\000r\000e\000c\000t\000i\000o\000n\000s}{subsection.6.8}% 212
\BOOKMARK [1][-]{section.7}{\376\377\000F\000u\000t\000u\000r\000e\000\040\000D\000i\000r\000e\000c\000t\000i\000o\000n\000s\000\040\000a\000n\000d\000\040\000C\000o\000n\000c\000l\000u\000s\000i\000o\000n\000s}{}% 213
\BOOKMARK [2][-]{subsection.7.1}{\376\377\000O\000p\000e\000n\000\040\000T\000h\000e\000o\000r\000e\000t\000i\000c\000a\000l\000\040\000Q\000u\000e\000s\000t\000i\000o\000n\000s}{section.7}% 214
\BOOKMARK [2][-]{subsection.7.2}{\376\377\000E\000x\000p\000e\000r\000i\000m\000e\000n\000t\000a\000l\000\040\000P\000r\000o\000s\000p\000e\000c\000t\000s}{section.7}% 215
\BOOKMARK [2][-]{subsection.7.3}{\376\377\000C\000o\000n\000c\000l\000u\000s\000i\000o\000n\000s}{section.7}% 216
\BOOKMARK [2][-]{subsection.7.4}{\376\377\000N\000e\000a\000r\000-\000T\000e\000r\000m\000\040\000R\000e\000s\000e\000a\000r\000c\000h\000\040\000D\000i\000r\000e\000c\000t\000i\000o\000n\000s}{section.7}% 217
\BOOKMARK [3][-]{subsubsection.7.4.1}{\376\377\000T\000h\000e\000o\000r\000e\000t\000i\000c\000a\000l\000\040\000D\000e\000v\000e\000l\000o\000p\000m\000e\000n\000t\000s}{subsection.7.4}% 218
\BOOKMARK [3][-]{subsubsection.7.4.2}{\376\377\000C\000o\000m\000p\000u\000t\000a\000t\000i\000o\000n\000a\000l\000\040\000P\000r\000o\000j\000e\000c\000t\000s}{subsection.7.4}% 219
\BOOKMARK [2][-]{subsection.7.5}{\376\377\000E\000x\000p\000e\000r\000i\000m\000e\000n\000t\000a\000l\000\040\000P\000r\000o\000s\000p\000e\000c\000t\000s}{section.7}% 220
\BOOKMARK [3][-]{subsubsection.7.5.1}{\376\377\000A\000t\000o\000m\000i\000c\000\040\000a\000n\000d\000\040\000M\000o\000l\000e\000c\000u\000l\000a\000r\000\040\000P\000h\000y\000s\000i\000c\000s}{subsection.7.5}% 221
\BOOKMARK [3][-]{subsubsection.7.5.2}{\376\377\000C\000o\000n\000d\000e\000n\000s\000e\000d\000\040\000M\000a\000t\000t\000e\000r\000\040\000S\000y\000s\000t\000e\000m\000s}{subsection.7.5}% 222
\BOOKMARK [3][-]{subsubsection.7.5.3}{\376\377\000A\000s\000t\000r\000o\000n\000o\000m\000y\000\040\000a\000n\000d\000\040\000C\000o\000s\000m\000o\000l\000o\000g\000y}{subsection.7.5}% 223
\BOOKMARK [2][-]{subsection.7.6}{\376\377\000B\000r\000o\000a\000d\000e\000r\000\040\000C\000o\000n\000t\000e\000x\000t}{section.7}% 224
\BOOKMARK [3][-]{subsubsection.7.6.1}{\376\377\000U\000n\000i\000f\000i\000c\000a\000t\000i\000o\000n\000\040\000o\000f\000\040\000P\000h\000y\000s\000i\000c\000s}{subsection.7.6}% 225
\BOOKMARK [3][-]{subsubsection.7.6.2}{\376\377\000P\000h\000i\000l\000o\000s\000o\000p\000h\000i\000c\000a\000l\000\040\000Q\000u\000e\000s\000t\000i\000o\000n\000s}{subsection.7.6}% 226
\BOOKMARK [2][-]{subsection.7.7}{\376\377\000F\000i\000n\000a\000l\000\040\000R\000e\000m\000a\000r\000k\000s}{section.7}% 227
\BOOKMARK [1][-]{section*.3}{\376\377\000A\000c\000k\000n\000o\000w\000l\000e\000d\000g\000m\000e\000n\000t\000s}{}% 228
\BOOKMARK [1][-]{appendix.A}{\376\377\000D\000e\000t\000a\000i\000l\000e\000d\000\040\000D\000e\000r\000i\000v\000a\000t\000i\000o\000n\000\040\000o\000f\000\040\000H\000e\000a\000t\000\040\000K\000e\000r\000n\000e\000l\000\040\000C\000o\000e\000f\000f\000i\000c\000i\000e\000n\000t\000s}{}% 229
\BOOKMARK [2][-]{subsection.A.1}{\376\377\000T\000h\000e\000\040\000D\000e\000W\000i\000t\000t\000\040\000A\000n\000s\000a\000t\000z}{appendix.A}% 230
\BOOKMARK [2][-]{subsection.A.2}{\376\377\000T\000r\000a\000n\000s\000p\000o\000r\000t\000\040\000E\000q\000u\000a\000t\000i\000o\000n\000s}{appendix.A}% 231
\BOOKMARK [2][-]{subsection.A.3}{\376\377\000F\000i\000r\000s\000t\000\040\000T\000h\000r\000e\000e\000\040\000C\000o\000e\000f\000f\000i\000c\000i\000e\000n\000t\000s}{appendix.A}% 232
\BOOKMARK [1][-]{appendix.B}{\376\377\000S\000e\000l\000b\000e\000r\000g\000\040\000T\000r\000a\000c\000e\000\040\000F\000o\000r\000m\000u\000l\000a}{}% 233
\BOOKMARK [2][-]{subsection.B.1}{\376\377\000S\000t\000a\000t\000e\000m\000e\000n\000t\000\040\000o\000f\000\040\000t\000h\000e\000\040\000F\000o\000r\000m\000u\000l\000a}{appendix.B}% 234
\BOOKMARK [2][-]{subsection.B.2}{\376\377\000A\000p\000p\000l\000i\000c\000a\000t\000i\000o\000n\000\040\000t\000o\000\040\000H\000e\000a\000t\000\040\000K\000e\000r\000n\000e\000l}{appendix.B}% 235
\BOOKMARK [2][-]{subsection.B.3}{\376\377\000T\000h\000e\000\040\000L\000e\000n\000g\000t\000h\000\040\000S\000p\000e\000c\000t\000r\000u\000m}{appendix.B}% 236
\BOOKMARK [1][-]{appendix.C}{\376\377\000Q\000u\000a\000n\000t\000u\000m\000\040\000D\000e\000f\000e\000c\000t\000\040\000T\000h\000e\000o\000r\000y}{}% 237
\BOOKMARK [2][-]{subsection.C.1}{\376\377\000M\000o\000d\000i\000f\000i\000e\000d\000\040\000R\000y\000d\000b\000e\000r\000g\000\040\000F\000o\000r\000m\000u\000l\000a}{appendix.C}% 238
\BOOKMARK [2][-]{subsection.C.2}{\376\377\000S\000e\000a\000t\000o\000n\000'\000s\000\040\000T\000h\000e\000o\000r\000e\000m}{appendix.C}% 239
\BOOKMARK [1][-]{appendix.D}{\376\377\000N\000u\000m\000e\000r\000i\000c\000a\000l\000\040\000M\000e\000t\000h\000o\000d\000s}{}% 240
\BOOKMARK [2][-]{subsection.D.1}{\376\377\000F\000i\000n\000i\000t\000e\000\040\000E\000l\000e\000m\000e\000n\000t\000\040\000D\000i\000s\000c\000r\000e\000t\000i\000z\000a\000t\000i\000o\000n}{appendix.D}% 241
\BOOKMARK [2][-]{subsection.D.2}{\376\377\000M\000a\000s\000s\000\040\000L\000u\000m\000p\000i\000n\000g}{appendix.D}% 242
\BOOKMARK [2][-]{subsection.D.3}{\376\377\000T\000i\000m\000e\000\040\000I\000n\000t\000e\000g\000r\000a\000t\000i\000o\000n}{appendix.D}% 243
\BOOKMARK [1][-]{appendix.E}{\376\377\000U\000n\000i\000t\000s\000\040\000a\000n\000d\000\040\000C\000o\000n\000v\000e\000n\000t\000i\000o\000n\000s}{}% 244
\BOOKMARK [2][-]{subsection.E.1}{\376\377\000N\000a\000t\000u\000r\000a\000l\000\040\000U\000n\000i\000t\000s}{appendix.E}% 245
\BOOKMARK [2][-]{subsection.E.2}{\376\377\000C\000o\000n\000v\000e\000r\000s\000i\000o\000n\000\040\000F\000a\000c\000t\000o\000r\000s}{appendix.E}% 246
