\BOOKMARK [1][-]{section.1}{\376\377\137\025\212\000}{}% 1
\BOOKMARK [2][-]{subsection.1.1}{\376\377\123\206\123\362\200\314\146\157}{section.1}% 2
\BOOKMARK [2][-]{subsection.1.2}{\376\377\176\364\136\246\155\101\166\204\133\232\116\111}{section.1}% 3
\BOOKMARK [2][-]{subsection.1.3}{\376\377\150\070\137\303\225\356\230\230}{section.1}% 4
\BOOKMARK [2][-]{subsection.1.4}{\376\377\116\073\211\201\176\323\147\234}{section.1}% 5
\BOOKMARK [1][-]{section.2}{\376\377\164\006\213\272\127\372\170\100}{}% 6
\BOOKMARK [2][-]{subsection.2.1}{\376\377\160\355\150\070\164\006\213\272}{section.2}% 7
\BOOKMARK [2][-]{subsection.2.2}{\376\377\214\061\176\364\136\246\166\204\133\232\116\111}{section.2}% 8
\BOOKMARK [2][-]{subsection.2.3}{\376\377\000c\0001\121\154\137\017\166\204\116\011\171\315\143\250\133\374}{section.2}% 9
\BOOKMARK [3][-]{subsubsection.2.3.1}{\376\377\117\341\140\157\213\272\143\250\133\374}{subsection.2.3}% 10
\BOOKMARK [3][-]{subsubsection.2.3.2}{\376\377\176\337\213\241\122\233\133\146\143\250\133\374}{subsection.2.3}% 11
\BOOKMARK [3][-]{subsubsection.2.3.3}{\376\377\121\150\140\157\123\237\164\006\143\250\133\374}{subsection.2.3}% 12
\BOOKMARK [2][-]{subsection.2.4}{\376\377\176\364\136\246\155\101\166\204\116\000\202\054\137\142\137\017}{section.2}% 13
\BOOKMARK [1][-]{section.3}{\376\377\116\011\174\373\176\337\133\371\136\224\121\163\174\373}{}% 14
\BOOKMARK [2][-]{subsection.3.1}{\376\377\145\313\217\154\174\373\176\337\377\010\000E\000-\0006\377\011}{section.3}% 15
\BOOKMARK [3][-]{subsubsection.3.1.1}{\376\377\145\160\133\146\143\317\217\360}{subsection.3.1}% 16
\BOOKMARK [2][-]{subsection.3.2}{\376\377\236\321\155\036\174\373\176\337}{section.3}% 17
\BOOKMARK [3][-]{subsubsection.3.2.1}{\376\377\217\321\211\306\165\114\147\201\226\120}{subsection.3.2}% 18
\BOOKMARK [3][-]{subsubsection.3.2.2}{\376\377\217\334\127\072\147\201\226\120}{subsection.3.2}% 19
\BOOKMARK [2][-]{subsection.3.3}{\376\377\221\317\133\120\137\025\122\233}{section.3}% 20
\BOOKMARK [3][-]{subsubsection.3.3.1}{\376\377\000C\000D\000T\176\323\147\234}{subsection.3.3}% 21
\BOOKMARK [3][-]{subsubsection.3.3.2}{\376\377\000A\000S\000G\176\323\147\234}{subsection.3.3}% 22
\BOOKMARK [2][-]{subsection.3.4}{\376\377\116\011\174\373\176\337\166\204\176\337\116\000\143\317\217\360}{section.3}% 23
\BOOKMARK [1][-]{section.4}{\376\377\133\236\232\214\232\214\213\301}{}% 24
\BOOKMARK [2][-]{subsection.4.1}{\376\377\000C\000u\0002\000O\221\314\137\267\130\041\157\300\133\120}{section.4}% 25
\BOOKMARK [3][-]{subsubsection.4.1.1}{\376\377\133\236\232\214\145\160\143\156}{subsection.4.1}% 26
\BOOKMARK [3][-]{subsubsection.4.1.2}{\376\377\164\006\213\272\152\041\127\213}{subsection.4.1}% 27
\BOOKMARK [3][-]{subsubsection.4.1.3}{\376\377\142\337\124\010\176\323\147\234}{subsection.4.1}% 28
\BOOKMARK [2][-]{subsection.4.2}{\376\377\000S\000n\000a\000p\000P\000y\123\314\146\362\116\011\176\364\155\101\137\142}{section.4}% 29
\BOOKMARK [3][-]{subsubsection.4.2.1}{\376\377\213\241\173\227\145\271\154\325}{subsection.4.2}% 30
\BOOKMARK [3][-]{subsubsection.4.2.2}{\376\377\145\160\120\074\176\323\147\234}{subsection.4.2}% 31
\BOOKMARK [2][-]{subsection.4.3}{\376\377\116\214\176\364\154\042\123\237\133\120\152\041\142\337}{section.4}% 32
\BOOKMARK [3][-]{subsubsection.4.3.1}{\376\377\152\041\142\337\213\276\177\156}{subsection.4.3}% 33
\BOOKMARK [3][-]{subsubsection.4.3.2}{\376\377\152\041\142\337\176\323\147\234}{subsection.4.3}% 34
\BOOKMARK [2][-]{subsection.4.4}{\376\377\133\236\232\214\232\214\213\301\140\073\176\323}{section.4}% 35
\BOOKMARK [1][-]{section.5}{\376\377\136\224\165\050\116\016\134\125\147\033}{}% 36
\BOOKMARK [2][-]{subsection.5.1}{\376\377\137\025\122\233\154\342\117\040\144\255}{section.5}% 37
\BOOKMARK [3][-]{subsubsection.5.1.1}{\376\377\117\356\145\071\166\204\202\162\145\143\121\163\174\373}{subsection.5.1}% 38
\BOOKMARK [3][-]{subsubsection.5.1.2}{\376\377\123\357\211\302\155\113\145\110\136\224}{subsection.5.1}% 39
\BOOKMARK [2][-]{subsection.5.2}{\376\377\133\207\133\231\133\146}{section.5}% 40
\BOOKMARK [3][-]{subsubsection.5.2.1}{\376\377\176\364\136\246\157\024\123\026}{subsection.5.2}% 41
\BOOKMARK [3][-]{subsubsection.5.2.2}{\376\377\000C\000M\000B\117\356\153\143}{subsection.5.2}% 42
\BOOKMARK [2][-]{subsection.5.3}{\376\377\121\335\200\132\140\001\174\373\176\337}{section.5}% 43
\BOOKMARK [3][-]{subsubsection.5.3.1}{\376\377\176\364\136\246\135\345\172\013}{subsection.5.3}% 44
\BOOKMARK [1][-]{section.6}{\376\377\176\323\213\272}{}% 45
\BOOKMARK [2][-]{subsection.6.1}{\376\377\140\073\176\323}{section.6}% 46
\BOOKMARK [2][-]{subsection.6.2}{\376\377\147\052\147\145\145\271\124\021}{section.6}% 47
\BOOKMARK [2][-]{subsection.6.3}{\376\377\147\000\176\310\000\040\000r\000e\000m\000a\000r\000k\000s}{section.6}% 48
