This is pdfTeX, Version 3.14159265-2.6-1.40.21 (TeX Live 2020) (preloaded format=pdflatex 2026.2.7)  14 FEB 2026 16:16
entering extended mode
 restricted \write18 enabled.
 %&-line parsing enabled.
**main_complete_bilingual_full.tex
(./main_complete_bilingual_full.tex
LaTeX2e <2020-10-01> patch level 4
L3 programming layer <2021-02-18>
(/usr/share/texlive/texmf-dist/tex/latex/base/article.cls
Document Class: article 2020/04/10 v1.4m Standard LaTeX document class
(/usr/share/texlive/texmf-dist/tex/latex/base/size10.clo
File: size10.clo 2020/04/10 v1.4m Standard LaTeX file (size option)
)
\c@part=\count179
\c@section=\count180
\c@subsection=\count181
\c@subsubsection=\count182
\c@paragraph=\count183
\c@subparagraph=\count184
\c@figure=\count185
\c@table=\count186
\abovecaptionskip=\skip47
\belowcaptionskip=\skip48
\bibindent=\dimen138
)
(/usr/share/texlive/texmf-dist/tex/latex/base/inputenc.sty
Package: inputenc 2020/08/01 v1.3d Input encoding file
\inpenc@prehook=\toks15
\inpenc@posthook=\toks16
)
(/usr/share/texlive/texmf-dist/tex/latex/base/fontenc.sty
Package: fontenc 2020/08/10 v2.0s Standard LaTeX package
)
(/usr/share/texlive/texmf-dist/tex/latex/amsmath/amsmath.sty
Package: amsmath 2020/09/23 v2.17i AMS math features
\@mathmargin=\skip49

For additional information on amsmath, use the `?' option.
(/usr/share/texlive/texmf-dist/tex/latex/amsmath/amstext.sty
Package: amstext 2000/06/29 v2.01 AMS text

(/usr/share/texlive/texmf-dist/tex/latex/amsmath/amsgen.sty
File: amsgen.sty 1999/11/30 v2.0 generic functions
\@emptytoks=\toks17
\ex@=\dimen139
))
(/usr/share/texlive/texmf-dist/tex/latex/amsmath/amsbsy.sty
Package: amsbsy 1999/11/29 v1.2d Bold Symbols
\pmbraise@=\dimen140
)
(/usr/share/texlive/texmf-dist/tex/latex/amsmath/amsopn.sty
Package: amsopn 2016/03/08 v2.02 operator names
)
\inf@bad=\count187
LaTeX Info: Redefining \frac on input line 234.
\uproot@=\count188
\leftroot@=\count189
LaTeX Info: Redefining \overline on input line 399.
\classnum@=\count190
\DOTSCASE@=\count191
LaTeX Info: Redefining \ldots on input line 496.
LaTeX Info: Redefining \dots on input line 499.
LaTeX Info: Redefining \cdots on input line 620.
\Mathstrutbox@=\box47
\strutbox@=\box48
\big@size=\dimen141
LaTeX Font Info:    Redeclaring font encoding OML on input line 743.
LaTeX Font Info:    Redeclaring font encoding OMS on input line 744.
\macc@depth=\count192
\c@MaxMatrixCols=\count193
\dotsspace@=\muskip16
\c@parentequation=\count194
\dspbrk@lvl=\count195
\tag@help=\toks18
\row@=\count196
\column@=\count197
\maxfields@=\count198
\andhelp@=\toks19
\eqnshift@=\dimen142
\alignsep@=\dimen143
\tagshift@=\dimen144
\tagwidth@=\dimen145
\totwidth@=\dimen146
\lineht@=\dimen147
\@envbody=\toks20
\multlinegap=\skip50
\multlinetaggap=\skip51
\mathdisplay@stack=\toks21
LaTeX Info: Redefining \[ on input line 2923.
LaTeX Info: Redefining \] on input line 2924.
)
(/usr/share/texlive/texmf-dist/tex/latex/amsfonts/amssymb.sty
Package: amssymb 2013/01/14 v3.01 AMS font symbols

(/usr/share/texlive/texmf-dist/tex/latex/amsfonts/amsfonts.sty
Package: amsfonts 2013/01/14 v3.01 Basic AMSFonts support
\symAMSa=\mathgroup4
\symAMSb=\mathgroup5
LaTeX Font Info:    Redeclaring math symbol \hbar on input line 98.
LaTeX Font Info:    Overwriting math alphabet `\mathfrak' in version `bold'
(Font)                  U/euf/m/n --> U/euf/b/n on input line 106.
))
(/usr/share/texlive/texmf-dist/tex/latex/amscls/amsthm.sty
Package: amsthm 2020/05/29 v2.20.6
\thm@style=\toks22
\thm@bodyfont=\toks23
\thm@headfont=\toks24
\thm@notefont=\toks25
\thm@headpunct=\toks26
\thm@preskip=\skip52
\thm@postskip=\skip53
\thm@headsep=\skip54
\dth@everypar=\toks27
)
(/usr/share/texlive/texmf-dist/tex/latex/geometry/geometry.sty
Package: geometry 2020/01/02 v5.9 Page Geometry

(/usr/share/texlive/texmf-dist/tex/latex/graphics/keyval.sty
Package: keyval 2014/10/28 v1.15 key=value parser (DPC)
\KV@toks@=\toks28
)
(/usr/share/texlive/texmf-dist/tex/generic/iftex/ifvtex.sty
Package: ifvtex 2019/10/25 v1.7 ifvtex legacy package. Use iftex instead.

(/usr/share/texlive/texmf-dist/tex/generic/iftex/iftex.sty
Package: iftex 2020/03/06 v1.0d TeX engine tests
))
\Gm@cnth=\count199
\Gm@cntv=\count266
\c@Gm@tempcnt=\count267
\Gm@bindingoffset=\dimen148
\Gm@wd@mp=\dimen149
\Gm@odd@mp=\dimen150
\Gm@even@mp=\dimen151
\Gm@layoutwidth=\dimen152
\Gm@layoutheight=\dimen153
\Gm@layouthoffset=\dimen154
\Gm@layoutvoffset=\dimen155
\Gm@dimlist=\toks29
)
(/usr/share/texlive/texmf-dist/tex/latex/cjk/texinput/CJKutf8.sty
Package: CJKutf8 2015/04/18 4.8.4

(/usr/share/texlive/texmf-dist/tex/generic/iftex/ifpdf.sty
Package: ifpdf 2019/10/25 v3.4 ifpdf legacy package. Use iftex instead.
)
(/usr/share/texlive/texmf-dist/tex/latex/cjk/texinput/CJK.sty
Package: CJK 2015/04/18 4.8.4

(/usr/share/texlive/texmf-dist/tex/latex/cjk/texinput/mule/MULEenc.sty
Package: MULEenc 2015/04/18 4.8.4
)
(/usr/share/texlive/texmf-dist/tex/latex/cjk/texinput/CJK.enc
File: CJK.enc 2015/04/18 4.8.4
Now handling font encoding C00 ...
... no UTF-8 mapping file for font encoding C00
Now handling font encoding C05 ...
... no UTF-8 mapping file for font encoding C05
Now handling font encoding C09 ...
... no UTF-8 mapping file for font encoding C09
Now handling font encoding C10 ...
... no UTF-8 mapping file for font encoding C10
Now handling font encoding C20 ...
... no UTF-8 mapping file for font encoding C20
Now handling font encoding C19 ...
... no UTF-8 mapping file for font encoding C19
Now handling font encoding C40 ...
... no UTF-8 mapping file for font encoding C40
Now handling font encoding C42 ...
... no UTF-8 mapping file for font encoding C42
Now handling font encoding C43 ...
... no UTF-8 mapping file for font encoding C43
Now handling font encoding C50 ...
... no UTF-8 mapping file for font encoding C50
Now handling font encoding C52 ...
... no UTF-8 mapping file for font encoding C52
Now handling font encoding C49 ...
... no UTF-8 mapping file for font encoding C49
Now handling font encoding C60 ...
... no UTF-8 mapping file for font encoding C60
Now handling font encoding C61 ...
... no UTF-8 mapping file for font encoding C61
Now handling font encoding C63 ...
... no UTF-8 mapping file for font encoding C63
Now handling font encoding C64 ...
... no UTF-8 mapping file for font encoding C64
Now handling font encoding C65 ...
... no UTF-8 mapping file for font encoding C65
Now handling font encoding C70 ...
... no UTF-8 mapping file for font encoding C70
Now handling font encoding C31 ...
... no UTF-8 mapping file for font encoding C31
Now handling font encoding C32 ...
... no UTF-8 mapping file for font encoding C32
Now handling font encoding C33 ...
... no UTF-8 mapping file for font encoding C33
Now handling font encoding C34 ...
... no UTF-8 mapping file for font encoding C34
Now handling font encoding C35 ...
... no UTF-8 mapping file for font encoding C35
Now handling font encoding C36 ...
... no UTF-8 mapping file for font encoding C36
Now handling font encoding C37 ...
... no UTF-8 mapping file for font encoding C37
Now handling font encoding C80 ...
... no UTF-8 mapping file for font encoding C80
Now handling font encoding C81 ...
... no UTF-8 mapping file for font encoding C81
Now handling font encoding C01 ...
... no UTF-8 mapping file for font encoding C01
Now handling font encoding C11 ...
... no UTF-8 mapping file for font encoding C11
Now handling font encoding C21 ...
... no UTF-8 mapping file for font encoding C21
Now handling font encoding C41 ...
... no UTF-8 mapping file for font encoding C41
Now handling font encoding C62 ...
... no UTF-8 mapping file for font encoding C62
)
LaTeX Info: Redefining \selectfont on input line 755.
\CJK@indent=\box49
)
(/usr/share/texlive/texmf-dist/tex/latex/base/fontenc.sty
Package: fontenc 2020/08/10 v2.0s Standard LaTeX package
))
(/usr/share/texlive/texmf-dist/tex/latex/graphics/color.sty
Package: color 2020/02/24 v1.2b Standard LaTeX Color (DPC)

(/usr/share/texlive/texmf-dist/tex/latex/graphics-cfg/color.cfg
File: color.cfg 2016/01/02 v1.6 sample color configuration
)
Package color Info: Driver file: pdftex.def on input line 147.

(/usr/share/texlive/texmf-dist/tex/latex/graphics-def/pdftex.def
File: pdftex.def 2020/10/05 v1.2a Graphics/color driver for pdftex
))
(/usr/share/texlive/texmf-dist/tex/latex/fancyhdr/fancyhdr.sty
Package: fancyhdr 2021/01/28 v4.0.1 Extensive control of page headers and foote
rs
\f@nch@headwidth=\skip55
\f@nch@O@elh=\skip56
\f@nch@O@erh=\skip57
\f@nch@O@olh=\skip58
\f@nch@O@orh=\skip59
\f@nch@O@elf=\skip60
\f@nch@O@erf=\skip61
\f@nch@O@olf=\skip62
\f@nch@O@orf=\skip63
)
(/usr/share/texlive/texmf-dist/tex/latex/l3backend/l3backend-pdftex.def
File: l3backend-pdftex.def 2021-03-18 L3 backend support: PDF output (pdfTeX)
\l__color_backend_stack_int=\count268
\l__pdf_internal_box=\box50
)
(./main_complete_bilingual_full.aux)
\openout1 = `main_complete_bilingual_full.aux'.

LaTeX Font Info:    Checking defaults for OML/cmm/m/it on input line 28.
LaTeX Font Info:    ... okay on input line 28.
LaTeX Font Info:    Checking defaults for OMS/cmsy/m/n on input line 28.
LaTeX Font Info:    ... okay on input line 28.
LaTeX Font Info:    Checking defaults for OT1/cmr/m/n on input line 28.
LaTeX Font Info:    ... okay on input line 28.
LaTeX Font Info:    Checking defaults for T1/cmr/m/n on input line 28.
LaTeX Font Info:    ... okay on input line 28.
LaTeX Font Info:    Checking defaults for TS1/cmr/m/n on input line 28.
LaTeX Font Info:    ... okay on input line 28.
LaTeX Font Info:    Checking defaults for OMX/cmex/m/n on input line 28.
LaTeX Font Info:    ... okay on input line 28.
LaTeX Font Info:    Checking defaults for U/cmr/m/n on input line 28.
LaTeX Font Info:    ... okay on input line 28.
LaTeX Font Info:    Checking defaults for C00/song/m/n on input line 28.
LaTeX Font Info:    ... okay on input line 28.
LaTeX Font Info:    Checking defaults for C05/song/m/n on input line 28.
LaTeX Font Info:    ... okay on input line 28.
LaTeX Font Info:    Checking defaults for C09/song/m/n on input line 28.
LaTeX Font Info:    ... okay on input line 28.
LaTeX Font Info:    Checking defaults for C10/song/m/n on input line 28.
LaTeX Font Info:    ... okay on input line 28.
LaTeX Font Info:    Checking defaults for C20/song/m/n on input line 28.
LaTeX Font Info:    ... okay on input line 28.
LaTeX Font Info:    Checking defaults for C19/song/m/n on input line 28.
LaTeX Font Info:    ... okay on input line 28.
LaTeX Font Info:    Checking defaults for C40/song/m/n on input line 28.
LaTeX Font Info:    ... okay on input line 28.
LaTeX Font Info:    Checking defaults for C42/song/m/n on input line 28.
LaTeX Font Info:    ... okay on input line 28.
LaTeX Font Info:    Checking defaults for C43/song/m/n on input line 28.
LaTeX Font Info:    ... okay on input line 28.
LaTeX Font Info:    Checking defaults for C50/song/m/n on input line 28.
LaTeX Font Info:    ... okay on input line 28.
LaTeX Font Info:    Checking defaults for C52/song/m/n on input line 28.
LaTeX Font Info:    ... okay on input line 28.
LaTeX Font Info:    Checking defaults for C49/song/m/n on input line 28.
LaTeX Font Info:    ... okay on input line 28.
LaTeX Font Info:    Checking defaults for C60/mj/m/n on input line 28.
LaTeX Font Info:    ... okay on input line 28.
LaTeX Font Info:    Checking defaults for C61/mj/m/n on input line 28.
LaTeX Font Info:    ... okay on input line 28.
LaTeX Font Info:    Checking defaults for C63/mj/m/n on input line 28.
LaTeX Font Info:    ... okay on input line 28.
LaTeX Font Info:    Checking defaults for C64/mj/m/n on input line 28.
LaTeX Font Info:    ... okay on input line 28.
LaTeX Font Info:    Checking defaults for C65/mj/m/n on input line 28.
LaTeX Font Info:    ... okay on input line 28.
LaTeX Font Info:    Checking defaults for C70/song/m/n on input line 28.
LaTeX Font Info:    ... okay on input line 28.
LaTeX Font Info:    Checking defaults for C31/song/m/n on input line 28.
LaTeX Font Info:    ... okay on input line 28.
LaTeX Font Info:    Checking defaults for C32/song/m/n on input line 28.
LaTeX Font Info:    ... okay on input line 28.
LaTeX Font Info:    Checking defaults for C33/song/m/n on input line 28.
LaTeX Font Info:    ... okay on input line 28.
LaTeX Font Info:    Checking defaults for C34/song/m/n on input line 28.
LaTeX Font Info:    ... okay on input line 28.
LaTeX Font Info:    Checking defaults for C35/song/m/n on input line 28.
LaTeX Font Info:    ... okay on input line 28.
LaTeX Font Info:    Checking defaults for C36/song/m/n on input line 28.
LaTeX Font Info:    ... okay on input line 28.
LaTeX Font Info:    Checking defaults for C37/song/m/n on input line 28.
LaTeX Font Info:    ... okay on input line 28.
LaTeX Font Info:    Checking defaults for C80/song/m/n on input line 28.
LaTeX Font Info:    ... okay on input line 28.
LaTeX Font Info:    Checking defaults for C81/song/m/n on input line 28.
LaTeX Font Info:    ... okay on input line 28.
LaTeX Font Info:    Checking defaults for C01/song/m/n on input line 28.
LaTeX Font Info:    ... okay on input line 28.
LaTeX Font Info:    Checking defaults for C11/song/m/n on input line 28.
LaTeX Font Info:    ... okay on input line 28.
LaTeX Font Info:    Checking defaults for C21/song/m/n on input line 28.
LaTeX Font Info:    ... okay on input line 28.
LaTeX Font Info:    Checking defaults for C41/song/m/n on input line 28.
LaTeX Font Info:    ... okay on input line 28.
LaTeX Font Info:    Checking defaults for C62/song/m/n on input line 28.
LaTeX Font Info:    ... okay on input line 28.

*geometry* driver: auto-detecting
*geometry* detected driver: pdftex
*geometry* verbose mode - [ preamble ] result:
* driver: pdftex
* paper: a4paper
* layout: <same size as paper>
* layoutoffset:(h,v)=(0.0pt,0.0pt)
* modes: 
* h-part:(L,W,R)=(42.67912pt, 512.14963pt, 42.67912pt)
* v-part:(T,H,B)=(56.9055pt, 731.23584pt, 56.9055pt)
* \paperwidth=597.50787pt
* \paperheight=845.04684pt
* \textwidth=512.14963pt
* \textheight=731.23584pt
* \oddsidemargin=-29.59087pt
* \evensidemargin=-29.59087pt
* \topmargin=-52.36449pt
* \headheight=12.0pt
* \headsep=25.0pt
* \topskip=10.0pt
* \footskip=30.0pt
* \marginparwidth=57.0pt
* \marginparsep=11.0pt
* \columnsep=10.0pt
* \skip\footins=9.0pt plus 4.0pt minus 2.0pt
* \hoffset=0.0pt
* \voffset=0.0pt
* \mag=1000
* \@twocolumnfalse
* \@twosidefalse
* \@mparswitchfalse
* \@reversemarginfalse
* (1in=72.27pt=25.4mm, 1cm=28.453pt)

(/usr/share/texlive/texmf-dist/tex/context/base/mkii/supp-pdf.mkii
[Loading MPS to PDF converter (version 2006.09.02).]
\scratchcounter=\count269
\scratchdimen=\dimen156
\scratchbox=\box51
\nofMPsegments=\count270
\nofMParguments=\count271
\everyMPshowfont=\toks30
\MPscratchCnt=\count272
\MPscratchDim=\dimen157
\MPnumerator=\count273
\makeMPintoPDFobject=\count274
\everyMPtoPDFconversion=\toks31
) (/usr/share/texlive/texmf-dist/tex/latex/cjk/texinput/UTF8/UTF8.bdg
File: UTF8.bdg 2015/04/18 4.8.4
)
(/usr/share/texlive/texmf-dist/tex/latex/cjk/texinput/UTF8/UTF8.enc
File: UTF8.enc 2015/04/18 4.8.4
)
(/usr/share/texlive/texmf-dist/tex/latex/cjk/texinput/UTF8/UTF8.chr
File: UTF8.chr 2015/04/18 4.8.4
)
LaTeX Font Info:    Trying to load font information for C70+gbsn on input line 
30.

(/usr/share/texlive/texmf-dist/tex/latex/cjk/texinput/UTF8/c70gbsn.fd
File: c70gbsn.fd 2015/04/18 4.8.4
)
(/usr/share/texlive/texmf-dist/tex/latex/cjk/texinput/UTF8/c70gbsn.fdx
File: c70gbsn.fdx 2015/04/18 4.8.4
)
LaTeX Font Info:    Trying to load font information for U+msa on input line 30.


(/usr/share/texlive/texmf-dist/tex/latex/amsfonts/umsa.fd
File: umsa.fd 2013/01/14 v3.01 AMS symbols A
)
LaTeX Font Info:    Trying to load font information for U+msb on input line 30.


(/usr/share/texlive/texmf-dist/tex/latex/amsfonts/umsb.fd
File: umsb.fd 2013/01/14 v3.01 AMS symbols B
) [1

{/usr/share/texlive/texmf-dist/fonts/map/pdftex/updmap/pdftex.map}] [2] [3] [4]
 [5] [6]

LaTeX Font Warning: Font shape `C70/gbsn/bx/it' undefined
(Font)              using `C70/gbsn/bx/n' instead on input line 376.


LaTeX Font Warning: Font shape `C70/gbsn/m/it' undefined
(Font)              using `C70/gbsn/m/n' instead on input line 376.


! Package inputenc Error: Unicode character 统 (U+7EDF)
(inputenc)                not set up for use with LaTeX.

See the inputenc package documentation for explanation.
Type  H <return>  for immediate help.
 ...                                              
                                                  
l.382 \end{document}
                    
You may provide a definition with
\DeclareUnicodeCharacter 


! Package inputenc Error: Unicode character 一 (U+4E00)
(inputenc)                not set up for use with LaTeX.

See the inputenc package documentation for explanation.
Type  H <return>  for immediate help.
 ...                                              
                                                  
l.382 \end{document}
                    
You may provide a definition with
\DeclareUnicodeCharacter 


! Package inputenc Error: Unicode character 维 (U+7EF4)
(inputenc)                not set up for use with LaTeX.

See the inputenc package documentation for explanation.
Type  H <return>  for immediate help.
 ...                                              
                                                  
l.382 \end{document}
                    
You may provide a definition with
\DeclareUnicodeCharacter 


! Package inputenc Error: Unicode character 度 (U+5EA6)
(inputenc)                not set up for use with LaTeX.

See the inputenc package documentation for explanation.
Type  H <return>  for immediate help.
 ...                                              
                                                  
l.382 \end{document}
                    
You may provide a definition with
\DeclareUnicodeCharacter 


! Package inputenc Error: Unicode character 流 (U+6D41)
(inputenc)                not set up for use with LaTeX.

See the inputenc package documentation for explanation.
Type  H <return>  for immediate help.
 ...                                              
                                                  
l.382 \end{document}
                    
You may provide a definition with
\DeclareUnicodeCharacter 


! Package inputenc Error: Unicode character 理 (U+7406)
(inputenc)                not set up for use with LaTeX.

See the inputenc package documentation for explanation.
Type  H <return>  for immediate help.
 ...                                              
                                                  
l.382 \end{document}
                    
You may provide a definition with
\DeclareUnicodeCharacter 


! Package inputenc Error: Unicode character 论 (U+8BBA)
(inputenc)                not set up for use with LaTeX.

See the inputenc package documentation for explanation.
Type  H <return>  for immediate help.
 ...                                              
                                                  
l.382 \end{document}
                    
You may provide a definition with
\DeclareUnicodeCharacter 


! Package inputenc Error: Unicode character 逐 (U+9010)
(inputenc)                not set up for use with LaTeX.

See the inputenc package documentation for explanation.
Type  H <return>  for immediate help.
 ...                                              
                                                  
l.382 \end{document}
                    
You may provide a definition with
\DeclareUnicodeCharacter 


! Package inputenc Error: Unicode character 句 (U+53E5)
(inputenc)                not set up for use with LaTeX.

See the inputenc package documentation for explanation.
Type  H <return>  for immediate help.
 ...                                              
                                                  
l.382 \end{document}
                    
You may provide a definition with
\DeclareUnicodeCharacter 


! Package inputenc Error: Unicode character 对 (U+5BF9)
(inputenc)                not set up for use with LaTeX.

See the inputenc package documentation for explanation.
Type  H <return>  for immediate help.
 ...                                              
                                                  
l.382 \end{document}
                    
You may provide a definition with
\DeclareUnicodeCharacter 


! Package inputenc Error: Unicode character 照 (U+7167)
(inputenc)                not set up for use with LaTeX.

See the inputenc package documentation for explanation.
Type  H <return>  for immediate help.
 ...                                              
                                                  
l.382 \end{document}
                    
You may provide a definition with
\DeclareUnicodeCharacter 

[7] (./main_complete_bilingual_full.aux)

LaTeX Font Warning: Some font shapes were not available, defaults substituted.

 ) 
Here is how much of TeX's memory you used:
 5554 strings out of 481008
 72153 string characters out of 5909440
 371823 words of memory out of 5000000
 22414 multiletter control sequences out of 15000+600000
 452101 words of font info for 185 fonts, out of 8000000 for 9000
 14 hyphenation exceptions out of 8191
 68i,11n,74p,285b,913s stack positions out of 5000i,500n,10000p,200000b,80000s
{/usr/share/texlive/texmf-dist/fonts/enc/dvips/cm-super/cm-super-t1.enc}</usr
/share/texlive/texmf-dist/fonts/type1/public/amsfonts/cm/cmex10.pfb></usr/share
/texlive/texmf-dist/fonts/type1/public/amsfonts/cm/cmmi10.pfb></usr/share/texli
ve/texmf-dist/fonts/type1/public/amsfonts/cm/cmmi5.pfb></usr/share/texlive/texm
f-dist/fonts/type1/public/amsfonts/cm/cmmi7.pfb></usr/share/texlive/texmf-dist/
fonts/type1/public/amsfonts/cm/cmr10.pfb></usr/share/texlive/texmf-dist/fonts/t
ype1/public/amsfonts/cm/cmr5.pfb></usr/share/texlive/texmf-dist/fonts/type1/pub
lic/amsfonts/cm/cmr7.pfb></usr/share/texlive/texmf-dist/fonts/type1/public/amsf
onts/cm/cmsy10.pfb></usr/share/texlive/texmf-dist/fonts/type1/public/amsfonts/c
m/cmsy7.pfb></usr/share/texlive/texmf-dist/fonts/type1/arphic/gbsnu/gbsnu30.pfb
></usr/share/texlive/texmf-dist/fonts/type1/arphic/gbsnu/gbsnu4e.pfb></usr/shar
e/texlive/texmf-dist/fonts/type1/arphic/gbsnu/gbsnu4f.pfb></usr/share/texlive/t
exmf-dist/fonts/type1/arphic/gbsnu/gbsnu50.pfb></usr/share/texlive/texmf-dist/f
onts/type1/arphic/gbsnu/gbsnu51.pfb></usr/share/texlive/texmf-dist/fonts/type1/
arphic/gbsnu/gbsnu52.pfb></usr/share/texlive/texmf-dist/fonts/type1/arphic/gbsn
u/gbsnu53.pfb></usr/share/texlive/texmf-dist/fonts/type1/arphic/gbsnu/gbsnu54.p
fb></usr/share/texlive/texmf-dist/fonts/type1/arphic/gbsnu/gbsnu56.pfb></usr/sh
are/texlive/texmf-dist/fonts/type1/arphic/gbsnu/gbsnu57.pfb></usr/share/texlive
/texmf-dist/fonts/type1/arphic/gbsnu/gbsnu58.pfb></usr/share/texlive/texmf-dist
/fonts/type1/arphic/gbsnu/gbsnu59.pfb></usr/share/texlive/texmf-dist/fonts/type
1/arphic/gbsnu/gbsnu5b.pfb></usr/share/texlive/texmf-dist/fonts/type1/arphic/gb
snu/gbsnu5c.pfb></usr/share/texlive/texmf-dist/fonts/type1/arphic/gbsnu/gbsnu5d
.pfb></usr/share/texlive/texmf-dist/fonts/type1/arphic/gbsnu/gbsnu5e.pfb></usr/
share/texlive/texmf-dist/fonts/type1/arphic/gbsnu/gbsnu5f.pfb></usr/share/texli
ve/texmf-dist/fonts/type1/arphic/gbsnu/gbsnu60.pfb></usr/share/texlive/texmf-di
st/fonts/type1/arphic/gbsnu/gbsnu62.pfb></usr/share/texlive/texmf-dist/fonts/ty
pe1/arphic/gbsnu/gbsnu63.pfb></usr/share/texlive/texmf-dist/fonts/type1/arphic/
gbsnu/gbsnu64.pfb></usr/share/texlive/texmf-dist/fonts/type1/arphic/gbsnu/gbsnu
65.pfb></usr/share/texlive/texmf-dist/fonts/type1/arphic/gbsnu/gbsnu66.pfb></us
r/share/texlive/texmf-dist/fonts/type1/arphic/gbsnu/gbsnu67.pfb></usr/share/tex
live/texmf-dist/fonts/type1/arphic/gbsnu/gbsnu68.pfb></usr/share/texlive/texmf-
dist/fonts/type1/arphic/gbsnu/gbsnu69.pfb></usr/share/texlive/texmf-dist/fonts/
type1/arphic/gbsnu/gbsnu6a.pfb></usr/share/texlive/texmf-dist/fonts/type1/arphi
c/gbsnu/gbsnu6b.pfb></usr/share/texlive/texmf-dist/fonts/type1/arphic/gbsnu/gbs
nu6c.pfb></usr/share/texlive/texmf-dist/fonts/type1/arphic/gbsnu/gbsnu6d.pfb></
usr/share/texlive/texmf-dist/fonts/type1/arphic/gbsnu/gbsnu6e.pfb></usr/share/t
exlive/texmf-dist/fonts/type1/arphic/gbsnu/gbsnu6f.pfb></usr/share/texlive/texm
f-dist/fonts/type1/arphic/gbsnu/gbsnu70.pfb></usr/share/texlive/texmf-dist/font
s/type1/arphic/gbsnu/gbsnu71.pfb></usr/share/texlive/texmf-dist/fonts/type1/arp
hic/gbsnu/gbsnu72.pfb></usr/share/texlive/texmf-dist/fonts/type1/arphic/gbsnu/g
bsnu73.pfb></usr/share/texlive/texmf-dist/fonts/type1/arphic/gbsnu/gbsnu74.pfb>
</usr/share/texlive/texmf-dist/fonts/type1/arphic/gbsnu/gbsnu75.pfb></usr/share
/texlive/texmf-dist/fonts/type1/arphic/gbsnu/gbsnu76.pfb></usr/share/texlive/te
xmf-dist/fonts/type1/arphic/gbsnu/gbsnu77.pfb></usr/share/texlive/texmf-dist/fo
nts/type1/arphic/gbsnu/gbsnu78.pfb></usr/share/texlive/texmf-dist/fonts/type1/a
rphic/gbsnu/gbsnu79.pfb></usr/share/texlive/texmf-dist/fonts/type1/arphic/gbsnu
/gbsnu7a.pfb></usr/share/texlive/texmf-dist/fonts/type1/arphic/gbsnu/gbsnu7b.pf
b></usr/share/texlive/texmf-dist/fonts/type1/arphic/gbsnu/gbsnu7c.pfb></usr/sha
re/texlive/texmf-dist/fonts/type1/arphic/gbsnu/gbsnu7d.pfb></usr/share/texlive/
texmf-dist/fonts/type1/arphic/gbsnu/gbsnu7e.pfb></usr/share/texlive/texmf-dist/
fonts/type1/arphic/gbsnu/gbsnu7f.pfb></usr/share/texlive/texmf-dist/fonts/type1
/arphic/gbsnu/gbsnu80.pfb></usr/share/texlive/texmf-dist/fonts/type1/arphic/gbs
nu/gbsnu81.pfb></usr/share/texlive/texmf-dist/fonts/type1/arphic/gbsnu/gbsnu82.
pfb></usr/share/texlive/texmf-dist/fonts/type1/arphic/gbsnu/gbsnu83.pfb></usr/s
hare/texlive/texmf-dist/fonts/type1/arphic/gbsnu/gbsnu84.pfb></usr/share/texliv
e/texmf-dist/fonts/type1/arphic/gbsnu/gbsnu86.pfb></usr/share/texlive/texmf-dis
t/fonts/type1/arphic/gbsnu/gbsnu88.pfb></usr/share/texlive/texmf-dist/fonts/typ
e1/arphic/gbsnu/gbsnu89.pfb></usr/share/texlive/texmf-dist/fonts/type1/arphic/g
bsnu/gbsnu8a.pfb></usr/share/texlive/texmf-dist/fonts/type1/arphic/gbsnu/gbsnu8
b.pfb></usr/share/texlive/texmf-dist/fonts/type1/arphic/gbsnu/gbsnu8c.pfb></usr
/share/texlive/texmf-dist/fonts/type1/arphic/gbsnu/gbsnu8d.pfb></usr/share/texl
ive/texmf-dist/fonts/type1/arphic/gbsnu/gbsnu8f.pfb></usr/share/texlive/texmf-d
ist/fonts/type1/arphic/gbsnu/gbsnu90.pfb></usr/share/texlive/texmf-dist/fonts/t
ype1/arphic/gbsnu/gbsnu91.pfb></usr/share/texlive/texmf-dist/fonts/type1/arphic
/gbsnu/gbsnu95.pfb></usr/share/texlive/texmf-dist/fonts/type1/arphic/gbsnu/gbsn
u96.pfb></usr/share/texlive/texmf-dist/fonts/type1/arphic/gbsnu/gbsnu97.pfb></u
sr/share/texlive/texmf-dist/fonts/type1/arphic/gbsnu/gbsnu98.pfb></usr/share/te
xlive/texmf-dist/fonts/type1/arphic/gbsnu/gbsnu99.pfb></usr/share/texlive/texmf
-dist/fonts/type1/arphic/gbsnu/gbsnu9a.pfb></usr/share/texlive/texmf-dist/fonts
/type1/arphic/gbsnu/gbsnu9e.pfb></usr/share/texlive/texmf-dist/fonts/type1/arph
ic/gbsnu/gbsnu9f.pfb></usr/share/texlive/texmf-dist/fonts/type1/arphic/gbsnu/gb
snuff.pfb></usr/share/texlive/texmf-dist/fonts/type1/public/cm-super/sfbi1000.p
fb></usr/share/texlive/texmf-dist/fonts/type1/public/cm-super/sfbx1000.pfb></us
r/share/texlive/texmf-dist/fonts/type1/public/cm-super/sfbx1440.pfb></usr/share
/texlive/texmf-dist/fonts/type1/public/cm-super/sfrm0900.pfb></usr/share/texliv
e/texmf-dist/fonts/type1/public/cm-super/sfrm1000.pfb></usr/share/texlive/texmf
-dist/fonts/type1/public/cm-super/sfrm1200.pfb></usr/share/texlive/texmf-dist/f
onts/type1/public/cm-super/sfrm1728.pfb></usr/share/texlive/texmf-dist/fonts/ty
pe1/public/cm-super/sfti1000.pfb>
Output written on main_complete_bilingual_full.pdf (7 pages, 603410 bytes).
PDF statistics:
 459 PDF objects out of 1000 (max. 8388607)
 286 compressed objects within 3 object streams
 0 named destinations out of 1000 (max. 500000)
 289 words of extra memory for PDF output out of 10000 (max. 10000000)

