\BOOKMARK [1][-]{section.1}{\376\377\137\025\212\000}{}% 1
\BOOKMARK [2][-]{subsection.1.1}{\376\377\150\070\137\303\225\356\230\230}{section.1}% 2
\BOOKMARK [2][-]{subsection.1.2}{\376\377\116\073\211\201\176\323\147\234}{section.1}% 3
\BOOKMARK [1][-]{section.2}{\376\377\164\006\213\272\127\372\170\100}{}% 4
\BOOKMARK [2][-]{subsection.2.1}{\376\377\160\355\150\070\116\016\214\061\176\364\136\246}{section.2}% 5
\BOOKMARK [1][-]{section.3}{\376\377\116\011\174\373\176\337\133\371\136\224\121\163\174\373}{}% 6
\BOOKMARK [2][-]{subsection.3.1}{\376\377\145\313\217\154\174\373\176\337\377\010\000E\000-\0006\377\011}{section.3}% 7
\BOOKMARK [2][-]{subsection.3.2}{\376\377\236\321\155\036\174\373\176\337}{section.3}% 8
\BOOKMARK [2][-]{subsection.3.3}{\376\377\221\317\133\120\137\025\122\233}{section.3}% 9
\BOOKMARK [1][-]{section.4}{\376\377\133\236\232\214\232\214\213\301}{}% 10
\BOOKMARK [2][-]{subsection.4.1}{\376\377\000C\000u\0002\000O\221\314\137\267\130\041\157\300\133\120}{section.4}% 11
\BOOKMARK [2][-]{subsection.4.2}{\376\377\000S\000n\000a\000p\000P\000y\123\314\146\362\116\011\176\364\155\101\137\142}{section.4}% 12
\BOOKMARK [2][-]{subsection.4.3}{\376\377\116\214\176\364\154\042\123\237\133\120\152\041\142\337}{section.4}% 13
\BOOKMARK [1][-]{section.5}{\376\377\136\224\165\050\116\016\134\125\147\033}{}% 14
\BOOKMARK [2][-]{subsection.5.1}{\376\377\137\025\122\233\154\342\117\040\144\255}{section.5}% 15
\BOOKMARK [2][-]{subsection.5.2}{\376\377\133\207\133\231\133\146}{section.5}% 16
\BOOKMARK [2][-]{subsection.5.3}{\376\377\121\335\200\132\140\001\174\373\176\337}{section.5}% 17
\BOOKMARK [1][-]{section.6}{\376\377\176\323\213\272}{}% 18
\BOOKMARK [2][-]{subsection.6.1}{\376\377\140\073\176\323}{section.6}% 19
\BOOKMARK [2][-]{subsection.6.2}{\376\377\147\052\147\145\145\271\124\021}{section.6}% 20
