\BOOKMARK [1][-]{section.1}{\376\377\000I\000n\000t\000r\000o\000d\000u\000c\000t\000i\000o\000n}{}% 1
\BOOKMARK [1][-]{section.2}{\376\377\000I\000n\000t\000r\000o\000d\000u\000c\000t\000i\000o\000n}{}% 2
\BOOKMARK [2][-]{subsection.2.1}{\376\377\000T\000h\000e\000\040\000D\000i\000m\000e\000n\000s\000i\000o\000n\000\040\000P\000r\000o\000b\000l\000e\000m\000\040\000i\000n\000\040\000M\000o\000d\000e\000r\000n\000\040\000P\000h\000y\000s\000i\000c\000s}{section.2}% 3
\BOOKMARK [2][-]{subsection.2.2}{\376\377\000H\000i\000s\000t\000o\000r\000i\000c\000a\000l\000\040\000D\000e\000v\000e\000l\000o\000p\000m\000e\000n\000t}{section.2}% 4
\BOOKMARK [2][-]{subsection.2.3}{\376\377\000T\000h\000e\000\040\000U\000n\000i\000f\000i\000e\000d\000\040\000F\000r\000a\000m\000e\000w\000o\000r\000k}{section.2}% 5
\BOOKMARK [2][-]{subsection.2.4}{\376\377\000S\000t\000r\000u\000c\000t\000u\000r\000e\000\040\000o\000f\000\040\000T\000h\000i\000s\000\040\000R\000e\000v\000i\000e\000w}{section.2}% 6
\BOOKMARK [1][-]{section.3}{\376\377\000T\000h\000e\000o\000r\000e\000t\000i\000c\000a\000l\000\040\000F\000o\000u\000n\000d\000a\000t\000i\000o\000n\000s}{}% 7
\BOOKMARK [1][-]{section.4}{\376\377\000T\000h\000e\000o\000r\000e\000t\000i\000c\000a\000l\000\040\000F\000o\000u\000n\000d\000a\000t\000i\000o\000n\000s}{}% 8
\BOOKMARK [2][-]{subsection.4.1}{\376\377\000H\000e\000a\000t\000\040\000K\000e\000r\000n\000e\000l\000\040\000a\000n\000d\000\040\000S\000p\000e\000c\000t\000r\000a\000l\000\040\000D\000i\000m\000e\000n\000s\000i\000o\000n}{section.4}% 9
\BOOKMARK [3][-]{subsubsection.4.1.1}{\376\377\000M\000a\000t\000h\000e\000m\000a\000t\000i\000c\000a\000l\000\040\000D\000e\000f\000i\000n\000i\000t\000i\000o\000n}{subsection.4.1}% 10
\BOOKMARK [3][-]{subsubsection.4.1.2}{\376\377\000A\000s\000y\000m\000p\000t\000o\000t\000i\000c\000\040\000E\000x\000p\000a\000n\000s\000i\000o\000n}{subsection.4.1}% 11
\BOOKMARK [3][-]{subsubsection.4.1.3}{\376\377\000S\000p\000e\000c\000t\000r\000a\000l\000\040\000D\000i\000m\000e\000n\000s\000i\000o\000n}{subsection.4.1}% 12
\BOOKMARK [2][-]{subsection.4.2}{\376\377\000T\000h\000e\000\040\000c\040\201\000\040\000F\000o\000r\000m\000u\000l\000a\000\040\000D\000e\000r\000i\000v\000a\000t\000i\000o\000n}{section.4}% 13
\BOOKMARK [3][-]{subsubsection.4.2.1}{\376\377\000I\000n\000f\000o\000r\000m\000a\000t\000i\000o\000n\000-\000T\000h\000e\000o\000r\000e\000t\000i\000c\000\040\000A\000p\000p\000r\000o\000a\000c\000h}{subsection.4.2}% 14
\BOOKMARK [3][-]{subsubsection.4.2.2}{\376\377\000S\000t\000a\000t\000i\000s\000t\000i\000c\000a\000l\000\040\000M\000e\000c\000h\000a\000n\000i\000c\000s\000\040\000D\000e\000r\000i\000v\000a\000t\000i\000o\000n}{subsection.4.2}% 15
\BOOKMARK [3][-]{subsubsection.4.2.3}{\376\377\000H\000o\000l\000o\000g\000r\000a\000p\000h\000i\000c\000\040\000I\000n\000t\000e\000r\000p\000r\000e\000t\000a\000t\000i\000o\000n}{subsection.4.2}% 16
\BOOKMARK [2][-]{subsection.4.3}{\376\377\000U\000n\000i\000v\000e\000r\000s\000a\000l\000\040\000C\000o\000n\000s\000t\000r\000a\000i\000n\000t\000\040\000M\000e\000c\000h\000a\000n\000i\000s\000m}{section.4}% 17
\BOOKMARK [3][-]{subsubsection.4.3.1}{\376\377\000T\000h\000e\000\040\000F\000u\000n\000d\000a\000m\000e\000n\000t\000a\000l\000\040\000C\000o\000r\000r\000e\000s\000p\000o\000n\000d\000e\000n\000c\000e}{subsection.4.3}% 18
\BOOKMARK [3][-]{subsubsection.4.3.2}{\376\377\000C\000o\000n\000s\000t\000r\000a\000i\000n\000t\000\040\000P\000a\000r\000a\000m\000e\000t\000e\000r}{subsection.4.3}% 19
\BOOKMARK [3][-]{subsubsection.4.3.3}{\376\377\000E\000m\000e\000r\000g\000e\000n\000t\000\040\000D\000i\000m\000e\000n\000s\000i\000o\000n\000\040\000P\000a\000r\000a\000d\000i\000g\000m}{subsection.4.3}% 20
\BOOKMARK [1][-]{section.5}{\376\377\000T\000h\000r\000e\000e\000-\000S\000y\000s\000t\000e\000m\000\040\000C\000o\000r\000r\000e\000s\000p\000o\000n\000d\000e\000n\000c\000e}{}% 21
\BOOKMARK [1][-]{section.6}{\376\377\000T\000h\000r\000e\000e\000-\000S\000y\000s\000t\000e\000m\000\040\000C\000o\000r\000r\000e\000s\000p\000o\000n\000d\000e\000n\000c\000e}{}% 22
\BOOKMARK [2][-]{subsection.6.1}{\376\377\000R\000o\000t\000a\000t\000i\000o\000n\000\040\000S\000y\000s\000t\000e\000m\000s}{section.6}% 23
\BOOKMARK [3][-]{subsubsection.6.1.1}{\376\377\000E\000-\0006\000\040\000E\000x\000p\000e\000r\000i\000m\000e\000n\000t}{subsection.6.1}% 24
\BOOKMARK [3][-]{subsubsection.6.1.2}{\376\377\000T\000h\000e\000o\000r\000e\000t\000i\000c\000a\000l\000\040\000M\000o\000d\000e\000l}{subsection.6.1}% 25
\BOOKMARK [2][-]{subsection.6.2}{\376\377\000B\000l\000a\000c\000k\000\040\000H\000o\000l\000e\000\040\000S\000y\000s\000t\000e\000m\000s}{section.6}% 26
\BOOKMARK [3][-]{subsubsection.6.2.1}{\376\377\000S\000c\000h\000w\000a\000r\000z\000s\000c\000h\000i\000l\000d\000\040\000G\000e\000o\000m\000e\000t\000r\000y}{subsection.6.2}% 27
\BOOKMARK [3][-]{subsubsection.6.2.2}{\376\377\000N\000e\000a\000r\000-\000H\000o\000r\000i\000z\000o\000n\000\040\000L\000i\000m\000i\000t}{subsection.6.2}% 28
\BOOKMARK [3][-]{subsubsection.6.2.3}{\376\377\000H\000e\000a\000t\000\040\000K\000e\000r\000n\000e\000l\000\040\000C\000a\000l\000c\000u\000l\000a\000t\000i\000o\000n}{subsection.6.2}% 29
\BOOKMARK [2][-]{subsection.6.3}{\376\377\000Q\000u\000a\000n\000t\000u\000m\000\040\000G\000r\000a\000v\000i\000t\000y}{section.6}% 30
\BOOKMARK [3][-]{subsubsection.6.3.1}{\376\377\000U\000V\000/\000I\000R\000\040\000S\000t\000r\000u\000c\000t\000u\000r\000e}{subsection.6.3}% 31
\BOOKMARK [3][-]{subsubsection.6.3.2}{\376\377\000V\000a\000r\000i\000o\000u\000s\000\040\000A\000p\000p\000r\000o\000a\000c\000h\000e\000s}{subsection.6.3}% 32
\BOOKMARK [3][-]{subsubsection.6.3.3}{\376\377\000H\000o\000l\000o\000g\000r\000a\000p\000h\000i\000c\000\040\000P\000r\000i\000n\000c\000i\000p\000l\000e}{subsection.6.3}% 33
\BOOKMARK [2][-]{subsection.6.4}{\376\377\000U\000n\000i\000v\000e\000r\000s\000a\000l\000\040\000C\000o\000m\000p\000a\000r\000i\000s\000o\000n}{section.6}% 34
\BOOKMARK [3][-]{subsubsection.6.4.1}{\376\377\000C\000o\000n\000s\000t\000r\000a\000i\000n\000t\000-\000D\000i\000m\000e\000n\000s\000i\000o\000n\000\040\000C\000o\000r\000r\000e\000s\000p\000o\000n\000d\000e\000n\000c\000e}{subsection.6.4}% 35
\BOOKMARK [3][-]{subsubsection.6.4.2}{\376\377\000M\000a\000t\000h\000e\000m\000a\000t\000i\000c\000a\000l\000\040\000U\000n\000i\000t\000y}{subsection.6.4}% 36
\BOOKMARK [1][-]{section.7}{\376\377\000E\000x\000p\000e\000r\000i\000m\000e\000n\000t\000a\000l\000\040\000V\000a\000l\000i\000d\000a\000t\000i\000o\000n\000s}{}% 37
\BOOKMARK [1][-]{section.8}{\376\377\000E\000x\000p\000e\000r\000i\000m\000e\000n\000t\000a\000l\000\040\000V\000a\000l\000i\000d\000a\000t\000i\000o\000n\000s}{}% 38
\BOOKMARK [2][-]{subsection.8.1}{\376\377\000C\000u\040\202\000O\000\040\000R\000y\000d\000b\000e\000r\000g\000\040\000E\000x\000c\000i\000t\000o\000n\000s}{section.8}% 39
\BOOKMARK [3][-]{subsubsection.8.1.1}{\376\377\000E\000x\000p\000e\000r\000i\000m\000e\000n\000t\000a\000l\000\040\000S\000e\000t\000u\000p}{subsection.8.1}% 40
\BOOKMARK [3][-]{subsubsection.8.1.2}{\376\377\000D\000a\000t\000a\000\040\000A\000n\000a\000l\000y\000s\000i\000s}{subsection.8.1}% 41
\BOOKMARK [3][-]{subsubsection.8.1.3}{\376\377\000R\000e\000s\000u\000l\000t\000s}{subsection.8.1}% 42
\BOOKMARK [3][-]{subsubsection.8.1.4}{\376\377\000S\000t\000a\000t\000i\000s\000t\000i\000c\000a\000l\000\040\000A\000n\000a\000l\000y\000s\000i\000s}{subsection.8.1}% 43
\BOOKMARK [2][-]{subsection.8.2}{\376\377\000N\000u\000m\000e\000r\000i\000c\000a\000l\000\040\000S\000i\000m\000u\000l\000a\000t\000i\000o\000n\000s}{section.8}% 44
\BOOKMARK [3][-]{subsubsection.8.2.1}{\376\377\000S\000n\000a\000p\000P\000y\000\040\000H\000y\000p\000e\000r\000b\000o\000l\000i\000c\000\040\000M\000a\000n\000i\000f\000o\000l\000d\000s}{subsection.8.2}% 45
\BOOKMARK [3][-]{subsubsection.8.2.2}{\376\377\0002\000D\000\040\000H\000y\000d\000r\000o\000g\000e\000n\000\040\000A\000t\000o\000m\000\040\000S\000i\000m\000u\000l\000a\000t\000i\000o\000n}{subsection.8.2}% 46
\BOOKMARK [2][-]{subsection.8.3}{\376\377\000T\000a\000b\000l\000e\000t\000o\000p\000\040\000E\000x\000p\000e\000r\000i\000m\000e\000n\000t\000s}{section.8}% 47
\BOOKMARK [3][-]{subsubsection.8.3.1}{\376\377\000E\000-\0006\000\040\000R\000o\000t\000a\000t\000i\000o\000n\000\040\000S\000y\000s\000t\000e\000m}{subsection.8.3}% 48
\BOOKMARK [2][-]{subsection.8.4}{\376\377\000C\000r\000o\000s\000s\000-\000V\000a\000l\000i\000d\000a\000t\000i\000o\000n\000\040\000S\000u\000m\000m\000a\000r\000y}{section.8}% 49
\BOOKMARK [1][-]{section.9}{\376\377\000A\000p\000p\000l\000i\000c\000a\000t\000i\000o\000n\000s}{}% 50
\BOOKMARK [1][-]{section.10}{\376\377\000A\000p\000p\000l\000i\000c\000a\000t\000i\000o\000n\000s\000\040\000a\000n\000d\000\040\000E\000x\000t\000e\000n\000s\000i\000o\000n\000s}{}% 51
\BOOKMARK [2][-]{subsection.10.1}{\376\377\000G\000r\000a\000v\000i\000t\000a\000t\000i\000o\000n\000a\000l\000\040\000W\000a\000v\000e\000\040\000A\000s\000t\000r\000o\000n\000o\000m\000y}{section.10}% 52
\BOOKMARK [3][-]{subsubsection.10.1.1}{\376\377\000W\000a\000v\000e\000f\000o\000r\000m\000\040\000M\000o\000d\000i\000f\000i\000c\000a\000t\000i\000o\000n\000s}{subsection.10.1}% 53
\BOOKMARK [3][-]{subsubsection.10.1.2}{\376\377\000G\000W\0001\0005\0000\0009\0001\0004\000\040\000A\000n\000a\000l\000y\000s\000i\000s}{subsection.10.1}% 54
\BOOKMARK [3][-]{subsubsection.10.1.3}{\376\377\000F\000u\000t\000u\000r\000e\000\040\000D\000e\000t\000e\000c\000t\000o\000r\000s}{subsection.10.1}% 55
\BOOKMARK [2][-]{subsection.10.2}{\376\377\000C\000o\000s\000m\000o\000l\000o\000g\000y}{section.10}% 56
\BOOKMARK [3][-]{subsubsection.10.2.1}{\376\377\000E\000a\000r\000l\000y\000\040\000U\000n\000i\000v\000e\000r\000s\000e}{subsection.10.2}% 57
\BOOKMARK [3][-]{subsubsection.10.2.2}{\376\377\000P\000r\000i\000m\000o\000r\000d\000i\000a\000l\000\040\000G\000r\000a\000v\000i\000t\000a\000t\000i\000o\000n\000a\000l\000\040\000W\000a\000v\000e\000s}{subsection.10.2}% 58
\BOOKMARK [3][-]{subsubsection.10.2.3}{\376\377\000C\000M\000B\000\040\000I\000m\000p\000l\000i\000c\000a\000t\000i\000o\000n\000s}{subsection.10.2}% 59
\BOOKMARK [2][-]{subsection.10.3}{\376\377\000C\000o\000n\000d\000e\000n\000s\000e\000d\000\040\000M\000a\000t\000t\000e\000r\000\040\000S\000y\000s\000t\000e\000m\000s}{section.10}% 60
\BOOKMARK [3][-]{subsubsection.10.3.1}{\376\377\000Q\000u\000a\000n\000t\000u\000m\000\040\000W\000e\000l\000l\000\040\000S\000p\000e\000c\000t\000r\000o\000s\000c\000o\000p\000y}{subsection.10.3}% 61
\BOOKMARK [3][-]{subsubsection.10.3.2}{\376\377\000T\000r\000a\000n\000s\000i\000t\000i\000o\000n\000\040\000M\000e\000t\000a\000l\000\040\000D\000i\000c\000h\000a\000l\000c\000o\000g\000e\000n\000i\000d\000e\000s}{subsection.10.3}% 62
\BOOKMARK [3][-]{subsubsection.10.3.3}{\376\377\000G\000r\000a\000p\000h\000e\000n\000e\000\040\000a\000n\000d\000\040\0002\000D\000\040\000M\000a\000t\000e\000r\000i\000a\000l\000s}{subsection.10.3}% 63
\BOOKMARK [2][-]{subsection.10.4}{\376\377\000Q\000u\000a\000n\000t\000u\000m\000\040\000I\000n\000f\000o\000r\000m\000a\000t\000i\000o\000n}{section.10}% 64
\BOOKMARK [3][-]{subsubsection.10.4.1}{\376\377\000E\000n\000t\000a\000n\000g\000l\000e\000m\000e\000n\000t\000\040\000S\000t\000r\000u\000c\000t\000u\000r\000e}{subsection.10.4}% 65
\BOOKMARK [3][-]{subsubsection.10.4.2}{\376\377\000H\000o\000l\000o\000g\000r\000a\000p\000h\000i\000c\000\040\000E\000n\000t\000a\000n\000g\000l\000e\000m\000e\000n\000t}{subsection.10.4}% 66
\BOOKMARK [1][-]{section.11}{\376\377\000O\000u\000t\000l\000o\000o\000k\000\040\000a\000n\000d\000\040\000C\000o\000n\000c\000l\000u\000s\000i\000o\000n}{}% 67
\BOOKMARK [1][-]{section.12}{\376\377\000O\000u\000t\000l\000o\000o\000k\000\040\000a\000n\000d\000\040\000F\000u\000t\000u\000r\000e\000\040\000D\000i\000r\000e\000c\000t\000i\000o\000n\000s}{}% 68
\BOOKMARK [2][-]{subsection.12.1}{\376\377\000O\000p\000e\000n\000\040\000T\000h\000e\000o\000r\000e\000t\000i\000c\000a\000l\000\040\000Q\000u\000e\000s\000t\000i\000o\000n\000s}{section.12}% 69
\BOOKMARK [3][-]{subsubsection.12.1.1}{\376\377\000M\000a\000t\000h\000e\000m\000a\000t\000i\000c\000a\000l\000\040\000R\000i\000g\000o\000r}{subsection.12.1}% 70
\BOOKMARK [3][-]{subsubsection.12.1.2}{\376\377\000Q\000u\000a\000n\000t\000u\000m\000\040\000G\000r\000a\000v\000i\000t\000y\000\040\000I\000n\000t\000e\000g\000r\000a\000t\000i\000o\000n}{subsection.12.1}% 71
\BOOKMARK [2][-]{subsection.12.2}{\376\377\000E\000x\000p\000e\000r\000i\000m\000e\000n\000t\000a\000l\000\040\000O\000p\000p\000o\000r\000t\000u\000n\000i\000t\000i\000e\000s}{section.12}% 72
\BOOKMARK [3][-]{subsubsection.12.2.1}{\376\377\000I\000m\000m\000e\000d\000i\000a\000t\000e\000\040\000P\000r\000o\000s\000p\000e\000c\000t\000s}{subsection.12.2}% 73
\BOOKMARK [3][-]{subsubsection.12.2.2}{\376\377\000L\000o\000n\000g\000-\000t\000e\000r\000m\000\040\000V\000i\000s\000i\000o\000n}{subsection.12.2}% 74
\BOOKMARK [2][-]{subsection.12.3}{\376\377\000C\000o\000n\000n\000e\000c\000t\000i\000o\000n\000s\000\040\000t\000o\000\040\000O\000t\000h\000e\000r\000\040\000F\000i\000e\000l\000d\000s}{section.12}% 75
\BOOKMARK [3][-]{subsubsection.12.3.1}{\376\377\000C\000o\000m\000p\000l\000e\000x\000\040\000S\000y\000s\000t\000e\000m\000s}{subsection.12.3}% 76
\BOOKMARK [3][-]{subsubsection.12.3.2}{\376\377\000M\000a\000c\000h\000i\000n\000e\000\040\000L\000e\000a\000r\000n\000i\000n\000g}{subsection.12.3}% 77
\BOOKMARK [2][-]{subsection.12.4}{\376\377\000P\000h\000i\000l\000o\000s\000o\000p\000h\000i\000c\000a\000l\000\040\000I\000m\000p\000l\000i\000c\000a\000t\000i\000o\000n\000s}{section.12}% 78
\BOOKMARK [2][-]{subsection.12.5}{\376\377\000C\000o\000n\000c\000l\000u\000s\000i\000o\000n}{section.12}% 79
