\BOOKMARK [1][-]{section.1}{\376\377\000I\000n\000t\000r\000o\000d\000u\000c\000t\000i\000o\000n\000\040\000/\000\040\137\025\212\000}{}% 1
\BOOKMARK [2][-]{subsection.1.1}{\376\377\000C\000o\000r\000e\000\040\000Q\000u\000e\000s\000t\000i\000o\000n\000s\000\040\000/\000\040\150\070\137\303\225\356\230\230}{section.1}% 2
\BOOKMARK [2][-]{subsection.1.2}{\376\377\000M\000a\000i\000n\000\040\000R\000e\000s\000u\000l\000t\000s\000\040\000/\000\040\116\073\211\201\176\323\147\234}{section.1}% 3
\BOOKMARK [1][-]{section.2}{\376\377\000T\000h\000e\000o\000r\000e\000t\000i\000c\000a\000l\000\040\000F\000o\000u\000n\000d\000a\000t\000i\000o\000n\000s\000\040\000/\000\040\164\006\213\272\127\372\170\100}{}% 4
\BOOKMARK [2][-]{subsection.2.1}{\376\377\000H\000e\000a\000t\000\040\000K\000e\000r\000n\000e\000l\000\040\000a\000n\000d\000\040\000S\000p\000e\000c\000t\000r\000a\000l\000\040\000D\000i\000m\000e\000n\000s\000i\000o\000n\000\040\000/\000\040\160\355\150\070\116\016\214\061\176\364\136\246}{section.2}% 5
\BOOKMARK [1][-]{section.3}{\376\377\000T\000h\000r\000e\000e\000-\000S\000y\000s\000t\000e\000m\000\040\000C\000o\000r\000r\000e\000s\000p\000o\000n\000d\000e\000n\000c\000e\000\040\000/\000\040\116\011\174\373\176\337\133\371\136\224}{}% 6
\BOOKMARK [2][-]{subsection.3.1}{\376\377\000R\000o\000t\000a\000t\000i\000o\000n\000\040\000S\000y\000s\000t\000e\000m\000s\000\040\000\050\000E\000-\0006\000\051\000\040\000/\000\040\145\313\217\154\174\373\176\337\377\010\000E\000-\0006\377\011}{section.3}% 7
\BOOKMARK [2][-]{subsection.3.2}{\376\377\000B\000l\000a\000c\000k\000\040\000H\000o\000l\000e\000\040\000S\000y\000s\000t\000e\000m\000s\000\040\000/\000\040\236\321\155\036\174\373\176\337}{section.3}% 8
\BOOKMARK [2][-]{subsection.3.3}{\376\377\000Q\000u\000a\000n\000t\000u\000m\000\040\000G\000r\000a\000v\000i\000t\000y\000\040\000/\000\040\221\317\133\120\137\025\122\233}{section.3}% 9
\BOOKMARK [1][-]{section.4}{\376\377\000E\000x\000p\000e\000r\000i\000m\000e\000n\000t\000a\000l\000\040\000V\000a\000l\000i\000d\000a\000t\000i\000o\000n\000s\000\040\000/\000\040\133\236\232\214\232\214\213\301}{}% 10
\BOOKMARK [2][-]{subsection.4.1}{\376\377\000C\000u\0002\000O\000\040\000R\000y\000d\000b\000e\000r\000g\000\040\000E\000x\000c\000i\000t\000o\000n\000s\000\040\000/\000\040\000C\000u\0002\000O\221\314\137\267\130\041\157\300\133\120}{section.4}% 11
\BOOKMARK [2][-]{subsection.4.2}{\376\377\000S\000n\000a\000p\000P\000y\000\040\000H\000y\000p\000e\000r\000b\000o\000l\000i\000c\000\040\0003\000-\000M\000a\000n\000i\000f\000o\000l\000d\000s\000\040\000/\000\040\000S\000n\000a\000p\000P\000y\123\314\146\362\116\011\176\364\155\101\137\142}{section.4}% 12
\BOOKMARK [2][-]{subsection.4.3}{\376\377\0002\000D\000\040\000H\000y\000d\000r\000o\000g\000e\000n\000\040\000S\000i\000m\000u\000l\000a\000t\000i\000o\000n\000\040\000/\000\040\116\214\176\364\154\042\123\237\133\120\152\041\142\337}{section.4}% 13
\BOOKMARK [1][-]{section.5}{\376\377\000A\000p\000p\000l\000i\000c\000a\000t\000i\000o\000n\000s\000\040\000/\000\040\136\224\165\050}{}% 14
\BOOKMARK [2][-]{subsection.5.1}{\376\377\000G\000r\000a\000v\000i\000t\000a\000t\000i\000o\000n\000a\000l\000\040\000W\000a\000v\000e\000\040\000P\000r\000o\000p\000a\000g\000a\000t\000i\000o\000n\000\040\000/\000\040\137\025\122\233\154\342\117\040\144\255}{section.5}% 15
\BOOKMARK [2][-]{subsection.5.2}{\376\377\000C\000o\000s\000m\000o\000l\000o\000g\000y\000\040\000/\000\040\133\207\133\231\133\146}{section.5}% 16
\BOOKMARK [2][-]{subsection.5.3}{\376\377\000C\000o\000n\000d\000e\000n\000s\000e\000d\000\040\000M\000a\000t\000t\000e\000r\000\040\000/\000\040\121\335\200\132\140\001\174\373\176\337}{section.5}% 17
\BOOKMARK [1][-]{section.6}{\376\377\000C\000o\000n\000c\000l\000u\000s\000i\000o\000n\000\040\000/\000\040\176\323\213\272}{}% 18
\BOOKMARK [2][-]{subsection.6.1}{\376\377\000S\000u\000m\000m\000a\000r\000y\000\040\000/\000\040\140\073\176\323}{section.6}% 19
\BOOKMARK [2][-]{subsection.6.2}{\376\377\000F\000u\000t\000u\000r\000e\000\040\000D\000i\000r\000e\000c\000t\000i\000o\000n\000s\000\040\000/\000\040\147\052\147\145\145\271\124\021}{section.6}% 20
