\BOOKMARK [1][-]{section*.2}{\376\377\144\130\211\201\000\040\000/\000\040\000A\000b\000s\000t\000r\000a\000c\000t}{}% 1
\BOOKMARK [1][-]{section.1}{\376\377\173\054\116\000\172\340\377\032\137\025\212\000\000\040\000/\000\040\000C\000h\000a\000p\000t\000e\000r\000\040\0001\000:\000\040\000I\000n\000t\000r\000o\000d\000u\000c\000t\000i\000o\000n}{}% 2
\BOOKMARK [2][-]{subsection.1.1}{\376\377\163\260\116\343\162\151\164\006\133\146\116\055\166\204\176\364\136\246\225\356\230\230\000\040\000/\000\040\000T\000h\000e\000\040\000D\000i\000m\000e\000n\000s\000i\000o\000n\000\040\000P\000r\000o\000b\000l\000e\000m\000\040\000i\000n\000\040\000M\000o\000d\000e\000r\000n\000\040\000P\000h\000y\000s\000i\000c\000s}{section.1}% 3
\BOOKMARK [2][-]{subsection.1.2}{\376\377\123\206\123\362\123\321\134\125\000\040\000/\000\040\000H\000i\000s\000t\000o\000r\000i\000c\000a\000l\000\040\000D\000e\000v\000e\000l\000o\000p\000m\000e\000n\000t}{section.1}% 4
\BOOKMARK [2][-]{subsection.1.3}{\376\377\176\337\116\000\150\106\147\266\000\040\000/\000\040\000T\000h\000e\000\040\000U\000n\000i\000f\000i\000e\000d\000\040\000F\000r\000a\000m\000e\000w\000o\000r\000k}{section.1}% 5
\BOOKMARK [2][-]{subsection.1.4}{\376\377\147\054\176\374\217\360\166\204\176\323\147\204\000\040\000/\000\040\000S\000t\000r\000u\000c\000t\000u\000r\000e\000\040\000o\000f\000\040\000T\000h\000i\000s\000\040\000R\000e\000v\000i\000e\000w}{section.1}% 6
\BOOKMARK [1][-]{section.2}{\376\377\173\054\116\214\172\340\377\032\164\006\213\272\127\372\170\100\000\040\000/\000\040\000C\000h\000a\000p\000t\000e\000r\000\040\0002\000:\000\040\000T\000h\000e\000o\000r\000e\000t\000i\000c\000a\000l\000\040\000F\000o\000u\000n\000d\000a\000t\000i\000o\000n\000s}{}% 7
\BOOKMARK [2][-]{subsection.2.1}{\376\377\160\355\150\070\116\016\214\061\176\364\136\246\000\040\000/\000\040\000H\000e\000a\000t\000\040\000K\000e\000r\000n\000e\000l\000\040\000a\000n\000d\000\040\000S\000p\000e\000c\000t\000r\000a\000l\000\040\000D\000i\000m\000e\000n\000s\000i\000o\000n}{section.2}% 8
\BOOKMARK [3][-]{subsubsection.2.1.1}{\376\377\145\160\133\146\133\232\116\111\000\040\000/\000\040\000M\000a\000t\000h\000e\000m\000a\000t\000i\000c\000a\000l\000\040\000D\000e\000f\000i\000n\000i\000t\000i\000o\000n}{subsection.2.1}% 9
\BOOKMARK [3][-]{subsubsection.2.1.2}{\376\377\156\020\217\321\134\125\137\000\000\040\000/\000\040\000A\000s\000y\000m\000p\000t\000o\000t\000i\000c\000\040\000E\000x\000p\000a\000n\000s\000i\000o\000n}{subsection.2.1}% 10
\BOOKMARK [3][-]{subsubsection.2.1.3}{\376\377\214\061\176\364\136\246\000\040\000/\000\040\000S\000p\000e\000c\000t\000r\000a\000l\000\040\000D\000i\000m\000e\000n\000s\000i\000o\000n}{subsection.2.1}% 11
\BOOKMARK [2][-]{subsection.2.2}{\376\377\000c\0001\121\154\137\017\166\204\143\250\133\374\000\040\000/\000\040\000T\000h\000e\000\040\000c\0001\000\040\000F\000o\000r\000m\000u\000l\000a\000\040\000D\000e\000r\000i\000v\000a\000t\000i\000o\000n}{section.2}% 12
\BOOKMARK [3][-]{subsubsection.2.2.1}{\376\377\117\341\140\157\213\272\145\271\154\325\000\040\000/\000\040\000I\000n\000f\000o\000r\000m\000a\000t\000i\000o\000n\000-\000T\000h\000e\000o\000r\000e\000t\000i\000c\000\040\000A\000p\000p\000r\000o\000a\000c\000h}{subsection.2.2}% 13
\BOOKMARK [3][-]{subsubsection.2.2.2}{\376\377\176\337\213\241\122\233\133\146\143\250\133\374\000\040\000/\000\040\000S\000t\000a\000t\000i\000s\000t\000i\000c\000a\000l\000\040\000M\000e\000c\000h\000a\000n\000i\000c\000s\000\040\000D\000e\000r\000i\000v\000a\000t\000i\000o\000n}{subsection.2.2}% 14
\BOOKMARK [3][-]{subsubsection.2.2.3}{\376\377\121\150\140\157\211\343\221\312\000\040\000/\000\040\000H\000o\000l\000o\000g\000r\000a\000p\000h\000i\000c\000\040\000I\000n\000t\000e\000r\000p\000r\000e\000t\000a\000t\000i\000o\000n}{subsection.2.2}% 15
\BOOKMARK [3][-]{subsubsection.2.2.4}{\376\377\127\372\147\054\133\371\136\224\121\163\174\373\000\040\000/\000\040\000T\000h\000e\000\040\000F\000u\000n\000d\000a\000m\000e\000n\000t\000a\000l\000\040\000C\000o\000r\000r\000e\000s\000p\000o\000n\000d\000e\000n\000c\000e}{subsection.2.2}% 16
\BOOKMARK [1][-]{section.3}{\376\377\173\054\116\011\172\340\377\032\116\011\174\373\176\337\133\371\136\224\000\040\000/\000\040\000C\000h\000a\000p\000t\000e\000r\000\040\0003\000:\000\040\000T\000h\000r\000e\000e\000-\000S\000y\000s\000t\000e\000m\000\040\000C\000o\000r\000r\000e\000s\000p\000o\000n\000d\000e\000n\000c\000e}{}% 17
\BOOKMARK [2][-]{subsection.3.1}{\376\377\145\313\217\154\174\373\176\337\000\040\000/\000\040\000R\000o\000t\000a\000t\000i\000o\000n\000\040\000S\000y\000s\000t\000e\000m\000s}{section.3}% 18
\BOOKMARK [2][-]{subsection.3.2}{\376\377\236\321\155\036\174\373\176\337\000\040\000/\000\040\000B\000l\000a\000c\000k\000\040\000H\000o\000l\000e\000\040\000S\000y\000s\000t\000e\000m\000s}{section.3}% 19
\BOOKMARK [2][-]{subsection.3.3}{\376\377\221\317\133\120\137\025\122\233\000\040\000/\000\040\000Q\000u\000a\000n\000t\000u\000m\000\040\000G\000r\000a\000v\000i\000t\000y}{section.3}% 20
\BOOKMARK [2][-]{subsection.3.4}{\376\377\176\337\116\000\143\317\217\360\000\040\000/\000\040\000U\000n\000i\000f\000i\000e\000d\000\040\000D\000e\000s\000c\000r\000i\000p\000t\000i\000o\000n}{section.3}% 21
\BOOKMARK [1][-]{section.4}{\376\377\173\054\126\333\172\340\377\032\133\236\232\214\232\214\213\301\000\040\000/\000\040\000C\000h\000a\000p\000t\000e\000r\000\040\0004\000:\000\040\000E\000x\000p\000e\000r\000i\000m\000e\000n\000t\000a\000l\000\040\000V\000a\000l\000i\000d\000a\000t\000i\000o\000n\000s}{}% 22
\BOOKMARK [2][-]{subsection.4.1}{\376\377\000C\000u\0002\000O\221\314\137\267\130\041\157\300\133\120\000\040\000/\000\040\000C\000u\0002\000O\000\040\000R\000y\000d\000b\000e\000r\000g\000\040\000E\000x\000c\000i\000t\000o\000n\000s}{section.4}% 23
\BOOKMARK [2][-]{subsection.4.2}{\376\377\000S\000n\000a\000p\000P\000y\123\314\146\362\155\101\137\142\000\040\000/\000\040\000S\000n\000a\000p\000P\000y\000\040\000H\000y\000p\000e\000r\000b\000o\000l\000i\000c\000\040\000M\000a\000n\000i\000f\000o\000l\000d\000s}{section.4}% 24
\BOOKMARK [2][-]{subsection.4.3}{\376\377\116\214\176\364\154\042\152\041\142\337\000\040\000/\000\040\0002\000D\000\040\000H\000y\000d\000r\000o\000g\000e\000n\000\040\000S\000i\000m\000u\000l\000a\000t\000i\000o\000n}{section.4}% 25
\BOOKMARK [2][-]{subsection.4.4}{\376\377\232\214\213\301\140\073\176\323\000\040\000/\000\040\000V\000a\000l\000i\000d\000a\000t\000i\000o\000n\000\040\000S\000u\000m\000m\000a\000r\000y}{section.4}% 26
\BOOKMARK [1][-]{section.5}{\376\377\173\054\116\224\172\340\377\032\136\224\165\050\000\040\000/\000\040\000C\000h\000a\000p\000t\000e\000r\000\040\0005\000:\000\040\000A\000p\000p\000l\000i\000c\000a\000t\000i\000o\000n\000s}{}% 27
\BOOKMARK [2][-]{subsection.5.1}{\376\377\137\025\122\233\154\342\117\040\144\255\000\040\000/\000\040\000G\000r\000a\000v\000i\000t\000a\000t\000i\000o\000n\000a\000l\000\040\000W\000a\000v\000e\000\040\000P\000r\000o\000p\000a\000g\000a\000t\000i\000o\000n}{section.5}% 28
\BOOKMARK [2][-]{subsection.5.2}{\376\377\133\207\133\231\133\146\000\040\000/\000\040\000C\000o\000s\000m\000o\000l\000o\000g\000y}{section.5}% 29
\BOOKMARK [2][-]{subsection.5.3}{\376\377\121\335\200\132\140\001\174\373\176\337\000\040\000/\000\040\000C\000o\000n\000d\000e\000n\000s\000e\000d\000\040\000M\000a\000t\000t\000e\000r\000\040\000S\000y\000s\000t\000e\000m\000s}{section.5}% 30
\BOOKMARK [1][-]{section.6}{\376\377\173\054\121\155\172\340\377\032\176\323\213\272\116\016\134\125\147\033\000\040\000/\000\040\000C\000h\000a\000p\000t\000e\000r\000\040\0006\000:\000\040\000C\000o\000n\000c\000l\000u\000s\000i\000o\000n\000\040\000a\000n\000d\000\040\000O\000u\000t\000l\000o\000o\000k}{}% 31
\BOOKMARK [2][-]{subsection.6.1}{\376\377\140\073\176\323\000\040\000/\000\040\000S\000u\000m\000m\000a\000r\000y}{section.6}% 32
\BOOKMARK [2][-]{subsection.6.2}{\376\377\137\000\145\076\225\356\230\230\000\040\000/\000\040\000O\000p\000e\000n\000\040\000Q\000u\000e\000s\000t\000i\000o\000n\000s}{section.6}% 33
\BOOKMARK [2][-]{subsection.6.3}{\376\377\147\052\147\145\145\271\124\021\000\040\000/\000\040\000F\000u\000t\000u\000r\000e\000\040\000D\000i\000r\000e\000c\000t\000i\000o\000n\000s}{section.6}% 34
\BOOKMARK [2][-]{subsection.6.4}{\376\377\176\323\213\272\140\047\213\304\217\360\000\040\000/\000\040\000C\000o\000n\000c\000l\000u\000d\000i\000n\000g\000\040\000R\000e\000m\000a\000r\000k\000s}{section.6}% 35
