\BOOKMARK [1][-]{section.1}{\376\377\000I\000n\000t\000r\000o\000d\000u\000c\000t\000i\000o\000n}{}% 1
\BOOKMARK [2][-]{subsection.1.1}{\376\377\000T\000h\000e\000\040\000D\000i\000m\000e\000n\000s\000i\000o\000n\000\040\000P\000r\000o\000b\000l\000e\000m\000\040\000i\000n\000\040\000M\000o\000d\000e\000r\000n\000\040\000P\000h\000y\000s\000i\000c\000s}{section.1}% 2
\BOOKMARK [2][-]{subsection.1.2}{\376\377\000H\000i\000s\000t\000o\000r\000i\000c\000a\000l\000\040\000D\000e\000v\000e\000l\000o\000p\000m\000e\000n\000t}{section.1}% 3
\BOOKMARK [2][-]{subsection.1.3}{\376\377\000T\000h\000e\000\040\000U\000n\000i\000f\000i\000e\000d\000\040\000F\000r\000a\000m\000e\000w\000o\000r\000k}{section.1}% 4
\BOOKMARK [2][-]{subsection.1.4}{\376\377\000S\000t\000r\000u\000c\000t\000u\000r\000e\000\040\000o\000f\000\040\000T\000h\000i\000s\000\040\000R\000e\000v\000i\000e\000w}{section.1}% 5
\BOOKMARK [1][-]{section.2}{\376\377\000T\000h\000e\000o\000r\000e\000t\000i\000c\000a\000l\000\040\000F\000o\000u\000n\000d\000a\000t\000i\000o\000n\000s}{}% 6
\BOOKMARK [2][-]{subsection.2.1}{\376\377\000H\000i\000s\000t\000o\000r\000i\000c\000a\000l\000\040\000D\000e\000v\000e\000l\000o\000p\000m\000e\000n\000t\000\040\000o\000f\000\040\000S\000p\000e\000c\000t\000r\000a\000l\000\040\000M\000e\000t\000h\000o\000d\000s}{section.2}% 7
\BOOKMARK [2][-]{subsection.2.2}{\376\377\000H\000e\000a\000t\000\040\000K\000e\000r\000n\000e\000l\000\040\000T\000h\000e\000o\000r\000y\000\040\000a\000n\000d\000\040\000I\000t\000s\000\040\000A\000p\000p\000l\000i\000c\000a\000t\000i\000o\000n\000s}{section.2}% 8
\BOOKMARK [3][-]{subsubsection.2.2.1}{\376\377\000F\000u\000n\000d\000a\000m\000e\000n\000t\000a\000l\000\040\000D\000e\000f\000i\000n\000i\000t\000i\000o\000n\000s\000\040\000a\000n\000d\000\040\000P\000r\000o\000p\000e\000r\000t\000i\000e\000s}{subsection.2.2}% 9
\BOOKMARK [3][-]{subsubsection.2.2.2}{\376\377\000T\000h\000e\000\040\000H\000e\000a\000t\000\040\000K\000e\000r\000n\000e\000l\000\040\000T\000r\000a\000c\000e\000\040\000a\000n\000d\000\040\000R\000e\000t\000u\000r\000n\000\040\000P\000r\000o\000b\000a\000b\000i\000l\000i\000t\000y}{subsection.2.2}% 10
\BOOKMARK [3][-]{subsubsection.2.2.3}{\376\377\000T\000h\000e\000\040\000M\000i\000n\000a\000k\000s\000h\000i\000s\000u\000n\000d\000a\000r\000a\000m\000-\000P\000l\000e\000i\000j\000e\000l\000\040\000E\000x\000p\000a\000n\000s\000i\000o\000n}{subsection.2.2}% 11
\BOOKMARK [3][-]{subsubsection.2.2.4}{\376\377\000S\000p\000e\000c\000t\000r\000a\000l\000\040\000D\000i\000m\000e\000n\000s\000i\000o\000n\000:\000\040\000D\000e\000f\000i\000n\000i\000t\000i\000o\000n\000\040\000a\000n\000d\000\040\000P\000r\000o\000p\000e\000r\000t\000i\000e\000s}{subsection.2.2}% 12
\BOOKMARK [2][-]{subsection.2.3}{\376\377\000T\000h\000e\000\040\000U\000n\000i\000v\000e\000r\000s\000a\000l\000\040\000F\000o\000r\000m\000u\000l\000a\000:\000\040\000D\000e\000r\000i\000v\000a\000t\000i\000o\000n\000\040\000a\000n\000d\000\040\000S\000i\000g\000n\000i\000f\000i\000c\000a\000n\000c\000e}{section.2}% 13
\BOOKMARK [3][-]{subsubsection.2.3.1}{\376\377\000I\000n\000f\000o\000r\000m\000a\000t\000i\000o\000n\000-\000T\000h\000e\000o\000r\000e\000t\000i\000c\000\040\000D\000e\000r\000i\000v\000a\000t\000i\000o\000n}{subsection.2.3}% 14
\BOOKMARK [3][-]{subsubsection.2.3.2}{\376\377\000S\000t\000a\000t\000i\000s\000t\000i\000c\000a\000l\000\040\000M\000e\000c\000h\000a\000n\000i\000c\000s\000\040\000A\000p\000p\000r\000o\000a\000c\000h}{subsection.2.3}% 15
\BOOKMARK [3][-]{subsubsection.2.3.3}{\376\377\000H\000o\000l\000o\000g\000r\000a\000p\000h\000i\000c\000\040\000I\000n\000t\000e\000r\000p\000r\000e\000t\000a\000t\000i\000o\000n}{subsection.2.3}% 16
\BOOKMARK [2][-]{subsection.2.4}{\376\377\000P\000h\000y\000s\000i\000c\000a\000l\000\040\000I\000m\000p\000l\000i\000c\000a\000t\000i\000o\000n\000s\000\040\000a\000n\000d\000\040\000E\000x\000p\000e\000r\000i\000m\000e\000n\000t\000a\000l\000\040\000S\000i\000g\000n\000a\000t\000u\000r\000e\000s}{section.2}% 17
\BOOKMARK [3][-]{subsubsection.2.4.1}{\376\377\000M\000o\000d\000i\000f\000i\000c\000a\000t\000i\000o\000n\000\040\000o\000f\000\040\000F\000u\000n\000d\000a\000m\000e\000n\000t\000a\000l\000\040\000P\000h\000y\000s\000i\000c\000s}{subsection.2.4}% 18
\BOOKMARK [3][-]{subsubsection.2.4.2}{\376\377\000C\000o\000m\000p\000a\000r\000i\000s\000o\000n\000\040\000w\000i\000t\000h\000\040\000A\000l\000t\000e\000r\000n\000a\000t\000i\000v\000e\000\040\000A\000p\000p\000r\000o\000a\000c\000h\000e\000s}{subsection.2.4}% 19
\BOOKMARK [2][-]{subsection.2.5}{\376\377\000M\000a\000t\000h\000e\000m\000a\000t\000i\000c\000a\000l\000\040\000R\000i\000g\000o\000r\000\040\000a\000n\000d\000\040\000O\000p\000e\000n\000\040\000P\000r\000o\000b\000l\000e\000m\000s}{section.2}% 20
\BOOKMARK [1][-]{section.3}{\376\377\000T\000h\000r\000e\000e\000-\000S\000y\000s\000t\000e\000m\000\040\000C\000o\000r\000r\000e\000s\000p\000o\000n\000d\000e\000n\000c\000e}{}% 21
\BOOKMARK [2][-]{subsection.3.1}{\376\377\000R\000o\000t\000a\000t\000i\000o\000n\000\040\000S\000y\000s\000t\000e\000m\000s}{section.3}% 22
\BOOKMARK [3][-]{subsubsection.3.1.1}{\376\377\000E\000-\0006\000\040\000E\000x\000p\000e\000r\000i\000m\000e\000n\000t}{subsection.3.1}% 23
\BOOKMARK [3][-]{subsubsection.3.1.2}{\376\377\000T\000h\000e\000o\000r\000e\000t\000i\000c\000a\000l\000\040\000M\000o\000d\000e\000l}{subsection.3.1}% 24
\BOOKMARK [2][-]{subsection.3.2}{\376\377\000B\000l\000a\000c\000k\000\040\000H\000o\000l\000e\000\040\000S\000y\000s\000t\000e\000m\000s}{section.3}% 25
\BOOKMARK [3][-]{subsubsection.3.2.1}{\376\377\000S\000c\000h\000w\000a\000r\000z\000s\000c\000h\000i\000l\000d\000\040\000G\000e\000o\000m\000e\000t\000r\000y}{subsection.3.2}% 26
\BOOKMARK [3][-]{subsubsection.3.2.2}{\376\377\000N\000e\000a\000r\000-\000H\000o\000r\000i\000z\000o\000n\000\040\000L\000i\000m\000i\000t}{subsection.3.2}% 27
\BOOKMARK [3][-]{subsubsection.3.2.3}{\376\377\000H\000e\000a\000t\000\040\000K\000e\000r\000n\000e\000l\000\040\000C\000a\000l\000c\000u\000l\000a\000t\000i\000o\000n}{subsection.3.2}% 28
\BOOKMARK [2][-]{subsection.3.3}{\376\377\000Q\000u\000a\000n\000t\000u\000m\000\040\000G\000r\000a\000v\000i\000t\000y}{section.3}% 29
\BOOKMARK [3][-]{subsubsection.3.3.1}{\376\377\000U\000V\000/\000I\000R\000\040\000S\000t\000r\000u\000c\000t\000u\000r\000e}{subsection.3.3}% 30
\BOOKMARK [3][-]{subsubsection.3.3.2}{\376\377\000V\000a\000r\000i\000o\000u\000s\000\040\000A\000p\000p\000r\000o\000a\000c\000h\000e\000s}{subsection.3.3}% 31
\BOOKMARK [3][-]{subsubsection.3.3.3}{\376\377\000H\000o\000l\000o\000g\000r\000a\000p\000h\000i\000c\000\040\000P\000r\000i\000n\000c\000i\000p\000l\000e}{subsection.3.3}% 32
\BOOKMARK [2][-]{subsection.3.4}{\376\377\000U\000n\000i\000v\000e\000r\000s\000a\000l\000\040\000C\000o\000m\000p\000a\000r\000i\000s\000o\000n}{section.3}% 33
\BOOKMARK [3][-]{subsubsection.3.4.1}{\376\377\000C\000o\000n\000s\000t\000r\000a\000i\000n\000t\000-\000D\000i\000m\000e\000n\000s\000i\000o\000n\000\040\000C\000o\000r\000r\000e\000s\000p\000o\000n\000d\000e\000n\000c\000e}{subsection.3.4}% 34
\BOOKMARK [3][-]{subsubsection.3.4.2}{\376\377\000M\000a\000t\000h\000e\000m\000a\000t\000i\000c\000a\000l\000\040\000U\000n\000i\000t\000y}{subsection.3.4}% 35
\BOOKMARK [1][-]{section.4}{\376\377\000E\000x\000p\000e\000r\000i\000m\000e\000n\000t\000a\000l\000\040\000V\000a\000l\000i\000d\000a\000t\000i\000o\000n\000s}{}% 36
\BOOKMARK [2][-]{subsection.4.1}{\376\377\000C\000u\040\202\000O\000\040\000R\000y\000d\000b\000e\000r\000g\000\040\000E\000x\000c\000i\000t\000o\000n\000s}{section.4}% 37
\BOOKMARK [3][-]{subsubsection.4.1.1}{\376\377\000E\000x\000p\000e\000r\000i\000m\000e\000n\000t\000a\000l\000\040\000S\000e\000t\000u\000p}{subsection.4.1}% 38
\BOOKMARK [3][-]{subsubsection.4.1.2}{\376\377\000D\000a\000t\000a\000\040\000A\000n\000a\000l\000y\000s\000i\000s}{subsection.4.1}% 39
\BOOKMARK [3][-]{subsubsection.4.1.3}{\376\377\000R\000e\000s\000u\000l\000t\000s}{subsection.4.1}% 40
\BOOKMARK [3][-]{subsubsection.4.1.4}{\376\377\000S\000t\000a\000t\000i\000s\000t\000i\000c\000a\000l\000\040\000A\000n\000a\000l\000y\000s\000i\000s}{subsection.4.1}% 41
\BOOKMARK [2][-]{subsection.4.2}{\376\377\000N\000u\000m\000e\000r\000i\000c\000a\000l\000\040\000S\000i\000m\000u\000l\000a\000t\000i\000o\000n\000s}{section.4}% 42
\BOOKMARK [3][-]{subsubsection.4.2.1}{\376\377\000S\000n\000a\000p\000P\000y\000\040\000H\000y\000p\000e\000r\000b\000o\000l\000i\000c\000\040\000M\000a\000n\000i\000f\000o\000l\000d\000s}{subsection.4.2}% 43
\BOOKMARK [3][-]{subsubsection.4.2.2}{\376\377\0002\000D\000\040\000H\000y\000d\000r\000o\000g\000e\000n\000\040\000A\000t\000o\000m\000\040\000S\000i\000m\000u\000l\000a\000t\000i\000o\000n}{subsection.4.2}% 44
\BOOKMARK [2][-]{subsection.4.3}{\376\377\000T\000a\000b\000l\000e\000t\000o\000p\000\040\000E\000x\000p\000e\000r\000i\000m\000e\000n\000t\000s}{section.4}% 45
\BOOKMARK [3][-]{subsubsection.4.3.1}{\376\377\000E\000-\0006\000\040\000R\000o\000t\000a\000t\000i\000o\000n\000\040\000S\000y\000s\000t\000e\000m}{subsection.4.3}% 46
\BOOKMARK [2][-]{subsection.4.4}{\376\377\000C\000r\000o\000s\000s\000-\000V\000a\000l\000i\000d\000a\000t\000i\000o\000n\000\040\000S\000u\000m\000m\000a\000r\000y}{section.4}% 47
\BOOKMARK [1][-]{section.5}{\376\377\000A\000p\000p\000l\000i\000c\000a\000t\000i\000o\000n\000s\000\040\000a\000n\000d\000\040\000E\000x\000t\000e\000n\000s\000i\000o\000n\000s}{}% 48
\BOOKMARK [2][-]{subsection.5.1}{\376\377\000G\000r\000a\000v\000i\000t\000a\000t\000i\000o\000n\000a\000l\000\040\000W\000a\000v\000e\000\040\000A\000s\000t\000r\000o\000n\000o\000m\000y}{section.5}% 49
\BOOKMARK [3][-]{subsubsection.5.1.1}{\376\377\000W\000a\000v\000e\000f\000o\000r\000m\000\040\000M\000o\000d\000i\000f\000i\000c\000a\000t\000i\000o\000n\000s}{subsection.5.1}% 50
\BOOKMARK [3][-]{subsubsection.5.1.2}{\376\377\000G\000W\0001\0005\0000\0009\0001\0004\000\040\000A\000n\000a\000l\000y\000s\000i\000s}{subsection.5.1}% 51
\BOOKMARK [3][-]{subsubsection.5.1.3}{\376\377\000F\000u\000t\000u\000r\000e\000\040\000D\000e\000t\000e\000c\000t\000o\000r\000s}{subsection.5.1}% 52
\BOOKMARK [2][-]{subsection.5.2}{\376\377\000C\000o\000s\000m\000o\000l\000o\000g\000y}{section.5}% 53
\BOOKMARK [3][-]{subsubsection.5.2.1}{\376\377\000E\000a\000r\000l\000y\000\040\000U\000n\000i\000v\000e\000r\000s\000e}{subsection.5.2}% 54
\BOOKMARK [3][-]{subsubsection.5.2.2}{\376\377\000P\000r\000i\000m\000o\000r\000d\000i\000a\000l\000\040\000G\000r\000a\000v\000i\000t\000a\000t\000i\000o\000n\000a\000l\000\040\000W\000a\000v\000e\000s}{subsection.5.2}% 55
\BOOKMARK [3][-]{subsubsection.5.2.3}{\376\377\000C\000M\000B\000\040\000I\000m\000p\000l\000i\000c\000a\000t\000i\000o\000n\000s}{subsection.5.2}% 56
\BOOKMARK [2][-]{subsection.5.3}{\376\377\000C\000o\000n\000d\000e\000n\000s\000e\000d\000\040\000M\000a\000t\000t\000e\000r\000\040\000S\000y\000s\000t\000e\000m\000s}{section.5}% 57
\BOOKMARK [3][-]{subsubsection.5.3.1}{\376\377\000Q\000u\000a\000n\000t\000u\000m\000\040\000W\000e\000l\000l\000\040\000S\000p\000e\000c\000t\000r\000o\000s\000c\000o\000p\000y}{subsection.5.3}% 58
\BOOKMARK [3][-]{subsubsection.5.3.2}{\376\377\000T\000r\000a\000n\000s\000i\000t\000i\000o\000n\000\040\000M\000e\000t\000a\000l\000\040\000D\000i\000c\000h\000a\000l\000c\000o\000g\000e\000n\000i\000d\000e\000s}{subsection.5.3}% 59
\BOOKMARK [3][-]{subsubsection.5.3.3}{\376\377\000G\000r\000a\000p\000h\000e\000n\000e\000\040\000a\000n\000d\000\040\0002\000D\000\040\000M\000a\000t\000e\000r\000i\000a\000l\000s}{subsection.5.3}% 60
\BOOKMARK [2][-]{subsection.5.4}{\376\377\000Q\000u\000a\000n\000t\000u\000m\000\040\000I\000n\000f\000o\000r\000m\000a\000t\000i\000o\000n}{section.5}% 61
\BOOKMARK [3][-]{subsubsection.5.4.1}{\376\377\000E\000n\000t\000a\000n\000g\000l\000e\000m\000e\000n\000t\000\040\000S\000t\000r\000u\000c\000t\000u\000r\000e}{subsection.5.4}% 62
\BOOKMARK [3][-]{subsubsection.5.4.2}{\376\377\000H\000o\000l\000o\000g\000r\000a\000p\000h\000i\000c\000\040\000E\000n\000t\000a\000n\000g\000l\000e\000m\000e\000n\000t}{subsection.5.4}% 63
\BOOKMARK [1][-]{section.6}{\376\377\000O\000u\000t\000l\000o\000o\000k\000\040\000a\000n\000d\000\040\000F\000u\000t\000u\000r\000e\000\040\000D\000i\000r\000e\000c\000t\000i\000o\000n\000s}{}% 64
\BOOKMARK [2][-]{subsection.6.1}{\376\377\000O\000p\000e\000n\000\040\000T\000h\000e\000o\000r\000e\000t\000i\000c\000a\000l\000\040\000Q\000u\000e\000s\000t\000i\000o\000n\000s}{section.6}% 65
\BOOKMARK [3][-]{subsubsection.6.1.1}{\376\377\000M\000a\000t\000h\000e\000m\000a\000t\000i\000c\000a\000l\000\040\000R\000i\000g\000o\000r}{subsection.6.1}% 66
\BOOKMARK [3][-]{subsubsection.6.1.2}{\376\377\000Q\000u\000a\000n\000t\000u\000m\000\040\000G\000r\000a\000v\000i\000t\000y\000\040\000I\000n\000t\000e\000g\000r\000a\000t\000i\000o\000n}{subsection.6.1}% 67
\BOOKMARK [2][-]{subsection.6.2}{\376\377\000E\000x\000p\000e\000r\000i\000m\000e\000n\000t\000a\000l\000\040\000O\000p\000p\000o\000r\000t\000u\000n\000i\000t\000i\000e\000s}{section.6}% 68
\BOOKMARK [3][-]{subsubsection.6.2.1}{\376\377\000I\000m\000m\000e\000d\000i\000a\000t\000e\000\040\000P\000r\000o\000s\000p\000e\000c\000t\000s}{subsection.6.2}% 69
\BOOKMARK [3][-]{subsubsection.6.2.2}{\376\377\000L\000o\000n\000g\000-\000t\000e\000r\000m\000\040\000V\000i\000s\000i\000o\000n}{subsection.6.2}% 70
\BOOKMARK [2][-]{subsection.6.3}{\376\377\000C\000o\000n\000n\000e\000c\000t\000i\000o\000n\000s\000\040\000t\000o\000\040\000O\000t\000h\000e\000r\000\040\000F\000i\000e\000l\000d\000s}{section.6}% 71
\BOOKMARK [3][-]{subsubsection.6.3.1}{\376\377\000C\000o\000m\000p\000l\000e\000x\000\040\000S\000y\000s\000t\000e\000m\000s}{subsection.6.3}% 72
\BOOKMARK [3][-]{subsubsection.6.3.2}{\376\377\000M\000a\000c\000h\000i\000n\000e\000\040\000L\000e\000a\000r\000n\000i\000n\000g}{subsection.6.3}% 73
\BOOKMARK [2][-]{subsection.6.4}{\376\377\000P\000h\000i\000l\000o\000s\000o\000p\000h\000i\000c\000a\000l\000\040\000I\000m\000p\000l\000i\000c\000a\000t\000i\000o\000n\000s}{section.6}% 74
\BOOKMARK [2][-]{subsection.6.5}{\376\377\000C\000o\000n\000c\000l\000u\000s\000i\000o\000n}{section.6}% 75
