This is pdfTeX, Version 3.14159265-2.6-1.40.21 (TeX Live 2020) (preloaded format=pdflatex 2026.2.7)  15 FEB 2026 12:40
entering extended mode
 restricted \write18 enabled.
 %&-line parsing enabled.
**main_80pages_revised.tex
(./main_80pages_revised.tex
LaTeX2e <2020-10-01> patch level 4
L3 programming layer <2021-02-18>
(/usr/share/texlive/texmf-dist/tex/latex/base/article.cls
Document Class: article 2020/04/10 v1.4m Standard LaTeX document class
(/usr/share/texlive/texmf-dist/tex/latex/base/size11.clo
File: size11.clo 2020/04/10 v1.4m Standard LaTeX file (size option)
)
\c@part=\count179
\c@section=\count180
\c@subsection=\count181
\c@subsubsection=\count182
\c@paragraph=\count183
\c@subparagraph=\count184
\c@figure=\count185
\c@table=\count186
\abovecaptionskip=\skip47
\belowcaptionskip=\skip48
\bibindent=\dimen138
)
(/usr/share/texlive/texmf-dist/tex/latex/base/inputenc.sty
Package: inputenc 2020/08/01 v1.3d Input encoding file
\inpenc@prehook=\toks15
\inpenc@posthook=\toks16
)
(/usr/share/texlive/texmf-dist/tex/latex/base/fontenc.sty
Package: fontenc 2020/08/10 v2.0s Standard LaTeX package
)
(/usr/share/texlive/texmf-dist/tex/latex/amsmath/amsmath.sty
Package: amsmath 2020/09/23 v2.17i AMS math features
\@mathmargin=\skip49

For additional information on amsmath, use the `?' option.
(/usr/share/texlive/texmf-dist/tex/latex/amsmath/amstext.sty
Package: amstext 2000/06/29 v2.01 AMS text

(/usr/share/texlive/texmf-dist/tex/latex/amsmath/amsgen.sty
File: amsgen.sty 1999/11/30 v2.0 generic functions
\@emptytoks=\toks17
\ex@=\dimen139
))
(/usr/share/texlive/texmf-dist/tex/latex/amsmath/amsbsy.sty
Package: amsbsy 1999/11/29 v1.2d Bold Symbols
\pmbraise@=\dimen140
)
(/usr/share/texlive/texmf-dist/tex/latex/amsmath/amsopn.sty
Package: amsopn 2016/03/08 v2.02 operator names
)
\inf@bad=\count187
LaTeX Info: Redefining \frac on input line 234.
\uproot@=\count188
\leftroot@=\count189
LaTeX Info: Redefining \overline on input line 399.
\classnum@=\count190
\DOTSCASE@=\count191
LaTeX Info: Redefining \ldots on input line 496.
LaTeX Info: Redefining \dots on input line 499.
LaTeX Info: Redefining \cdots on input line 620.
\Mathstrutbox@=\box47
\strutbox@=\box48
\big@size=\dimen141
LaTeX Font Info:    Redeclaring font encoding OML on input line 743.
LaTeX Font Info:    Redeclaring font encoding OMS on input line 744.
\macc@depth=\count192
\c@MaxMatrixCols=\count193
\dotsspace@=\muskip16
\c@parentequation=\count194
\dspbrk@lvl=\count195
\tag@help=\toks18
\row@=\count196
\column@=\count197
\maxfields@=\count198
\andhelp@=\toks19
\eqnshift@=\dimen142
\alignsep@=\dimen143
\tagshift@=\dimen144
\tagwidth@=\dimen145
\totwidth@=\dimen146
\lineht@=\dimen147
\@envbody=\toks20
\multlinegap=\skip50
\multlinetaggap=\skip51
\mathdisplay@stack=\toks21
LaTeX Info: Redefining \[ on input line 2923.
LaTeX Info: Redefining \] on input line 2924.
)
(/usr/share/texlive/texmf-dist/tex/latex/amsfonts/amssymb.sty
Package: amssymb 2013/01/14 v3.01 AMS font symbols

(/usr/share/texlive/texmf-dist/tex/latex/amsfonts/amsfonts.sty
Package: amsfonts 2013/01/14 v3.01 Basic AMSFonts support
\symAMSa=\mathgroup4
\symAMSb=\mathgroup5
LaTeX Font Info:    Redeclaring math symbol \hbar on input line 98.
LaTeX Font Info:    Overwriting math alphabet `\mathfrak' in version `bold'
(Font)                  U/euf/m/n --> U/euf/b/n on input line 106.
))
(/usr/share/texlive/texmf-dist/tex/latex/amscls/amsthm.sty
Package: amsthm 2020/05/29 v2.20.6
\thm@style=\toks22
\thm@bodyfont=\toks23
\thm@headfont=\toks24
\thm@notefont=\toks25
\thm@headpunct=\toks26
\thm@preskip=\skip52
\thm@postskip=\skip53
\thm@headsep=\skip54
\dth@everypar=\toks27
)
(/usr/share/texlive/texmf-dist/tex/latex/geometry/geometry.sty
Package: geometry 2020/01/02 v5.9 Page Geometry

(/usr/share/texlive/texmf-dist/tex/latex/graphics/keyval.sty
Package: keyval 2014/10/28 v1.15 key=value parser (DPC)
\KV@toks@=\toks28
)
(/usr/share/texlive/texmf-dist/tex/generic/iftex/ifvtex.sty
Package: ifvtex 2019/10/25 v1.7 ifvtex legacy package. Use iftex instead.

(/usr/share/texlive/texmf-dist/tex/generic/iftex/iftex.sty
Package: iftex 2020/03/06 v1.0d TeX engine tests
))
\Gm@cnth=\count199
\Gm@cntv=\count266
\c@Gm@tempcnt=\count267
\Gm@bindingoffset=\dimen148
\Gm@wd@mp=\dimen149
\Gm@odd@mp=\dimen150
\Gm@even@mp=\dimen151
\Gm@layoutwidth=\dimen152
\Gm@layoutheight=\dimen153
\Gm@layouthoffset=\dimen154
\Gm@layoutvoffset=\dimen155
\Gm@dimlist=\toks29
)
(/usr/share/texlive/texmf-dist/tex/latex/hyperref/hyperref.sty
Package: hyperref 2021-02-27 v7.00k Hypertext links for LaTeX

(/usr/share/texlive/texmf-dist/tex/generic/ltxcmds/ltxcmds.sty
Package: ltxcmds 2020-05-10 v1.25 LaTeX kernel commands for general use (HO)
)
(/usr/share/texlive/texmf-dist/tex/generic/pdftexcmds/pdftexcmds.sty
Package: pdftexcmds 2020-06-27 v0.33 Utility functions of pdfTeX for LuaTeX (HO
)

(/usr/share/texlive/texmf-dist/tex/generic/infwarerr/infwarerr.sty
Package: infwarerr 2019/12/03 v1.5 Providing info/warning/error messages (HO)
)
Package pdftexcmds Info: \pdf@primitive is available.
Package pdftexcmds Info: \pdf@ifprimitive is available.
Package pdftexcmds Info: \pdfdraftmode found.
)
(/usr/share/texlive/texmf-dist/tex/generic/kvsetkeys/kvsetkeys.sty
Package: kvsetkeys 2019/12/15 v1.18 Key value parser (HO)
)
(/usr/share/texlive/texmf-dist/tex/generic/kvdefinekeys/kvdefinekeys.sty
Package: kvdefinekeys 2019-12-19 v1.6 Define keys (HO)
)
(/usr/share/texlive/texmf-dist/tex/generic/pdfescape/pdfescape.sty
Package: pdfescape 2019/12/09 v1.15 Implements pdfTeX's escape features (HO)
)
(/usr/share/texlive/texmf-dist/tex/latex/hycolor/hycolor.sty
Package: hycolor 2020-01-27 v1.10 Color options for hyperref/bookmark (HO)
)
(/usr/share/texlive/texmf-dist/tex/latex/letltxmacro/letltxmacro.sty
Package: letltxmacro 2019/12/03 v1.6 Let assignment for LaTeX macros (HO)
)
(/usr/share/texlive/texmf-dist/tex/latex/auxhook/auxhook.sty
Package: auxhook 2019-12-17 v1.6 Hooks for auxiliary files (HO)
)
(/usr/share/texlive/texmf-dist/tex/latex/kvoptions/kvoptions.sty
Package: kvoptions 2020-10-07 v3.14 Key value format for package options (HO)
)
\@linkdim=\dimen156
\Hy@linkcounter=\count268
\Hy@pagecounter=\count269

(/usr/share/texlive/texmf-dist/tex/latex/hyperref/pd1enc.def
File: pd1enc.def 2021-02-27 v7.00k Hyperref: PDFDocEncoding definition (HO)
Now handling font encoding PD1 ...
... no UTF-8 mapping file for font encoding PD1
)
(/usr/share/texlive/texmf-dist/tex/latex/hyperref/hyperref-langpatches.def
File: hyperref-langpatches.def 2021-02-27 v7.00k Hyperref: patches for babel la
nguages
)
(/usr/share/texlive/texmf-dist/tex/generic/intcalc/intcalc.sty
Package: intcalc 2019/12/15 v1.3 Expandable calculations with integers (HO)
)
(/usr/share/texlive/texmf-dist/tex/generic/etexcmds/etexcmds.sty
Package: etexcmds 2019/12/15 v1.7 Avoid name clashes with e-TeX commands (HO)
)
\Hy@SavedSpaceFactor=\count270

(/usr/share/texlive/texmf-dist/tex/latex/hyperref/puenc.def
File: puenc.def 2021-02-27 v7.00k Hyperref: PDF Unicode definition (HO)
Now handling font encoding PU ...
... no UTF-8 mapping file for font encoding PU
)
Package hyperref Info: Hyper figures OFF on input line 4192.
Package hyperref Info: Link nesting OFF on input line 4197.
Package hyperref Info: Hyper index ON on input line 4200.
Package hyperref Info: Plain pages OFF on input line 4207.
Package hyperref Info: Backreferencing OFF on input line 4212.
Package hyperref Info: Implicit mode ON; LaTeX internals redefined.
Package hyperref Info: Bookmarks ON on input line 4445.
\c@Hy@tempcnt=\count271

(/usr/share/texlive/texmf-dist/tex/latex/url/url.sty
\Urlmuskip=\muskip17
Package: url 2013/09/16  ver 3.4  Verb mode for urls, etc.
)
LaTeX Info: Redefining \url on input line 4804.
\XeTeXLinkMargin=\dimen157

(/usr/share/texlive/texmf-dist/tex/generic/bitset/bitset.sty
Package: bitset 2019/12/09 v1.3 Handle bit-vector datatype (HO)

(/usr/share/texlive/texmf-dist/tex/generic/bigintcalc/bigintcalc.sty
Package: bigintcalc 2019/12/15 v1.5 Expandable calculations on big integers (HO
)
))
\Fld@menulength=\count272
\Field@Width=\dimen158
\Fld@charsize=\dimen159
Package hyperref Info: Hyper figures OFF on input line 6075.
Package hyperref Info: Link nesting OFF on input line 6080.
Package hyperref Info: Hyper index ON on input line 6083.
Package hyperref Info: backreferencing OFF on input line 6090.
Package hyperref Info: Link coloring OFF on input line 6095.
Package hyperref Info: Link coloring with OCG OFF on input line 6100.
Package hyperref Info: PDF/A mode OFF on input line 6105.
LaTeX Info: Redefining \ref on input line 6145.
LaTeX Info: Redefining \pageref on input line 6149.

(/usr/share/texlive/texmf-dist/tex/latex/base/atbegshi-ltx.sty
Package: atbegshi-ltx 2020/08/17 v1.0a Emulation of the original atbegshi packa
ge
with kernel methods
)
\Hy@abspage=\count273
\c@Item=\count274
\c@Hfootnote=\count275
)
Package hyperref Info: Driver (autodetected): hpdftex.

(/usr/share/texlive/texmf-dist/tex/latex/hyperref/hpdftex.def
File: hpdftex.def 2021-02-27 v7.00k Hyperref driver for pdfTeX

(/usr/share/texlive/texmf-dist/tex/latex/base/atveryend-ltx.sty
Package: atveryend-ltx 2020/08/19 v1.0a Emulation of the original atvery packag
e
with kernel methods
)
\Fld@listcount=\count276
\c@bookmark@seq@number=\count277

(/usr/share/texlive/texmf-dist/tex/latex/rerunfilecheck/rerunfilecheck.sty
Package: rerunfilecheck 2019/12/05 v1.9 Rerun checks for auxiliary files (HO)

(/usr/share/texlive/texmf-dist/tex/generic/uniquecounter/uniquecounter.sty
Package: uniquecounter 2019/12/15 v1.4 Provide unlimited unique counter (HO)
)
Package uniquecounter Info: New unique counter `rerunfilecheck' on input line 2
86.
)
\Hy@SectionHShift=\skip55
)
(/usr/share/texlive/texmf-dist/tex/latex/graphics/graphicx.sty
Package: graphicx 2020/09/09 v1.2b Enhanced LaTeX Graphics (DPC,SPQR)

(/usr/share/texlive/texmf-dist/tex/latex/graphics/graphics.sty
Package: graphics 2020/08/30 v1.4c Standard LaTeX Graphics (DPC,SPQR)

(/usr/share/texlive/texmf-dist/tex/latex/graphics/trig.sty
Package: trig 2016/01/03 v1.10 sin cos tan (DPC)
)
(/usr/share/texlive/texmf-dist/tex/latex/graphics-cfg/graphics.cfg
File: graphics.cfg 2016/06/04 v1.11 sample graphics configuration
)
Package graphics Info: Driver file: pdftex.def on input line 105.

(/usr/share/texlive/texmf-dist/tex/latex/graphics-def/pdftex.def
File: pdftex.def 2020/10/05 v1.2a Graphics/color driver for pdftex
))
\Gin@req@height=\dimen160
\Gin@req@width=\dimen161
)
(/usr/share/texlive/texmf-dist/tex/latex/booktabs/booktabs.sty
Package: booktabs 2020/01/12 v1.61803398 Publication quality tables
\heavyrulewidth=\dimen162
\lightrulewidth=\dimen163
\cmidrulewidth=\dimen164
\belowrulesep=\dimen165
\belowbottomsep=\dimen166
\aboverulesep=\dimen167
\abovetopsep=\dimen168
\cmidrulesep=\dimen169
\cmidrulekern=\dimen170
\defaultaddspace=\dimen171
\@cmidla=\count278
\@cmidlb=\count279
\@aboverulesep=\dimen172
\@belowrulesep=\dimen173
\@thisruleclass=\count280
\@lastruleclass=\count281
\@thisrulewidth=\dimen174
)
(/usr/share/texlive/texmf-dist/tex/latex/tools/longtable.sty
Package: longtable 2020/01/07 v4.13 Multi-page Table package (DPC)
\LTleft=\skip56
\LTright=\skip57
\LTpre=\skip58
\LTpost=\skip59
\LTchunksize=\count282
\LTcapwidth=\dimen175
\LT@head=\box49
\LT@firsthead=\box50
\LT@foot=\box51
\LT@lastfoot=\box52
\LT@cols=\count283
\LT@rows=\count284
\c@LT@tables=\count285
\c@LT@chunks=\count286
\LT@p@ftn=\toks30
)
(/usr/share/texlive/texmf-dist/tex/latex/jknapltx/mathrsfs.sty
Package: mathrsfs 1996/01/01 Math RSFS package v1.0 (jk)
\symrsfs=\mathgroup6
)
(/usr/share/texlive/texmf-dist/tex/latex/tools/bm.sty
Package: bm 2019/07/24 v1.2d Bold Symbol Support (DPC/FMi)
\symboldoperators=\mathgroup7
\symboldletters=\mathgroup8
\symboldsymbols=\mathgroup9
LaTeX Font Info:    Redeclaring math alphabet \mathbf on input line 141.
LaTeX Info: Redefining \bm on input line 209.
)
(/usr/share/texlive/texmf-dist/tex/latex/pgf/frontendlayer/tikz.sty
(/usr/share/texlive/texmf-dist/tex/latex/pgf/basiclayer/pgf.sty
(/usr/share/texlive/texmf-dist/tex/latex/pgf/utilities/pgfrcs.sty
(/usr/share/texlive/texmf-dist/tex/generic/pgf/utilities/pgfutil-common.tex
\pgfutil@everybye=\toks31
\pgfutil@tempdima=\dimen176
\pgfutil@tempdimb=\dimen177

(/usr/share/texlive/texmf-dist/tex/generic/pgf/utilities/pgfutil-common-lists.t
ex)) (/usr/share/texlive/texmf-dist/tex/generic/pgf/utilities/pgfutil-latex.def
\pgfutil@abb=\box53
) (/usr/share/texlive/texmf-dist/tex/generic/pgf/utilities/pgfrcs.code.tex
(/usr/share/texlive/texmf-dist/tex/generic/pgf/pgf.revision.tex)
Package: pgfrcs 2020/12/27 v3.1.8b (3.1.8b)
))
Package: pgf 2020/12/27 v3.1.8b (3.1.8b)

(/usr/share/texlive/texmf-dist/tex/latex/pgf/basiclayer/pgfcore.sty
(/usr/share/texlive/texmf-dist/tex/latex/pgf/systemlayer/pgfsys.sty
(/usr/share/texlive/texmf-dist/tex/generic/pgf/systemlayer/pgfsys.code.tex
Package: pgfsys 2020/12/27 v3.1.8b (3.1.8b)

(/usr/share/texlive/texmf-dist/tex/generic/pgf/utilities/pgfkeys.code.tex
\pgfkeys@pathtoks=\toks32
\pgfkeys@temptoks=\toks33

(/usr/share/texlive/texmf-dist/tex/generic/pgf/utilities/pgfkeysfiltered.code.t
ex
\pgfkeys@tmptoks=\toks34
))
\pgf@x=\dimen178
\pgf@y=\dimen179
\pgf@xa=\dimen180
\pgf@ya=\dimen181
\pgf@xb=\dimen182
\pgf@yb=\dimen183
\pgf@xc=\dimen184
\pgf@yc=\dimen185
\pgf@xd=\dimen186
\pgf@yd=\dimen187
\w@pgf@writea=\write3
\r@pgf@reada=\read2
\c@pgf@counta=\count287
\c@pgf@countb=\count288
\c@pgf@countc=\count289
\c@pgf@countd=\count290
\t@pgf@toka=\toks35
\t@pgf@tokb=\toks36
\t@pgf@tokc=\toks37
\pgf@sys@id@count=\count291
 (/usr/share/texlive/texmf-dist/tex/generic/pgf/systemlayer/pgf.cfg
File: pgf.cfg 2020/12/27 v3.1.8b (3.1.8b)
)
Driver file for pgf: pgfsys-pdftex.def

(/usr/share/texlive/texmf-dist/tex/generic/pgf/systemlayer/pgfsys-pdftex.def
File: pgfsys-pdftex.def 2020/12/27 v3.1.8b (3.1.8b)

(/usr/share/texlive/texmf-dist/tex/generic/pgf/systemlayer/pgfsys-common-pdf.de
f
File: pgfsys-common-pdf.def 2020/12/27 v3.1.8b (3.1.8b)
)))
(/usr/share/texlive/texmf-dist/tex/generic/pgf/systemlayer/pgfsyssoftpath.code.
tex
File: pgfsyssoftpath.code.tex 2020/12/27 v3.1.8b (3.1.8b)
\pgfsyssoftpath@smallbuffer@items=\count292
\pgfsyssoftpath@bigbuffer@items=\count293
)
(/usr/share/texlive/texmf-dist/tex/generic/pgf/systemlayer/pgfsysprotocol.code.
tex
File: pgfsysprotocol.code.tex 2020/12/27 v3.1.8b (3.1.8b)
)) (/usr/share/texlive/texmf-dist/tex/latex/xcolor/xcolor.sty
Package: xcolor 2016/05/11 v2.12 LaTeX color extensions (UK)

(/usr/share/texlive/texmf-dist/tex/latex/graphics-cfg/color.cfg
File: color.cfg 2016/01/02 v1.6 sample color configuration
)
Package xcolor Info: Driver file: pdftex.def on input line 225.
Package xcolor Info: Model `cmy' substituted by `cmy0' on input line 1348.
Package xcolor Info: Model `hsb' substituted by `rgb' on input line 1352.
Package xcolor Info: Model `RGB' extended on input line 1364.
Package xcolor Info: Model `HTML' substituted by `rgb' on input line 1366.
Package xcolor Info: Model `Hsb' substituted by `hsb' on input line 1367.
Package xcolor Info: Model `tHsb' substituted by `hsb' on input line 1368.
Package xcolor Info: Model `HSB' substituted by `hsb' on input line 1369.
Package xcolor Info: Model `Gray' substituted by `gray' on input line 1370.
Package xcolor Info: Model `wave' substituted by `hsb' on input line 1371.
)
(/usr/share/texlive/texmf-dist/tex/generic/pgf/basiclayer/pgfcore.code.tex
Package: pgfcore 2020/12/27 v3.1.8b (3.1.8b)

(/usr/share/texlive/texmf-dist/tex/generic/pgf/math/pgfmath.code.tex
(/usr/share/texlive/texmf-dist/tex/generic/pgf/math/pgfmathcalc.code.tex
(/usr/share/texlive/texmf-dist/tex/generic/pgf/math/pgfmathutil.code.tex)
(/usr/share/texlive/texmf-dist/tex/generic/pgf/math/pgfmathparser.code.tex
\pgfmath@dimen=\dimen188
\pgfmath@count=\count294
\pgfmath@box=\box54
\pgfmath@toks=\toks38
\pgfmath@stack@operand=\toks39
\pgfmath@stack@operation=\toks40
)
(/usr/share/texlive/texmf-dist/tex/generic/pgf/math/pgfmathfunctions.code.tex
(/usr/share/texlive/texmf-dist/tex/generic/pgf/math/pgfmathfunctions.basic.code
.tex)
(/usr/share/texlive/texmf-dist/tex/generic/pgf/math/pgfmathfunctions.trigonomet
ric.code.tex)
(/usr/share/texlive/texmf-dist/tex/generic/pgf/math/pgfmathfunctions.random.cod
e.tex)
(/usr/share/texlive/texmf-dist/tex/generic/pgf/math/pgfmathfunctions.comparison
.code.tex)
(/usr/share/texlive/texmf-dist/tex/generic/pgf/math/pgfmathfunctions.base.code.
tex)
(/usr/share/texlive/texmf-dist/tex/generic/pgf/math/pgfmathfunctions.round.code
.tex)
(/usr/share/texlive/texmf-dist/tex/generic/pgf/math/pgfmathfunctions.misc.code.
tex)
(/usr/share/texlive/texmf-dist/tex/generic/pgf/math/pgfmathfunctions.integerari
thmetics.code.tex)))
(/usr/share/texlive/texmf-dist/tex/generic/pgf/math/pgfmathfloat.code.tex
\c@pgfmathroundto@lastzeros=\count295
))
(/usr/share/texlive/texmf-dist/tex/generic/pgf/math/pgfint.code.tex)
(/usr/share/texlive/texmf-dist/tex/generic/pgf/basiclayer/pgfcorepoints.code.te
x
File: pgfcorepoints.code.tex 2020/12/27 v3.1.8b (3.1.8b)
\pgf@picminx=\dimen189
\pgf@picmaxx=\dimen190
\pgf@picminy=\dimen191
\pgf@picmaxy=\dimen192
\pgf@pathminx=\dimen193
\pgf@pathmaxx=\dimen194
\pgf@pathminy=\dimen195
\pgf@pathmaxy=\dimen196
\pgf@xx=\dimen197
\pgf@xy=\dimen198
\pgf@yx=\dimen199
\pgf@yy=\dimen256
\pgf@zx=\dimen257
\pgf@zy=\dimen258
)
(/usr/share/texlive/texmf-dist/tex/generic/pgf/basiclayer/pgfcorepathconstruct.
code.tex
File: pgfcorepathconstruct.code.tex 2020/12/27 v3.1.8b (3.1.8b)
\pgf@path@lastx=\dimen259
\pgf@path@lasty=\dimen260
)
(/usr/share/texlive/texmf-dist/tex/generic/pgf/basiclayer/pgfcorepathusage.code
.tex
File: pgfcorepathusage.code.tex 2020/12/27 v3.1.8b (3.1.8b)
\pgf@shorten@end@additional=\dimen261
\pgf@shorten@start@additional=\dimen262
)
(/usr/share/texlive/texmf-dist/tex/generic/pgf/basiclayer/pgfcorescopes.code.te
x
File: pgfcorescopes.code.tex 2020/12/27 v3.1.8b (3.1.8b)
\pgfpic=\box55
\pgf@hbox=\box56
\pgf@layerbox@main=\box57
\pgf@picture@serial@count=\count296
)
(/usr/share/texlive/texmf-dist/tex/generic/pgf/basiclayer/pgfcoregraphicstate.c
ode.tex
File: pgfcoregraphicstate.code.tex 2020/12/27 v3.1.8b (3.1.8b)
\pgflinewidth=\dimen263
)
(/usr/share/texlive/texmf-dist/tex/generic/pgf/basiclayer/pgfcoretransformation
s.code.tex
File: pgfcoretransformations.code.tex 2020/12/27 v3.1.8b (3.1.8b)
\pgf@pt@x=\dimen264
\pgf@pt@y=\dimen265
\pgf@pt@temp=\dimen266
)
(/usr/share/texlive/texmf-dist/tex/generic/pgf/basiclayer/pgfcorequick.code.tex
File: pgfcorequick.code.tex 2020/12/27 v3.1.8b (3.1.8b)
)
(/usr/share/texlive/texmf-dist/tex/generic/pgf/basiclayer/pgfcoreobjects.code.t
ex
File: pgfcoreobjects.code.tex 2020/12/27 v3.1.8b (3.1.8b)
)
(/usr/share/texlive/texmf-dist/tex/generic/pgf/basiclayer/pgfcorepathprocessing
.code.tex
File: pgfcorepathprocessing.code.tex 2020/12/27 v3.1.8b (3.1.8b)
)
(/usr/share/texlive/texmf-dist/tex/generic/pgf/basiclayer/pgfcorearrows.code.te
x
File: pgfcorearrows.code.tex 2020/12/27 v3.1.8b (3.1.8b)
\pgfarrowsep=\dimen267
)
(/usr/share/texlive/texmf-dist/tex/generic/pgf/basiclayer/pgfcoreshade.code.tex
File: pgfcoreshade.code.tex 2020/12/27 v3.1.8b (3.1.8b)
\pgf@max=\dimen268
\pgf@sys@shading@range@num=\count297
\pgf@shadingcount=\count298
)
(/usr/share/texlive/texmf-dist/tex/generic/pgf/basiclayer/pgfcoreimage.code.tex
File: pgfcoreimage.code.tex 2020/12/27 v3.1.8b (3.1.8b)

(/usr/share/texlive/texmf-dist/tex/generic/pgf/basiclayer/pgfcoreexternal.code.
tex
File: pgfcoreexternal.code.tex 2020/12/27 v3.1.8b (3.1.8b)
\pgfexternal@startupbox=\box58
))
(/usr/share/texlive/texmf-dist/tex/generic/pgf/basiclayer/pgfcorelayers.code.te
x
File: pgfcorelayers.code.tex 2020/12/27 v3.1.8b (3.1.8b)
)
(/usr/share/texlive/texmf-dist/tex/generic/pgf/basiclayer/pgfcoretransparency.c
ode.tex
File: pgfcoretransparency.code.tex 2020/12/27 v3.1.8b (3.1.8b)
)
(/usr/share/texlive/texmf-dist/tex/generic/pgf/basiclayer/pgfcorepatterns.code.
tex
File: pgfcorepatterns.code.tex 2020/12/27 v3.1.8b (3.1.8b)
)
(/usr/share/texlive/texmf-dist/tex/generic/pgf/basiclayer/pgfcorerdf.code.tex
File: pgfcorerdf.code.tex 2020/12/27 v3.1.8b (3.1.8b)
)))
(/usr/share/texlive/texmf-dist/tex/generic/pgf/modules/pgfmoduleshapes.code.tex
File: pgfmoduleshapes.code.tex 2020/12/27 v3.1.8b (3.1.8b)
\pgfnodeparttextbox=\box59
) (/usr/share/texlive/texmf-dist/tex/generic/pgf/modules/pgfmoduleplot.code.tex
File: pgfmoduleplot.code.tex 2020/12/27 v3.1.8b (3.1.8b)
)
(/usr/share/texlive/texmf-dist/tex/latex/pgf/compatibility/pgfcomp-version-0-65
.sty
Package: pgfcomp-version-0-65 2020/12/27 v3.1.8b (3.1.8b)
\pgf@nodesepstart=\dimen269
\pgf@nodesepend=\dimen270
)
(/usr/share/texlive/texmf-dist/tex/latex/pgf/compatibility/pgfcomp-version-1-18
.sty
Package: pgfcomp-version-1-18 2020/12/27 v3.1.8b (3.1.8b)
)) (/usr/share/texlive/texmf-dist/tex/latex/pgf/utilities/pgffor.sty
(/usr/share/texlive/texmf-dist/tex/latex/pgf/utilities/pgfkeys.sty
(/usr/share/texlive/texmf-dist/tex/generic/pgf/utilities/pgfkeys.code.tex))
(/usr/share/texlive/texmf-dist/tex/latex/pgf/math/pgfmath.sty
(/usr/share/texlive/texmf-dist/tex/generic/pgf/math/pgfmath.code.tex))
(/usr/share/texlive/texmf-dist/tex/generic/pgf/utilities/pgffor.code.tex
Package: pgffor 2020/12/27 v3.1.8b (3.1.8b)

(/usr/share/texlive/texmf-dist/tex/generic/pgf/math/pgfmath.code.tex)
\pgffor@iter=\dimen271
\pgffor@skip=\dimen272
\pgffor@stack=\toks41
\pgffor@toks=\toks42
))
(/usr/share/texlive/texmf-dist/tex/generic/pgf/frontendlayer/tikz/tikz.code.tex
Package: tikz 2020/12/27 v3.1.8b (3.1.8b)

(/usr/share/texlive/texmf-dist/tex/generic/pgf/libraries/pgflibraryplothandlers
.code.tex
File: pgflibraryplothandlers.code.tex 2020/12/27 v3.1.8b (3.1.8b)
\pgf@plot@mark@count=\count299
\pgfplotmarksize=\dimen273
)
\tikz@lastx=\dimen274
\tikz@lasty=\dimen275
\tikz@lastxsaved=\dimen276
\tikz@lastysaved=\dimen277
\tikz@lastmovetox=\dimen278
\tikz@lastmovetoy=\dimen279
\tikzleveldistance=\dimen280
\tikzsiblingdistance=\dimen281
\tikz@figbox=\box60
\tikz@figbox@bg=\box61
\tikz@tempbox=\box62
\tikz@tempbox@bg=\box63
\tikztreelevel=\count300
\tikznumberofchildren=\count301
\tikznumberofcurrentchild=\count302
\tikz@fig@count=\count303

(/usr/share/texlive/texmf-dist/tex/generic/pgf/modules/pgfmodulematrix.code.tex
File: pgfmodulematrix.code.tex 2020/12/27 v3.1.8b (3.1.8b)
\pgfmatrixcurrentrow=\count304
\pgfmatrixcurrentcolumn=\count305
\pgf@matrix@numberofcolumns=\count306
)
\tikz@expandcount=\count307

(/usr/share/texlive/texmf-dist/tex/generic/pgf/frontendlayer/tikz/libraries/tik
zlibrarytopaths.code.tex
File: tikzlibrarytopaths.code.tex 2020/12/27 v3.1.8b (3.1.8b)
)))
\c@definition=\count308
\c@theorem=\count309
\c@lemma=\count310
\c@proposition=\count311

(/usr/share/texlive/texmf-dist/tex/latex/l3backend/l3backend-pdftex.def
File: l3backend-pdftex.def 2021-03-18 L3 backend support: PDF output (pdfTeX)
\l__color_backend_stack_int=\count312
\l__pdf_internal_box=\box64
)
(./main_80pages_revised.aux

LaTeX Warning: Label `subsec:c1_phenomenological' multiply defined.

)
\openout1 = `main_80pages_revised.aux'.

LaTeX Font Info:    Checking defaults for OML/cmm/m/it on input line 37.
LaTeX Font Info:    ... okay on input line 37.
LaTeX Font Info:    Checking defaults for OMS/cmsy/m/n on input line 37.
LaTeX Font Info:    ... okay on input line 37.
LaTeX Font Info:    Checking defaults for OT1/cmr/m/n on input line 37.
LaTeX Font Info:    ... okay on input line 37.
LaTeX Font Info:    Checking defaults for T1/cmr/m/n on input line 37.
LaTeX Font Info:    ... okay on input line 37.
LaTeX Font Info:    Checking defaults for TS1/cmr/m/n on input line 37.
LaTeX Font Info:    ... okay on input line 37.
LaTeX Font Info:    Checking defaults for OMX/cmex/m/n on input line 37.
LaTeX Font Info:    ... okay on input line 37.
LaTeX Font Info:    Checking defaults for U/cmr/m/n on input line 37.
LaTeX Font Info:    ... okay on input line 37.
LaTeX Font Info:    Checking defaults for PD1/pdf/m/n on input line 37.
LaTeX Font Info:    ... okay on input line 37.
LaTeX Font Info:    Checking defaults for PU/pdf/m/n on input line 37.
LaTeX Font Info:    ... okay on input line 37.

*geometry* driver: auto-detecting
*geometry* detected driver: pdftex
*geometry* verbose mode - [ preamble ] result:
* driver: pdftex
* paper: a4paper
* layout: <same size as paper>
* layoutoffset:(h,v)=(0.0pt,0.0pt)
* modes: 
* h-part:(L,W,R)=(71.13188pt, 455.24411pt, 71.13188pt)
* v-part:(T,H,B)=(71.13188pt, 702.78308pt, 71.13188pt)
* \paperwidth=597.50787pt
* \paperheight=845.04684pt
* \textwidth=455.24411pt
* \textheight=702.78308pt
* \oddsidemargin=-1.1381pt
* \evensidemargin=-1.1381pt
* \topmargin=-38.1381pt
* \headheight=12.0pt
* \headsep=25.0pt
* \topskip=11.0pt
* \footskip=30.0pt
* \marginparwidth=50.0pt
* \marginparsep=10.0pt
* \columnsep=10.0pt
* \skip\footins=10.0pt plus 4.0pt minus 2.0pt
* \hoffset=0.0pt
* \voffset=0.0pt
* \mag=1000
* \@twocolumnfalse
* \@twosidefalse
* \@mparswitchfalse
* \@reversemarginfalse
* (1in=72.27pt=25.4mm, 1cm=28.453pt)

Package hyperref Info: Link coloring OFF on input line 37.
(/usr/share/texlive/texmf-dist/tex/latex/hyperref/nameref.sty
Package: nameref 2021-04-02 v2.47 Cross-referencing by name of section

(/usr/share/texlive/texmf-dist/tex/latex/refcount/refcount.sty
Package: refcount 2019/12/15 v3.6 Data extraction from label references (HO)
)
(/usr/share/texlive/texmf-dist/tex/generic/gettitlestring/gettitlestring.sty
Package: gettitlestring 2019/12/15 v1.6 Cleanup title references (HO)
)
\c@section@level=\count313
)
LaTeX Info: Redefining \ref on input line 37.
LaTeX Info: Redefining \pageref on input line 37.
LaTeX Info: Redefining \nameref on input line 37.

(./main_80pages_revised.out) (./main_80pages_revised.out)
\@outlinefile=\write4
\openout4 = `main_80pages_revised.out'.


(/usr/share/texlive/texmf-dist/tex/context/base/mkii/supp-pdf.mkii
[Loading MPS to PDF converter (version 2006.09.02).]
\scratchcounter=\count314
\scratchdimen=\dimen282
\scratchbox=\box65
\nofMPsegments=\count315
\nofMParguments=\count316
\everyMPshowfont=\toks43
\MPscratchCnt=\count317
\MPscratchDim=\dimen283
\MPnumerator=\count318
\makeMPintoPDFobject=\count319
\everyMPtoPDFconversion=\toks44
) (/usr/share/texlive/texmf-dist/tex/latex/epstopdf-pkg/epstopdf-base.sty
Package: epstopdf-base 2020-01-24 v2.11 Base part for package epstopdf
Package epstopdf-base Info: Redefining graphics rule for `.eps' on input line 4
85.

(/usr/share/texlive/texmf-dist/tex/latex/latexconfig/epstopdf-sys.cfg
File: epstopdf-sys.cfg 2010/07/13 v1.3 Configuration of (r)epstopdf for TeX Liv
e
))
LaTeX Font Info:    Trying to load font information for U+msa on input line 40.


(/usr/share/texlive/texmf-dist/tex/latex/amsfonts/umsa.fd
File: umsa.fd 2013/01/14 v3.01 AMS symbols A
)
LaTeX Font Info:    Trying to load font information for U+msb on input line 40.


(/usr/share/texlive/texmf-dist/tex/latex/amsfonts/umsb.fd
File: umsb.fd 2013/01/14 v3.01 AMS symbols B
)
LaTeX Font Info:    Trying to load font information for U+rsfs on input line 40
.

(/usr/share/texlive/texmf-dist/tex/latex/jknapltx/ursfs.fd
File: ursfs.fd 1998/03/24 rsfs font definition file (jk)
) [1

{/usr/share/texlive/texmf-dist/fonts/map/pdftex/updmap/pdftex.map}] [2]
(./main_80pages_revised.toc [3] [4] [5] [6])
\tf@toc=\write5
\openout5 = `main_80pages_revised.toc'.

 [7]
Underfull \hbox (badness 6428) in paragraph at lines 91--92
[]|\T1/cmr/bx/n/10.95 Spectral di-men-sion\T1/cmr/m/n/10.95 : Math-e-mat-i-cal 
pa-ram-e-ter de-fined by
 []

[8] (./chapters/chapter1_revised.tex

LaTeX Warning: Citation `Minakshisundaram1949' on page 9 undefined on input lin
e 31.

[9]

Package hyperref Warning: Token not allowed in a PDF string (Unicode):
(hyperref)                removing `math shift' on input line 69.


Package hyperref Warning: Token not allowed in a PDF string (Unicode):
(hyperref)                removing `subscript' on input line 69.


Package hyperref Warning: Token not allowed in a PDF string (Unicode):
(hyperref)                removing `math shift' on input line 69.


LaTeX Warning: Reference `subsec:c1_derivations' on page 10 undefined on input 
line 79.


LaTeX Warning: `h' float specifier changed to `ht'.

[10]

LaTeX Warning: Citation `Minakshisundaram1949' on page 11 undefined on input li
ne 118.


LaTeX Warning: Citation `Ambjorn2005' on page 11 undefined on input line 128.


Overfull \hbox (5.20264pt too wide) in paragraph at lines 135--136
\T1/cmr/m/n/10.95 This re-view presents a uni-fied \T1/cmr/bx/n/10.95 phe-nomen
o-log-i-cal frame-work \T1/cmr/m/n/10.95 for un-der-stand-ing scale-dependent
 []

[11]) (./chapters/chapter2_revised.tex

LaTeX Warning: Citation `Minakshisundaram1949' on page 12 undefined on input li
ne 35.


LaTeX Warning: Citation `Gilkey1995' on page 12 undefined on input line 35.


Overfull \hbox (0.6719pt too wide) in paragraph at lines 48--49
[][]\T1/cmr/bx/n/10.95 Proposition 1 \T1/cmr/m/n/10.95 (Spec-tral Di-men-sion o
f Smooth Man-i-folds)\T1/cmr/bx/n/10.95 . []\T1/cmr/m/it/10.95 For a smooth, co
m-pact $\OML/cmm/m/it/10.95 d$\T1/cmr/m/it/10.95 -dimensional
 []

[12]

Package hyperref Warning: Token not allowed in a PDF string (Unicode):
(hyperref)                removing `math shift' on input line 83.


Package hyperref Warning: Token not allowed in a PDF string (Unicode):
(hyperref)                removing `subscript' on input line 83.


Package hyperref Warning: Token not allowed in a PDF string (Unicode):
(hyperref)                removing `math shift' on input line 83.

[13] [14]) (./chapters/figures_all.tex
<figures/fig5_unified_formula.pdf, id=1172, 967.46043pt x 424.1766pt>
File: figures/fig5_unified_formula.pdf Graphic file (type pdf)
<use figures/fig5_unified_formula.pdf>
Package pdftex.def Info: figures/fig5_unified_formula.pdf  used on input line 1
1.
(pdftex.def)             Requested size: 409.71692pt x 179.63513pt.
<figures/fig31_heat_kernel_3d.pdf, id=1173, 892.8779pt x 740.7675pt>
File: figures/fig31_heat_kernel_3d.pdf Graphic file (type pdf)
<use figures/fig31_heat_kernel_3d.pdf>
Package pdftex.def Info: figures/fig31_heat_kernel_3d.pdf  used on input line 1
8.
(pdftex.def)             Requested size: 432.48051pt x 358.79707pt.
<figures/fig35_fourier_transform.pdf, id=1174, 1003.08981pt x 713.51756pt>
File: figures/fig35_fourier_transform.pdf Graphic file (type pdf)
<use figures/fig35_fourier_transform.pdf>
Package pdftex.def Info: figures/fig35_fourier_transform.pdf  used on input lin
e 25.
(pdftex.def)             Requested size: 409.71692pt x 291.44447pt.
<figures/fig6_spectral_flow_comparison.pdf, id=1175, 1002.04993pt x 421.29257pt
>
File: figures/fig6_spectral_flow_comparison.pdf Graphic file (type pdf)
<use figures/fig6_spectral_flow_comparison.pdf>
Package pdftex.def Info: figures/fig6_spectral_flow_comparison.pdf  used on inp
ut line 36.
(pdftex.def)             Requested size: 409.71692pt x 172.25536pt.
<figures/fig21_black_hole_thermo.pdf, id=1176, 1001.13402pt x 422.21pt>
File: figures/fig21_black_hole_thermo.pdf Graphic file (type pdf)
<use figures/fig21_black_hole_thermo.pdf>
Package pdftex.def Info: figures/fig21_black_hole_thermo.pdf  used on input lin
e 43.
(pdftex.def)             Requested size: 432.48051pt x 182.39072pt.
<figures/fig8_entropy_scaling.pdf, id=1177, 1002.94518pt x 420.25218pt>
File: figures/fig8_entropy_scaling.pdf Graphic file (type pdf)
<use figures/fig8_entropy_scaling.pdf>
Package pdftex.def Info: figures/fig8_entropy_scaling.pdf  used on input line 5
0.
(pdftex.def)             Requested size: 409.71692pt x 171.67609pt.
<figures/fig10_experimental_landscape.pdf, id=1178, 1002.01132pt x 711.14107pt>

File: figures/fig10_experimental_landscape.pdf Graphic file (type pdf)
<use figures/fig10_experimental_landscape.pdf>
Package pdftex.def Info: figures/fig10_experimental_landscape.pdf  used on inpu
t line 61.
(pdftex.def)             Requested size: 432.48051pt x 306.93492pt.
<figures/fig7_gravitational_wave.pdf, id=1179, 1003.32133pt x 856.06624pt>
File: figures/fig7_gravitational_wave.pdf Graphic file (type pdf)
<use figures/fig7_gravitational_wave.pdf>
Package pdftex.def Info: figures/fig7_gravitational_wave.pdf  used on input lin
e 68.
(pdftex.def)             Requested size: 409.71692pt x 349.57867pt.
<figures/fig9_cmb_constraints.pdf, id=1180, 998.49097pt x 422.61073pt>
File: figures/fig9_cmb_constraints.pdf Graphic file (type pdf)
<use figures/fig9_cmb_constraints.pdf>
Package pdftex.def Info: figures/fig9_cmb_constraints.pdf  used on input line 7
5.
(pdftex.def)             Requested size: 409.71692pt x 173.41338pt.
<figures/fig4_phase_diagram.pdf, id=1181, 714.5438pt x 569.1181pt>
File: figures/fig4_phase_diagram.pdf Graphic file (type pdf)
<use figures/fig4_phase_diagram.pdf>
Package pdftex.def Info: figures/fig4_phase_diagram.pdf  used on input line 82.

(pdftex.def)             Requested size: 409.71692pt x 326.32854pt.
<figures/fig12_holographic_duality.pdf, id=1182, 779.46065pt x 716.11166pt>
File: figures/fig12_holographic_duality.pdf Graphic file (type pdf)
<use figures/fig12_holographic_duality.pdf>
Package pdftex.def Info: figures/fig12_holographic_duality.pdf  used on input l
ine 93.
(pdftex.def)             Requested size: 364.19667pt x 334.60567pt.
<figures/fig13_renormalization_flow.pdf, id=1183, 712.69386pt x 567.54282pt>
File: figures/fig13_renormalization_flow.pdf Graphic file (type pdf)
<use figures/fig13_renormalization_flow.pdf>
Package pdftex.def Info: figures/fig13_renormalization_flow.pdf  used on input 
line 100.
(pdftex.def)             Requested size: 409.71692pt x 326.2653pt.
<figures/fig15_cosmological_evolution.pdf, id=1184, 999.18681pt x 420.98141pt>
File: figures/fig15_cosmological_evolution.pdf Graphic file (type pdf)
<use figures/fig15_cosmological_evolution.pdf>
Package pdftex.def Info: figures/fig15_cosmological_evolution.pdf  used on inpu
t line 107.
(pdftex.def)             Requested size: 432.48051pt x 182.21327pt.
<figures/fig14_quantum_information.pdf, id=1185, 1001.81068pt x 420.98141pt>
File: figures/fig14_quantum_information.pdf Graphic file (type pdf)
<use figures/fig14_quantum_information.pdf>
Package pdftex.def Info: figures/fig14_quantum_information.pdf  used on input l
ine 114.
(pdftex.def)             Requested size: 409.71692pt x 172.17311pt.
<figures/fig22_dark_energy.pdf, id=1186, 990.75394pt x 424.35538pt>
File: figures/fig22_dark_energy.pdf Graphic file (type pdf)
<use figures/fig22_dark_energy.pdf>
Package pdftex.def Info: figures/fig22_dark_energy.pdf  used on input line 121.

(pdftex.def)             Requested size: 409.71692pt x 175.48257pt.
<figures/fig11_knot_theory.pdf, id=1187, 1002.55112pt x 425.44006pt>
File: figures/fig11_knot_theory.pdf Graphic file (type pdf)
<use figures/fig11_knot_theory.pdf>
Package pdftex.def Info: figures/fig11_knot_theory.pdf  used on input line 128.

(pdftex.def)             Requested size: 409.71692pt x 173.86678pt.
<figures/fig32_anomaly_cancellation.pdf, id=1188, 1004.2958pt x 420.98141pt>
File: figures/fig32_anomaly_cancellation.pdf Graphic file (type pdf)
<use figures/fig32_anomaly_cancellation.pdf>
Package pdftex.def Info: figures/fig32_anomaly_cancellation.pdf  used on input 
line 139.
(pdftex.def)             Requested size: 409.71692pt x 171.74272pt.
<figures/fig33_supersymmetry.pdf, id=1189, 1001.76884pt x 420.98141pt>
File: figures/fig33_supersymmetry.pdf Graphic file (type pdf)
<use figures/fig33_supersymmetry.pdf>
Package pdftex.def Info: figures/fig33_supersymmetry.pdf  used on input line 14
6.
(pdftex.def)             Requested size: 409.71692pt x 172.17953pt.
<figures/fig34_string_compactification.pdf, id=1190, 939.60783pt x 420.98141pt>

File: figures/fig34_string_compactification.pdf Graphic file (type pdf)
<use figures/fig34_string_compactification.pdf>
Package pdftex.def Info: figures/fig34_string_compactification.pdf  used on inp
ut line 153.
(pdftex.def)             Requested size: 409.71692pt x 183.56866pt.
<figures/fig23_neutrino_oscillation.pdf, id=1191, 713.10641pt x 420.98141pt>
File: figures/fig23_neutrino_oscillation.pdf Graphic file (type pdf)
<use figures/fig23_neutrino_oscillation.pdf>
Package pdftex.def Info: figures/fig23_neutrino_oscillation.pdf  used on input 
line 160.
(pdftex.def)             Requested size: 409.71692pt x 241.87614pt.
<figures/fig24_lhc_phenomenology.pdf, id=1192, 1003.15715pt x 423.47458pt>
File: figures/fig24_lhc_phenomenology.pdf Graphic file (type pdf)
<use figures/fig24_lhc_phenomenology.pdf>
Package pdftex.def Info: figures/fig24_lhc_phenomenology.pdf  used on input lin
e 167.
(pdftex.def)             Requested size: 409.71692pt x 172.96014pt.
)
(./chapters/chapter2_related_frameworks.tex

LaTeX Warning: Citation `Maggiore1993' on page 15 undefined on input line 9.


LaTeX Warning: Citation `Scardigli1999' on page 15 undefined on input line 9.

[15] [16 <./figures/fig5_unified_formula.pdf> <./figures/fig31_heat_kernel_3d.p
df>] [17 <./figures/fig35_fourier_transform.pdf> <./figures/fig6_spectral_flow_
comparison.pdf>] [18 <./figures/fig21_black_hole_thermo.pdf> <./figures/fig8_en
tropy_scaling.pdf>] [19 <./figures/fig10_experimental_landscape.pdf>] [20 <./fi
gures/fig7_gravitational_wave.pdf> <./figures/fig9_cmb_constraints.pdf>]
[21 <./figures/fig4_phase_diagram.pdf>] [22 <./figures/fig12_holographic_dualit
y.pdf>] [23 <./figures/fig13_renormalization_flow.pdf> <./figures/fig15_cosmolo
gical_evolution.pdf>] [24 <./figures/fig14_quantum_information.pdf> <./figures/
fig22_dark_energy.pdf> <./figures/fig11_knot_theory.pdf>] [25 <./figures/fig32_
anomaly_cancellation.pdf> <./figures/fig33_supersymmetry.pdf>] [26 <./figures/f
ig34_string_compactification.pdf> <./figures/fig23_neutrino_oscillation.pdf>]

LaTeX Warning: Citation `Hossenfelder2007' on page 27 undefined on input line 1
6.


LaTeX Warning: Citation `Hossenfelder2013' on page 27 undefined on input line 1
6.


LaTeX Warning: Citation `Hossenfelder2009' on page 27 undefined on input line 2
2.


LaTeX Warning: Citation `Nozari2012' on page 27 undefined on input line 29.


LaTeX Warning: Citation `Pedram2016' on page 27 undefined on input line 29.


LaTeX Warning: Citation `AmelinoCamelia2001' on page 27 undefined on input line
 33.


LaTeX Warning: Citation `AmelinoCamelia2002' on page 27 undefined on input line
 33.

[27 <./figures/fig24_lhc_phenomenology.pdf>]

LaTeX Warning: Citation `Magueijo2002' on page 28 undefined on input line 40.


LaTeX Warning: Citation `Magueijo2003' on page 28 undefined on input line 40.


LaTeX Warning: Citation `Ahlqvist2010' on page 28 undefined on input line 42.


LaTeX Warning: Citation `AmelinoCamelia2004' on page 28 undefined on input line
 49.


LaTeX Warning: Citation `Judes2005' on page 28 undefined on input line 49.


LaTeX Warning: Citation `CastroNeto2009' on page 28 undefined on input line 55.



LaTeX Warning: Citation `Iorio2018' on page 28 undefined on input line 55.


LaTeX Warning: Citation `Gromov2015' on page 28 undefined on input line 57.


LaTeX Warning: Citation `Bloch2008' on page 28 undefined on input line 59.


LaTeX Warning: Citation `Lewenstein2007' on page 28 undefined on input line 59.



LaTeX Warning: Citation `Verlinde2011' on page 28 undefined on input line 65.


LaTeX Warning: Citation `Padmanabhan2010' on page 28 undefined on input line 67
.

[28]

LaTeX Warning: Citation `Gao2011' on page 29 undefined on input line 71.


LaTeX Warning: Citation `Kobakhidze2011' on page 29 undefined on input line 71.



LaTeX Warning: Citation `Biswas2012' on page 29 undefined on input line 75.


LaTeX Warning: Citation `Buoninfante2018' on page 29 undefined on input line 75
.


LaTeX Warning: Citation `Calcagni2013' on page 29 undefined on input line 84.


LaTeX Warning: Citation `Boos2018' on page 29 undefined on input line 84.

[29]) (./chapters/chapter3_revised.tex [30] [31] [32] [33])
(./chapters/chapter4_revised.tex [34] [35] [36] [37])
(./chapters/chapter_E6_experiment.tex
Overfull \hbox (8.8263pt too wide) in paragraph at lines 17--18
\T1/cmr/m/n/10.95 The E-6 ex-per-i-ment demon-strates that the phe-nomenon of "
spec-tral di-men-sion flow"^^Vtraditionally
 []

[38]
Overfull \hbox (36.9362pt too wide) in paragraph at lines 77--92
 [][] 
 []

[39] [40] [41]

Package hyperref Warning: Token not allowed in a PDF string (Unicode):
(hyperref)                removing `math shift' on input line 258.


Package hyperref Warning: Token not allowed in a PDF string (Unicode):
(hyperref)                removing `subscript' on input line 258.


Package hyperref Warning: Token not allowed in a PDF string (Unicode):
(hyperref)                removing `math shift' on input line 258.

[42]) (./chapters/chapter_comparison.tex [43]

LaTeX Warning: Citation `AmelinoCamelia2013' on page 44 undefined on input line
 12.


LaTeX Warning: Citation `Percacci2011' on page 44 undefined on input line 31.


Overfull \hbox (10.1575pt too wide) in paragraph at lines 31--32
\T1/cmr/m/n/10.95 gued that grav-ity is fun-da-men-tally dif-fer-ent from other
 field the-o-ries due to its non-renormalizability
 []

[44]

LaTeX Warning: Citation `Polchinski1998' on page 45 undefined on input line 46.



LaTeX Warning: Citation `Maldacena1997' on page 45 undefined on input line 50.


LaTeX Warning: Citation `Kostov2008' on page 45 undefined on input line 50.


LaTeX Warning: Citation `Atick1988' on page 45 undefined on input line 50.


LaTeX Warning: Citation `Rovelli2004' on page 45 undefined on input line 63.


LaTeX Warning: Citation `Ashtekar2004' on page 45 undefined on input line 63.


LaTeX Warning: Citation `Modesto2009' on page 45 undefined on input line 74.


LaTeX Warning: Citation `Calcagni2010' on page 45 undefined on input line 74.

[45]

LaTeX Warning: Citation `Verlinde2011' on page 46 undefined on input line 95.


LaTeX Warning: Citation `Gao2011' on page 46 undefined on input line 104.


LaTeX Warning: Citation `Kobakhidze2011' on page 46 undefined on input line 104
.


LaTeX Warning: Citation `Volovik2003' on page 46 undefined on input line 108.


LaTeX Warning: Citation `Barcelo2005' on page 46 undefined on input line 108.


Underfull \hbox (badness 10000) in paragraph at lines 128--128
[]\T1/cmr/m/n/10.95 Asymptotic
 []


Underfull \hbox (badness 10000) in paragraph at lines 129--129
[]\T1/cmr/m/n/10.95 Ho°ava-
 []


LaTeX Warning: `h' float specifier changed to `ht'.

[46]) (./chapters/chapter5_extended.tex [47] [48] [49] [50]
Underfull \hbox (badness 2903) in paragraph at lines 212--212
[]\T1/cmr/m/n/10.95 Gradual on-set ($\OML/cmm/m/it/10.95 c[]$ \T1/cmr/m/n/10.95
 con-trols
 []


LaTeX Warning: `h' float specifier changed to `ht'.

[51] [52]) (./chapters/chapter6_extended.tex [53] [54] [55] [56] [57] [58])
(./appendices_final.tex [59] [60]

LaTeX Warning: `h' float specifier changed to `ht'.


LaTeX Warning: `h' float specifier changed to `ht'.

[61] [62] [63] [64]
Underfull \vbox (badness 10000) detected at line 376
 []

[65] (./main_80pages_revised.aux)

LaTeX Warning: There were undefined references.


LaTeX Warning: There were multiply-defined labels.

Package rerunfilecheck Info: File `main_80pages_revised.out' has not changed.
(rerunfilecheck)             Checksum: 422549517823CA5483B71FAC33D99F67;43248.
 ) ) 
Here is how much of TeX's memory you used:
 21252 strings out of 481008
 380443 string characters out of 5909440
 691588 words of memory out of 5000000
 37469 multiletter control sequences out of 15000+600000
 434367 words of font info for 108 fonts, out of 8000000 for 9000
 14 hyphenation exceptions out of 8191
 87i,15n,89p,781b,415s stack positions out of 5000i,500n,10000p,200000b,80000s
{/usr/share/texlive/texmf-dist/fonts/enc/dvips/cm-super/cm-super-t1.enc}{/u
sr/share/texlive/texmf-dist/fonts/enc/dvips/cm-super/cm-super-ts1.enc}</usr/sha
re/texlive/texmf-dist/fonts/type1/public/amsfonts/cm/cmbx10.pfb></usr/share/tex
live/texmf-dist/fonts/type1/public/amsfonts/cm/cmbx8.pfb></usr/share/texlive/te
xmf-dist/fonts/type1/public/amsfonts/cm/cmex10.pfb></usr/share/texlive/texmf-di
st/fonts/type1/public/amsfonts/cm/cmmi10.pfb></usr/share/texlive/texmf-dist/fon
ts/type1/public/amsfonts/cm/cmmi12.pfb></usr/share/texlive/texmf-dist/fonts/typ
e1/public/amsfonts/cm/cmmi6.pfb></usr/share/texlive/texmf-dist/fonts/type1/publ
ic/amsfonts/cm/cmmi7.pfb></usr/share/texlive/texmf-dist/fonts/type1/public/amsf
onts/cm/cmmi8.pfb></usr/share/texlive/texmf-dist/fonts/type1/public/amsfonts/cm
/cmr10.pfb></usr/share/texlive/texmf-dist/fonts/type1/public/amsfonts/cm/cmr6.p
fb></usr/share/texlive/texmf-dist/fonts/type1/public/amsfonts/cm/cmr7.pfb></usr
/share/texlive/texmf-dist/fonts/type1/public/amsfonts/cm/cmr8.pfb></usr/share/t
exlive/texmf-dist/fonts/type1/public/amsfonts/cm/cmsy10.pfb></usr/share/texlive
/texmf-dist/fonts/type1/public/amsfonts/cm/cmsy7.pfb></usr/share/texlive/texmf-
dist/fonts/type1/public/amsfonts/cm/cmsy8.pfb></usr/share/texlive/texmf-dist/fo
nts/type1/public/amsfonts/symbols/msam10.pfb></usr/share/texlive/texmf-dist/fon
ts/type1/public/amsfonts/symbols/msbm10.pfb></usr/share/texlive/texmf-dist/font
s/type1/public/cm-super/sfbi1095.pfb></usr/share/texlive/texmf-dist/fonts/type1
/public/cm-super/sfbx0800.pfb></usr/share/texlive/texmf-dist/fonts/type1/public
/cm-super/sfbx1000.pfb></usr/share/texlive/texmf-dist/fonts/type1/public/cm-sup
er/sfbx1095.pfb></usr/share/texlive/texmf-dist/fonts/type1/public/cm-super/sfbx
1200.pfb></usr/share/texlive/texmf-dist/fonts/type1/public/cm-super/sfbx1440.pf
b></usr/share/texlive/texmf-dist/fonts/type1/public/cm-super/sfbx1728.pfb></usr
/share/texlive/texmf-dist/fonts/type1/public/cm-super/sfrm0500.pfb></usr/share/
texlive/texmf-dist/fonts/type1/public/cm-super/sfrm0600.pfb></usr/share/texlive
/texmf-dist/fonts/type1/public/cm-super/sfrm0800.pfb></usr/share/texlive/texmf-
dist/fonts/type1/public/cm-super/sfrm1000.pfb></usr/share/texlive/texmf-dist/fo
nts/type1/public/cm-super/sfrm1095.pfb></usr/share/texlive/texmf-dist/fonts/typ
e1/public/cm-super/sfrm1200.pfb></usr/share/texlive/texmf-dist/fonts/type1/publ
ic/cm-super/sfti0800.pfb></usr/share/texlive/texmf-dist/fonts/type1/public/cm-s
uper/sfti1095.pfb>
Output written on main_80pages_revised.pdf (65 pages, 1514316 bytes).
PDF statistics:
 3138 PDF objects out of 3580 (max. 8388607)
 1897 compressed objects within 19 object streams
 517 named destinations out of 1000 (max. 500000)
 1750 words of extra memory for PDF output out of 10000 (max. 10000000)

