\BOOKMARK [1][-]{section*.1}{\376\377\000P\000r\000e\000f\000a\000c\000e\000\040\000t\000o\000\040\000t\000h\000e\000\040\000R\000e\000v\000i\000s\000e\000d\000\040\000E\000d\000i\000t\000i\000o\000n}{}% 1
\BOOKMARK [1][-]{section*.3}{\376\377\000N\000o\000t\000a\000t\000i\000o\000n\000\040\000a\000n\000d\000\040\000T\000e\000r\000m\000i\000n\000o\000l\000o\000g\000y\000\040\000G\000u\000i\000d\000e}{}% 2
\BOOKMARK [1][-]{section.1}{\376\377\000I\000n\000t\000r\000o\000d\000u\000c\000t\000i\000o\000n}{}% 3
\BOOKMARK [2][-]{subsection.1.1}{\376\377\000C\000o\000n\000s\000t\000r\000a\000i\000n\000t\000-\000D\000e\000t\000e\000r\000m\000i\000n\000e\000d\000\040\000E\000f\000f\000e\000c\000t\000i\000v\000e\000\040\000D\000i\000m\000e\000n\000s\000i\000o\000n\000a\000l\000i\000t\000y}{section.1}% 4
\BOOKMARK [2][-]{subsection.1.2}{\376\377\000T\000h\000r\000e\000e\000\040\000L\000e\000v\000e\000l\000s\000\040\000o\000f\000\040\000D\000i\000m\000e\000n\000s\000i\000o\000n\000\040\000C\000o\000n\000c\000e\000p\000t\000s}{section.1}% 5
\BOOKMARK [2][-]{subsection.1.3}{\376\377\000P\000h\000y\000s\000i\000c\000a\000l\000\040\000I\000n\000t\000e\000r\000p\000r\000e\000t\000a\000t\000i\000o\000n\000:\000\040\000C\000o\000n\000s\000t\000r\000a\000i\000n\000t\000\040\000H\000i\000e\000r\000a\000r\000c\000h\000y}{section.1}% 6
\BOOKMARK [2][-]{subsection.1.4}{\376\377\000T\000h\000e\000\040\000P\000h\000e\000n\000o\000m\000e\000n\000o\000l\000o\000g\000i\000c\000a\000l\000\040\000c\0001\000\040\000P\000a\000r\000a\000m\000e\000t\000e\000r}{section.1}% 7
\BOOKMARK [2][-]{subsection.1.5}{\376\377\000H\000i\000e\000r\000a\000r\000c\000h\000i\000c\000a\000l\000\040\000S\000t\000r\000u\000c\000t\000u\000r\000e\000:\000\040\000S\000y\000s\000t\000e\000m\000,\000\040\000M\000o\000d\000e\000,\000\040\000a\000n\000d\000\040\000I\000n\000t\000e\000r\000n\000a\000l\000\040\000L\000e\000v\000e\000l\000s}{section.1}% 8
\BOOKMARK [2][-]{subsection.1.6}{\376\377\000C\000r\000i\000t\000i\000c\000a\000l\000\040\000D\000i\000s\000t\000i\000n\000c\000t\000i\000o\000n\000:\000\040\000C\000l\000a\000s\000s\000i\000c\000a\000l\000\040\000v\000s\000.\000\040\000Q\000u\000a\000n\000t\000u\000m}{section.1}% 9
\BOOKMARK [2][-]{subsection.1.7}{\376\377\000H\000i\000s\000t\000o\000r\000i\000c\000a\000l\000\040\000D\000e\000v\000e\000l\000o\000p\000m\000e\000n\000t}{section.1}% 10
\BOOKMARK [3][-]{subsubsection.1.7.1}{\376\377\000M\000a\000t\000h\000e\000m\000a\000t\000i\000c\000a\000l\000\040\000O\000r\000i\000g\000i\000n\000s\000:\000\040\000M\000i\000n\000a\000k\000s\000h\000i\000s\000u\000n\000d\000a\000r\000a\000m\000-\000P\000l\000e\000i\000j\000e\000l\000\040\000\050\0001\0009\0004\0009\000\051}{subsection.1.7}% 11
\BOOKMARK [3][-]{subsubsection.1.7.2}{\376\377\000Q\000u\000a\000n\000t\000u\000m\000\040\000G\000r\000a\000v\000i\000t\000y\000\040\000A\000p\000p\000l\000i\000c\000a\000t\000i\000o\000n\000s\000\040\000\050\0002\0000\0000\0005\000-\000P\000r\000e\000s\000e\000n\000t\000\051}{subsection.1.7}% 12
\BOOKMARK [2][-]{subsection.1.8}{\376\377\000S\000c\000o\000p\000e\000\040\000a\000n\000d\000\040\000L\000i\000m\000i\000t\000a\000t\000i\000o\000n\000s\000\040\000o\000f\000\040\000T\000h\000i\000s\000\040\000R\000e\000v\000i\000e\000w}{section.1}% 13
\BOOKMARK [1][-]{section.2}{\376\377\000M\000a\000t\000h\000e\000m\000a\000t\000i\000c\000a\000l\000\040\000F\000o\000u\000n\000d\000a\000t\000i\000o\000n\000s}{}% 14
\BOOKMARK [2][-]{subsection.2.1}{\376\377\000T\000h\000e\000\040\000H\000e\000a\000t\000\040\000K\000e\000r\000n\000e\000l\000:\000\040\000M\000a\000t\000h\000e\000m\000a\000t\000i\000c\000a\000l\000\040\000D\000e\000f\000i\000n\000i\000t\000i\000o\000n}{section.2}% 15
\BOOKMARK [2][-]{subsection.2.2}{\376\377\000S\000p\000e\000c\000t\000r\000a\000l\000\040\000D\000i\000m\000e\000n\000s\000i\000o\000n\000:\000\040\000M\000a\000t\000h\000e\000m\000a\000t\000i\000c\000a\000l\000\040\000D\000e\000f\000i\000n\000i\000t\000i\000o\000n}{section.2}% 16
\BOOKMARK [2][-]{subsection.2.3}{\376\377\000H\000e\000u\000r\000i\000s\000t\000i\000c\000\040\000P\000h\000y\000s\000i\000c\000a\000l\000\040\000I\000n\000t\000e\000r\000p\000r\000e\000t\000a\000t\000i\000o\000n}{section.2}% 17
\BOOKMARK [2][-]{subsection.2.4}{\376\377\000T\000h\000e\000\040\000c\0001\000\040\000P\000a\000r\000a\000m\000e\000t\000e\000r\000:\000\040\000P\000h\000e\000n\000o\000m\000e\000n\000o\000l\000o\000g\000i\000c\000a\000l\000\040\000S\000t\000a\000t\000u\000s}{section.2}% 18
\BOOKMARK [3][-]{subsubsection.2.4.1}{\376\377\000D\000i\000s\000c\000o\000v\000e\000r\000y\000\040\000H\000i\000s\000t\000o\000r\000y}{subsection.2.4}% 19
\BOOKMARK [3][-]{subsubsection.2.4.2}{\376\377\000S\000t\000a\000t\000u\000s\000\040\000A\000s\000s\000e\000s\000s\000m\000e\000n\000t}{subsection.2.4}% 20
\BOOKMARK [3][-]{subsubsection.2.4.3}{\376\377\000O\000p\000e\000n\000\040\000P\000r\000o\000b\000l\000e\000m\000:\000\040\000D\000e\000r\000i\000v\000a\000t\000i\000o\000n\000\040\000f\000r\000o\000m\000\040\000F\000i\000r\000s\000t\000\040\000P\000r\000i\000n\000c\000i\000p\000l\000e\000s}{subsection.2.4}% 21
\BOOKMARK [2][-]{subsection.2.5}{\376\377\000C\000l\000a\000s\000s\000i\000c\000a\000l\000\040\000v\000s\000.\000\040\000Q\000u\000a\000n\000t\000u\000m\000:\000\040\000F\000u\000n\000d\000a\000m\000e\000n\000t\000a\000l\000\040\000D\000i\000f\000f\000e\000r\000e\000n\000c\000e\000s}{section.2}% 22
\BOOKMARK [2][-]{subsection.2.6}{\376\377\000N\000o\000n\000-\000C\000o\000m\000m\000u\000t\000a\000t\000i\000v\000e\000\040\000a\000n\000d\000\040\000F\000r\000a\000c\000t\000a\000l\000\040\000G\000e\000o\000m\000e\000t\000r\000i\000e\000s}{section.2}% 23
\BOOKMARK [3][-]{subsubsection.2.6.1}{\376\377\000N\000o\000n\000-\000C\000o\000m\000m\000u\000t\000a\000t\000i\000v\000e\000\040\000G\000e\000o\000m\000e\000t\000r\000y}{subsection.2.6}% 24
\BOOKMARK [3][-]{subsubsection.2.6.2}{\376\377\000F\000r\000a\000c\000t\000a\000l\000\040\000S\000t\000r\000u\000c\000t\000u\000r\000e\000s}{subsection.2.6}% 25
\BOOKMARK [2][-]{subsection.2.7}{\376\377\000S\000u\000m\000m\000a\000r\000y\000:\000\040\000R\000i\000g\000o\000r\000\040\000v\000s\000.\000\040\000H\000e\000u\000r\000i\000s\000t\000i\000c}{section.2}% 26
\BOOKMARK [2][-]{subsection.2.8}{\376\377\000R\000e\000l\000a\000t\000e\000d\000\040\000F\000r\000a\000m\000e\000w\000o\000r\000k\000s\000\040\000a\000n\000d\000\040\000A\000l\000t\000e\000r\000n\000a\000t\000i\000v\000e\000\040\000A\000p\000p\000r\000o\000a\000c\000h\000e\000s}{section.2}% 27
\BOOKMARK [3][-]{subsubsection.2.8.1}{\376\377\000G\000e\000n\000e\000r\000a\000l\000i\000z\000e\000d\000\040\000U\000n\000c\000e\000r\000t\000a\000i\000n\000t\000y\000\040\000P\000r\000i\000n\000c\000i\000p\000l\000e\000\040\000\050\000G\000U\000P\000\051\000\040\000A\000p\000p\000r\000o\000a\000c\000h\000e\000s}{subsection.2.8}% 28
\BOOKMARK [3][-]{subsubsection.2.8.2}{\376\377\000D\000o\000u\000b\000l\000y\000\040\000S\000p\000e\000c\000i\000a\000l\000\040\000R\000e\000l\000a\000t\000i\000v\000i\000t\000y\000\040\000\050\000D\000S\000R\000\051}{subsection.2.8}% 29
\BOOKMARK [3][-]{subsubsection.2.8.3}{\376\377\000C\000o\000n\000d\000e\000n\000s\000e\000d\000\040\000M\000a\000t\000t\000e\000r\000\040\000A\000n\000a\000l\000o\000g\000u\000e\000s}{subsection.2.8}% 30
\BOOKMARK [3][-]{subsubsection.2.8.4}{\376\377\000E\000n\000t\000r\000o\000p\000i\000c\000\040\000G\000r\000a\000v\000i\000t\000y\000\040\000a\000n\000d\000\040\000E\000m\000e\000r\000g\000e\000n\000t\000\040\000S\000p\000a\000c\000e\000t\000i\000m\000e}{subsection.2.8}% 31
\BOOKMARK [3][-]{subsubsection.2.8.5}{\376\377\000N\000o\000n\000-\000L\000o\000c\000a\000l\000\040\000G\000r\000a\000v\000i\000t\000y\000\040\000a\000n\000d\000\040\000I\000n\000f\000i\000n\000i\000t\000e\000\040\000D\000e\000r\000i\000v\000a\000t\000i\000v\000e\000\040\000T\000h\000e\000o\000r\000i\000e\000s}{subsection.2.8}% 32
\BOOKMARK [3][-]{subsubsection.2.8.6}{\376\377\000C\000o\000m\000p\000a\000r\000i\000s\000o\000n\000\040\000a\000n\000d\000\040\000C\000r\000i\000t\000i\000c\000a\000l\000\040\000A\000s\000s\000e\000s\000s\000m\000e\000n\000t}{subsection.2.8}% 33
\BOOKMARK [3][-]{subsubsection.2.8.7}{\376\377\000L\000i\000m\000i\000t\000a\000t\000i\000o\000n\000s\000\040\000a\000n\000d\000\040\000O\000p\000e\000n\000\040\000Q\000u\000e\000s\000t\000i\000o\000n\000s}{subsection.2.8}% 34
\BOOKMARK [1][-]{section.3}{\376\377\000P\000h\000y\000s\000i\000c\000a\000l\000\040\000S\000y\000s\000t\000e\000m\000s\000:\000\040\000E\000n\000e\000r\000g\000y\000-\000D\000e\000p\000e\000n\000d\000e\000n\000t\000\040\000M\000o\000d\000e\000\040\000C\000o\000n\000s\000t\000r\000a\000i\000n\000t}{}% 35
\BOOKMARK [2][-]{subsection.3.1}{\376\377\000S\000y\000s\000t\000e\000m\000\040\000I\000:\000\040\000R\000o\000t\000a\000t\000i\000n\000g\000\040\000F\000r\000a\000m\000e\000s}{section.3}% 36
\BOOKMARK [3][-]{subsubsection.3.1.1}{\376\377\000P\000h\000y\000s\000i\000c\000a\000l\000\040\000S\000e\000t\000u\000p\000\040\000a\000n\000d\000\040\000I\000n\000e\000r\000t\000i\000a\000l\000\040\000F\000r\000a\000m\000e\000\040\000A\000n\000a\000l\000y\000s\000i\000s}{subsection.3.1}% 37
\BOOKMARK [3][-]{subsubsection.3.1.2}{\376\377\000T\000r\000a\000n\000s\000i\000t\000i\000o\000n\000\040\000t\000o\000\040\000R\000o\000t\000a\000t\000i\000n\000g\000\040\000F\000r\000a\000m\000e}{subsection.3.1}% 38
\BOOKMARK [3][-]{subsubsection.3.1.3}{\376\377\000M\000o\000d\000e\000\040\000C\000o\000n\000s\000t\000r\000a\000i\000n\000t\000\040\000M\000e\000c\000h\000a\000n\000i\000s\000m}{subsection.3.1}% 39
\BOOKMARK [3][-]{subsubsection.3.1.4}{\376\377\000S\000p\000e\000c\000t\000r\000a\000l\000\040\000A\000n\000a\000l\000y\000s\000i\000s}{subsection.3.1}% 40
\BOOKMARK [2][-]{subsection.3.2}{\376\377\000S\000y\000s\000t\000e\000m\000\040\000I\000I\000:\000\040\000B\000l\000a\000c\000k\000\040\000H\000o\000l\000e\000\040\000S\000p\000a\000c\000e\000t\000i\000m\000e\000s}{section.3}% 41
\BOOKMARK [3][-]{subsubsection.3.2.1}{\376\377\000S\000c\000h\000w\000a\000r\000z\000s\000c\000h\000i\000l\000d\000\040\000M\000e\000t\000r\000i\000c\000\040\000a\000n\000d\000\040\000M\000o\000d\000e\000\040\000D\000e\000c\000o\000m\000p\000o\000s\000i\000t\000i\000o\000n}{subsection.3.2}% 42
\BOOKMARK [3][-]{subsubsection.3.2.2}{\376\377\000G\000r\000a\000v\000i\000t\000a\000t\000i\000o\000n\000a\000l\000\040\000R\000e\000d\000s\000h\000i\000f\000t\000\040\000a\000s\000\040\000M\000o\000d\000e\000\040\000C\000o\000n\000s\000t\000r\000a\000i\000n\000t}{subsection.3.2}% 43
\BOOKMARK [3][-]{subsubsection.3.2.3}{\376\377\000S\000p\000e\000c\000t\000r\000a\000l\000\040\000D\000i\000m\000e\000n\000s\000i\000o\000n\000\040\000A\000n\000a\000l\000y\000s\000i\000s}{subsection.3.2}% 44
\BOOKMARK [2][-]{subsection.3.3}{\376\377\000S\000y\000s\000t\000e\000m\000\040\000I\000I\000I\000:\000\040\000Q\000u\000a\000n\000t\000u\000m\000\040\000D\000i\000s\000c\000r\000e\000t\000e\000\040\000S\000p\000a\000c\000e\000t\000i\000m\000e}{section.3}% 45
\BOOKMARK [3][-]{subsubsection.3.3.1}{\376\377\000P\000h\000y\000s\000i\000c\000a\000l\000\040\000M\000e\000c\000h\000a\000n\000i\000s\000m\000:\000\040\000Q\000u\000a\000n\000t\000u\000m\000\040\000G\000e\000o\000m\000e\000t\000r\000i\000c\000\040\000D\000i\000s\000c\000r\000e\000t\000e\000n\000e\000s\000s}{subsection.3.3}% 46
\BOOKMARK [3][-]{subsubsection.3.3.2}{\376\377\000M\000o\000d\000e\000\040\000C\000o\000n\000s\000t\000r\000a\000i\000n\000t\000\040\000i\000n\000\040\000Q\000u\000a\000n\000t\000u\000m\000\040\000G\000r\000a\000v\000i\000t\000y}{subsection.3.3}% 47
\BOOKMARK [3][-]{subsubsection.3.3.3}{\376\377\000S\000p\000e\000c\000t\000r\000a\000l\000\040\000D\000i\000m\000e\000n\000s\000i\000o\000n\000\040\000i\000n\000\040\000Q\000u\000a\000n\000t\000u\000m\000\040\000G\000r\000a\000v\000i\000t\000y\000\040\000M\000o\000d\000e\000l\000s}{subsection.3.3}% 48
\BOOKMARK [3][-]{subsubsection.3.3.4}{\376\377\000C\000r\000i\000t\000i\000q\000u\000e\000\040\000o\000f\000\040\000`\000`\000E\000v\000i\000d\000e\000n\000c\000e\000'\000'}{subsection.3.3}% 49
\BOOKMARK [2][-]{subsection.3.4}{\376\377\000C\000o\000m\000p\000a\000r\000i\000s\000o\000n\000\040\000o\000f\000\040\000T\000h\000r\000e\000e\000\040\000S\000y\000s\000t\000e\000m\000s}{section.3}% 50
\BOOKMARK [2][-]{subsection.3.5}{\376\377\000T\000h\000e\000\040\000U\000n\000i\000f\000i\000e\000d\000\040\000F\000r\000a\000m\000e\000w\000o\000r\000k\000:\000\040\000H\000o\000n\000e\000s\000t\000\040\000A\000s\000s\000e\000s\000s\000m\000e\000n\000t}{section.3}% 51
\BOOKMARK [3][-]{subsubsection.3.5.1}{\376\377\000K\000e\000y\000\040\000I\000n\000s\000i\000g\000h\000t\000:\000\040\000T\000i\000m\000e\000\040\000a\000s\000\040\000B\000a\000c\000k\000g\000r\000o\000u\000n\000d\000\040\000v\000s\000.\000\040\000D\000y\000n\000a\000m\000i\000c\000a\000l\000\040\000V\000a\000r\000i\000a\000b\000l\000e}{subsection.3.5}% 52
\BOOKMARK [1][-]{section.4}{\376\377\000E\000x\000p\000e\000r\000i\000m\000e\000n\000t\000a\000l\000\040\000a\000n\000d\000\040\000N\000u\000m\000e\000r\000i\000c\000a\000l\000\040\000E\000v\000i\000d\000e\000n\000c\000e}{}% 53
\BOOKMARK [2][-]{subsection.4.1}{\376\377\000E\000v\000i\000d\000e\000n\000c\000e\000\040\000H\000i\000e\000r\000a\000r\000c\000h\000y}{section.4}% 54
\BOOKMARK [2][-]{subsection.4.2}{\376\377\000R\000o\000t\000a\000t\000i\000n\000g\000\040\000S\000y\000s\000t\000e\000m\000s\000:\000\040\000T\000i\000e\000r\000\040\000I\000\040\000E\000v\000i\000d\000e\000n\000c\000e}{section.4}% 55
\BOOKMARK [3][-]{subsubsection.4.2.1}{\376\377\000T\000h\000e\000\040\000G\000r\000a\000n\000\040\000S\000a\000s\000s\000o\000\040\000E\000x\000p\000e\000r\000i\000m\000e\000n\000t\000\040\000\050\000E\000-\0006\000\051}{subsection.4.2}% 56
\BOOKMARK [3][-]{subsubsection.4.2.2}{\376\377\000R\000i\000n\000g\000\040\000L\000a\000s\000e\000r\000\040\000G\000y\000r\000o\000s\000c\000o\000p\000e\000s}{subsection.4.2}% 57
\BOOKMARK [3][-]{subsubsection.4.2.3}{\376\377\000O\000t\000h\000e\000r\000\040\000R\000o\000t\000a\000t\000i\000n\000g\000\040\000S\000y\000s\000t\000e\000m\000s}{subsection.4.2}% 58
\BOOKMARK [2][-]{subsection.4.3}{\376\377\000B\000l\000a\000c\000k\000\040\000H\000o\000l\000e\000\040\000S\000y\000s\000t\000e\000m\000s\000:\000\040\000T\000i\000e\000r\000\040\000I\000I\000\040\000E\000v\000i\000d\000e\000n\000c\000e}{section.4}% 59
\BOOKMARK [3][-]{subsubsection.4.3.1}{\376\377\000E\000v\000e\000n\000t\000\040\000H\000o\000r\000i\000z\000o\000n\000\040\000T\000e\000l\000e\000s\000c\000o\000p\000e}{subsection.4.3}% 60
\BOOKMARK [3][-]{subsubsection.4.3.2}{\376\377\000G\000r\000a\000v\000i\000t\000a\000t\000i\000o\000n\000a\000l\000\040\000W\000a\000v\000e\000\040\000O\000b\000s\000e\000r\000v\000a\000t\000i\000o\000n\000s}{subsection.4.3}% 61
\BOOKMARK [2][-]{subsection.4.4}{\376\377\000Q\000u\000a\000n\000t\000u\000m\000\040\000G\000r\000a\000v\000i\000t\000y\000:\000\040\000T\000i\000e\000r\000\040\000I\000I\000I\000\040\000E\000v\000i\000d\000e\000n\000c\000e}{section.4}% 62
\BOOKMARK [3][-]{subsubsection.4.4.1}{\376\377\000C\000a\000u\000s\000a\000l\000\040\000D\000y\000n\000a\000m\000i\000c\000a\000l\000\040\000T\000r\000i\000a\000n\000g\000u\000l\000a\000t\000i\000o\000n\000s}{subsection.4.4}% 63
\BOOKMARK [3][-]{subsubsection.4.4.2}{\376\377\000L\000o\000o\000p\000\040\000Q\000u\000a\000n\000t\000u\000m\000\040\000G\000r\000a\000v\000i\000t\000y}{subsection.4.4}% 64
\BOOKMARK [3][-]{subsubsection.4.4.3}{\376\377\000A\000s\000y\000m\000p\000t\000o\000t\000i\000c\000\040\000S\000a\000f\000e\000t\000y}{subsection.4.4}% 65
\BOOKMARK [2][-]{subsection.4.5}{\376\377\000C\000o\000m\000p\000a\000r\000a\000t\000i\000v\000e\000\040\000S\000u\000m\000m\000a\000r\000y}{section.4}% 66
\BOOKMARK [2][-]{subsection.4.6}{\376\377\000F\000u\000t\000u\000r\000e\000\040\000P\000r\000o\000s\000p\000e\000c\000t\000s}{section.4}% 67
\BOOKMARK [3][-]{subsubsection.4.6.1}{\376\377\000D\000i\000r\000e\000c\000t\000\040\000T\000e\000s\000t\000s}{subsection.4.6}% 68
\BOOKMARK [3][-]{subsubsection.4.6.2}{\376\377\000T\000h\000e\000o\000r\000e\000t\000i\000c\000a\000l\000\040\000D\000e\000v\000e\000l\000o\000p\000m\000e\000n\000t\000s}{subsection.4.6}% 69
\BOOKMARK [2][-]{subsection.4.7}{\376\377\000H\000o\000n\000e\000s\000t\000\040\000C\000o\000n\000c\000l\000u\000s\000i\000o\000n\000\040\000o\000n\000\040\000E\000v\000i\000d\000e\000n\000c\000e}{section.4}% 70
\BOOKMARK [1][-]{section.5}{\376\377\000T\000h\000e\000\040\000E\000-\0006\000\040\000E\000x\000p\000e\000r\000i\000m\000e\000n\000t\000:\000\040\000A\000\040\000C\000l\000a\000s\000s\000i\000c\000a\000l\000\040\000T\000a\000b\000l\000e\000t\000o\000p\000\040\000D\000e\000m\000o\000n\000s\000t\000r\000a\000t\000i\000o\000n}{}% 71
\BOOKMARK [2][-]{subsection.5.1}{\376\377\000C\000o\000n\000c\000e\000p\000t\000u\000a\000l\000\040\000F\000o\000u\000n\000d\000a\000t\000i\000o\000n}{section.5}% 72
\BOOKMARK [3][-]{subsubsection.5.1.1}{\376\377\000C\000o\000r\000e\000\040\000I\000n\000s\000i\000g\000h\000t\000:\000\040\000C\000l\000a\000s\000s\000i\000c\000a\000l\000\040\000M\000o\000d\000e\000\040\000C\000o\000n\000s\000t\000r\000a\000i\000n\000t}{subsection.5.1}% 73
\BOOKMARK [3][-]{subsubsection.5.1.2}{\376\377\000C\000o\000r\000r\000e\000s\000p\000o\000n\000d\000e\000n\000c\000e\000\040\000P\000r\000i\000n\000c\000i\000p\000l\000e}{subsection.5.1}% 74
\BOOKMARK [3][-]{subsubsection.5.1.3}{\376\377\000D\000i\000m\000e\000n\000s\000i\000o\000n\000\040\000F\000l\000o\000w\000\040\000i\000n\000\040\000t\000h\000e\000\040\000E\000-\0006\000\040\000S\000y\000s\000t\000e\000m}{subsection.5.1}% 75
\BOOKMARK [2][-]{subsection.5.2}{\376\377\000E\000x\000p\000e\000r\000i\000m\000e\000n\000t\000a\000l\000\040\000D\000e\000s\000i\000g\000n}{section.5}% 76
\BOOKMARK [3][-]{subsubsection.5.2.1}{\376\377\000A\000p\000p\000a\000r\000a\000t\000u\000s}{subsection.5.2}% 77
\BOOKMARK [3][-]{subsubsection.5.2.2}{\376\377\000E\000n\000v\000i\000r\000o\000n\000m\000e\000n\000t\000\040\000R\000e\000q\000u\000i\000r\000e\000m\000e\000n\000t\000s}{subsection.5.2}% 78
\BOOKMARK [3][-]{subsubsection.5.2.3}{\376\377\000M\000u\000l\000t\000i\000-\000M\000a\000s\000s\000\040\000D\000e\000s\000i\000g\000n}{subsection.5.2}% 79
\BOOKMARK [2][-]{subsection.5.3}{\376\377\000D\000i\000m\000e\000n\000s\000i\000o\000n\000\040\000M\000e\000a\000s\000u\000r\000e\000m\000e\000n\000t\000\040\000M\000e\000t\000h\000o\000d\000s}{section.5}% 80
\BOOKMARK [3][-]{subsubsection.5.3.1}{\376\377\000B\000o\000x\000-\000C\000o\000u\000n\000t\000i\000n\000g\000\040\000M\000e\000t\000h\000o\000d}{subsection.5.3}% 81
\BOOKMARK [3][-]{subsubsection.5.3.2}{\376\377\000A\000n\000g\000u\000l\000a\000r\000\040\000D\000i\000s\000t\000r\000i\000b\000u\000t\000i\000o\000n\000\040\000M\000e\000t\000h\000o\000d}{subsection.5.3}% 82
\BOOKMARK [3][-]{subsubsection.5.3.3}{\376\377\000S\000t\000a\000t\000i\000s\000t\000i\000c\000a\000l\000\040\000A\000n\000a\000l\000y\000s\000i\000s}{subsection.5.3}% 83
\BOOKMARK [2][-]{subsection.5.4}{\376\377\000E\000x\000p\000e\000r\000i\000m\000e\000n\000t\000a\000l\000\040\000P\000r\000o\000t\000o\000c\000o\000l}{section.5}% 84
\BOOKMARK [3][-]{subsubsection.5.4.1}{\376\377\000F\000o\000u\000r\000-\000L\000e\000v\000e\000l\000\040\000E\000x\000p\000e\000r\000i\000m\000e\000n\000t\000a\000l\000\040\000S\000t\000r\000u\000c\000t\000u\000r\000e}{subsection.5.4}% 85
\BOOKMARK [2][-]{subsection.5.5}{\376\377\000T\000h\000e\000o\000r\000e\000t\000i\000c\000a\000l\000\040\000P\000r\000e\000d\000i\000c\000t\000i\000o\000n\000s}{section.5}% 86
\BOOKMARK [3][-]{subsubsection.5.5.1}{\376\377\000D\000i\000m\000e\000n\000s\000i\000o\000n\000-\000E\000n\000e\000r\000g\000y\000\040\000R\000e\000l\000a\000t\000i\000o\000n}{subsection.5.5}% 87
\BOOKMARK [3][-]{subsubsection.5.5.2}{\376\377\000E\000x\000p\000e\000c\000t\000e\000d\000\040\000R\000e\000s\000u\000l\000t\000s}{subsection.5.5}% 88
\BOOKMARK [3][-]{subsubsection.5.5.3}{\376\377\000M\000a\000s\000s\000-\000D\000e\000p\000e\000n\000d\000e\000n\000c\000e\000\040\000P\000r\000e\000d\000i\000c\000t\000i\000o\000n}{subsection.5.5}% 89
\BOOKMARK [2][-]{subsection.5.6}{\376\377\000C\000o\000n\000n\000e\000c\000t\000i\000o\000n\000\040\000t\000o\000\040\000t\000h\000e\000\040\000U\000n\000i\000f\000i\000e\000d\000\040\000F\000r\000a\000m\000e\000w\000o\000r\000k}{section.5}% 90
\BOOKMARK [3][-]{subsubsection.5.6.1}{\376\377\000W\000h\000y\000\040\000c\0001\000\040\000=\000\040\0000\000.\0002\0005\000\040\000f\000o\000r\000\040\000C\000l\000a\000s\000s\000i\000c\000a\000l\000\040\000S\000y\000s\000t\000e\000m\000s}{subsection.5.6}% 91
\BOOKMARK [3][-]{subsubsection.5.6.2}{\376\377\000U\000n\000i\000v\000e\000r\000s\000a\000l\000i\000t\000y\000\040\000V\000e\000r\000i\000f\000i\000c\000a\000t\000i\000o\000n}{subsection.5.6}% 92
\BOOKMARK [2][-]{subsection.5.7}{\376\377\000S\000i\000g\000n\000i\000f\000i\000c\000a\000n\000c\000e\000\040\000a\000n\000d\000\040\000I\000m\000p\000l\000i\000c\000a\000t\000i\000o\000n\000s}{section.5}% 93
\BOOKMARK [3][-]{subsubsection.5.7.1}{\376\377\000F\000o\000r\000\040\000Q\000u\000a\000n\000t\000u\000m\000\040\000G\000r\000a\000v\000i\000t\000y\000\040\000R\000e\000s\000e\000a\000r\000c\000h}{subsection.5.7}% 94
\BOOKMARK [3][-]{subsubsection.5.7.2}{\376\377\000F\000o\000r\000\040\000F\000u\000n\000d\000a\000m\000e\000n\000t\000a\000l\000\040\000P\000h\000y\000s\000i\000c\000s}{subsection.5.7}% 95
\BOOKMARK [3][-]{subsubsection.5.7.3}{\376\377\000P\000e\000d\000a\000g\000o\000g\000i\000c\000a\000l\000\040\000V\000a\000l\000u\000e}{subsection.5.7}% 96
\BOOKMARK [2][-]{subsection.5.8}{\376\377\000S\000t\000a\000t\000u\000s\000\040\000a\000n\000d\000\040\000F\000u\000t\000u\000r\000e\000\040\000D\000i\000r\000e\000c\000t\000i\000o\000n\000s}{section.5}% 97
\BOOKMARK [3][-]{subsubsection.5.8.1}{\376\377\000C\000u\000r\000r\000e\000n\000t\000\040\000S\000t\000a\000t\000u\000s}{subsection.5.8}% 98
\BOOKMARK [3][-]{subsubsection.5.8.2}{\376\377\000P\000r\000o\000p\000o\000s\000e\000d\000\040\000V\000a\000r\000i\000a\000n\000t\000s}{subsection.5.8}% 99
\BOOKMARK [3][-]{subsubsection.5.8.3}{\376\377\000I\000n\000t\000e\000g\000r\000a\000t\000i\000o\000n\000\040\000w\000i\000t\000h\000\040\000O\000t\000h\000e\000r\000\040\000T\000e\000s\000t\000s}{subsection.5.8}% 100
\BOOKMARK [1][-]{section.6}{\376\377\000C\000r\000i\000t\000i\000c\000a\000l\000\040\000C\000o\000m\000p\000a\000r\000i\000s\000o\000n\000\040\000w\000i\000t\000h\000\040\000A\000l\000t\000e\000r\000n\000a\000t\000i\000v\000e\000\040\000T\000h\000e\000o\000r\000i\000e\000s}{}% 101
\BOOKMARK [2][-]{subsection.6.1}{\376\377\000P\000h\000e\000n\000o\000m\000e\000n\000o\000l\000o\000g\000i\000c\000a\000l\000\040\000A\000p\000p\000r\000o\000a\000c\000h\000e\000s}{section.6}% 102
\BOOKMARK [3][-]{subsubsection.6.1.1}{\376\377\000P\000h\000e\000n\000o\000m\000e\000n\000o\000l\000o\000g\000i\000c\000a\000l\000\040\000Q\000u\000a\000n\000t\000u\000m\000\040\000G\000r\000a\000v\000i\000t\000y}{subsection.6.1}% 103
\BOOKMARK [3][-]{subsubsection.6.1.2}{\376\377\000E\000f\000f\000e\000c\000t\000i\000v\000e\000\040\000F\000i\000e\000l\000d\000\040\000T\000h\000e\000o\000r\000y\000\040\000A\000p\000p\000r\000o\000a\000c\000h\000e\000s}{subsection.6.1}% 104
\BOOKMARK [2][-]{subsection.6.2}{\376\377\000S\000t\000r\000i\000n\000g\000\040\000T\000h\000e\000o\000r\000y\000\040\000a\000n\000d\000\040\000M\000-\000T\000h\000e\000o\000r\000y}{section.6}% 105
\BOOKMARK [3][-]{subsubsection.6.2.1}{\376\377\000C\000o\000m\000p\000a\000c\000t\000i\000f\000i\000c\000a\000t\000i\000o\000n\000\040\000a\000n\000d\000\040\000D\000i\000m\000e\000n\000s\000i\000o\000n}{subsection.6.2}% 106
\BOOKMARK [3][-]{subsubsection.6.2.2}{\376\377\000A\000d\000S\000/\000C\000F\000T\000\040\000a\000n\000d\000\040\000H\000o\000l\000o\000g\000r\000a\000p\000h\000y}{subsection.6.2}% 107
\BOOKMARK [3][-]{subsubsection.6.2.3}{\376\377\000C\000o\000m\000p\000a\000r\000i\000s\000o\000n\000\040\000a\000n\000d\000\040\000C\000r\000i\000t\000i\000q\000u\000e}{subsection.6.2}% 108
\BOOKMARK [2][-]{subsection.6.3}{\376\377\000L\000o\000o\000p\000\040\000Q\000u\000a\000n\000t\000u\000m\000\040\000G\000r\000a\000v\000i\000t\000y}{section.6}% 109
\BOOKMARK [3][-]{subsubsection.6.3.1}{\376\377\000D\000i\000s\000c\000r\000e\000t\000e\000\040\000G\000e\000o\000m\000e\000t\000r\000y}{subsection.6.3}% 110
\BOOKMARK [3][-]{subsubsection.6.3.2}{\376\377\000C\000r\000i\000t\000i\000q\000u\000e\000s\000\040\000a\000n\000d\000\040\000O\000p\000e\000n\000\040\000I\000s\000s\000u\000e\000s}{subsection.6.3}% 111
\BOOKMARK [2][-]{subsection.6.4}{\376\377\000E\000m\000e\000r\000g\000e\000n\000t\000\040\000G\000r\000a\000v\000i\000t\000y\000\040\000A\000p\000p\000r\000o\000a\000c\000h\000e\000s}{section.6}% 112
\BOOKMARK [3][-]{subsubsection.6.4.1}{\376\377\000E\000n\000t\000r\000o\000p\000i\000c\000\040\000G\000r\000a\000v\000i\000t\000y}{subsection.6.4}% 113
\BOOKMARK [3][-]{subsubsection.6.4.2}{\376\377\000C\000o\000n\000d\000e\000n\000s\000e\000d\000\040\000M\000a\000t\000t\000e\000r\000\040\000A\000n\000a\000l\000o\000g\000u\000e\000s}{subsection.6.4}% 114
\BOOKMARK [2][-]{subsection.6.5}{\376\377\000C\000o\000m\000p\000a\000r\000a\000t\000i\000v\000e\000\040\000A\000s\000s\000e\000s\000s\000m\000e\000n\000t}{section.6}% 115
\BOOKMARK [2][-]{subsection.6.6}{\376\377\000L\000i\000m\000i\000t\000a\000t\000i\000o\000n\000s\000\040\000o\000f\000\040\000t\000h\000e\000\040\000U\000n\000i\000f\000i\000e\000d\000\040\000F\000r\000a\000m\000e\000w\000o\000r\000k}{section.6}% 116
\BOOKMARK [1][-]{section.7}{\376\377\000T\000h\000e\000o\000r\000e\000t\000i\000c\000a\000l\000\040\000I\000m\000p\000l\000i\000c\000a\000t\000i\000o\000n\000s\000\040\000o\000f\000\040\000M\000o\000d\000e\000\040\000C\000o\000n\000s\000t\000r\000a\000i\000n\000t}{}% 117
\BOOKMARK [2][-]{subsection.7.1}{\376\377\000B\000l\000a\000c\000k\000\040\000H\000o\000l\000e\000\040\000P\000h\000y\000s\000i\000c\000s\000\040\000a\000n\000d\000\040\000t\000h\000e\000\040\000I\000n\000f\000o\000r\000m\000a\000t\000i\000o\000n\000\040\000P\000a\000r\000a\000d\000o\000x}{section.7}% 118
\BOOKMARK [3][-]{subsubsection.7.1.1}{\376\377\000T\000h\000e\000\040\000N\000e\000a\000r\000-\000H\000o\000r\000i\000z\000o\000n\000\040\000M\000o\000d\000e\000\040\000S\000t\000r\000u\000c\000t\000u\000r\000e}{subsection.7.1}% 119
\BOOKMARK [3][-]{subsubsection.7.1.2}{\376\377\000I\000m\000p\000l\000i\000c\000a\000t\000i\000o\000n\000s\000\040\000f\000o\000r\000\040\000H\000a\000w\000k\000i\000n\000g\000\040\000R\000a\000d\000i\000a\000t\000i\000o\000n}{subsection.7.1}% 120
\BOOKMARK [3][-]{subsubsection.7.1.3}{\376\377\000T\000h\000e\000\040\000I\000n\000f\000o\000r\000m\000a\000t\000i\000o\000n\000\040\000P\000a\000r\000a\000d\000o\000x\000\040\000R\000e\000v\000i\000s\000i\000t\000e\000d}{subsection.7.1}% 121
\BOOKMARK [3][-]{subsubsection.7.1.4}{\376\377\000P\000a\000g\000e\000\040\000C\000u\000r\000v\000e\000\040\000a\000n\000d\000\040\000E\000n\000t\000a\000n\000g\000l\000e\000m\000e\000n\000t}{subsection.7.1}% 122
\BOOKMARK [2][-]{subsection.7.2}{\376\377\000Q\000u\000a\000n\000t\000u\000m\000\040\000G\000r\000a\000v\000i\000t\000y\000\040\000a\000n\000d\000\040\000t\000h\000e\000\040\000R\000e\000n\000o\000r\000m\000a\000l\000i\000z\000a\000t\000i\000o\000n\000\040\000G\000r\000o\000u\000p}{section.7}% 123
\BOOKMARK [3][-]{subsubsection.7.2.1}{\376\377\000T\000h\000e\000\040\000W\000i\000l\000s\000o\000n\000i\000a\000n\000\040\000P\000e\000r\000s\000p\000e\000c\000t\000i\000v\000e\000\040\000o\000n\000\040\000M\000o\000d\000e\000\040\000C\000o\000n\000s\000t\000r\000a\000i\000n\000t}{subsection.7.2}% 124
\BOOKMARK [3][-]{subsubsection.7.2.2}{\376\377\000A\000s\000y\000m\000p\000t\000o\000t\000i\000c\000\040\000S\000a\000f\000e\000t\000y\000\040\000a\000n\000d\000\040\000t\000h\000e\000\040\000F\000i\000x\000e\000d\000\040\000P\000o\000i\000n\000t}{subsection.7.2}% 125
\BOOKMARK [3][-]{subsubsection.7.2.3}{\376\377\000C\000o\000m\000p\000a\000r\000i\000s\000o\000n\000\040\000w\000i\000t\000h\000\040\000L\000a\000t\000t\000i\000c\000e\000\040\000F\000i\000e\000l\000d\000\040\000T\000h\000e\000o\000r\000y}{subsection.7.2}% 126
\BOOKMARK [2][-]{subsection.7.3}{\376\377\000E\000m\000e\000r\000g\000e\000n\000c\000e\000\040\000o\000f\000\040\000E\000f\000f\000e\000c\000t\000i\000v\000e\000\040\000F\000i\000e\000l\000d\000\040\000T\000h\000e\000o\000r\000i\000e\000s}{section.7}% 127
\BOOKMARK [3][-]{subsubsection.7.3.1}{\376\377\000T\000h\000e\000\040\000H\000i\000e\000r\000a\000r\000c\000h\000i\000c\000a\000l\000\040\000S\000t\000r\000u\000c\000t\000u\000r\000e\000\040\000o\000f\000\040\000P\000h\000y\000s\000i\000c\000a\000l\000\040\000T\000h\000e\000o\000r\000i\000e\000s}{subsection.7.3}% 128
\BOOKMARK [3][-]{subsubsection.7.3.2}{\376\377\000M\000o\000d\000e\000\040\000C\000o\000n\000s\000t\000r\000a\000i\000n\000t\000\040\000v\000s\000.\000\040\000S\000y\000m\000m\000e\000t\000r\000y\000\040\000B\000r\000e\000a\000k\000i\000n\000g}{subsection.7.3}% 129
\BOOKMARK [3][-]{subsubsection.7.3.3}{\376\377\000P\000h\000i\000l\000o\000s\000o\000p\000h\000i\000c\000a\000l\000\040\000I\000m\000p\000l\000i\000c\000a\000t\000i\000o\000n\000s}{subsection.7.3}% 130
\BOOKMARK [2][-]{subsection.7.4}{\376\377\000I\000m\000p\000l\000i\000c\000a\000t\000i\000o\000n\000s\000\040\000f\000o\000r\000\040\000E\000x\000p\000e\000r\000i\000m\000e\000n\000t}{section.7}% 131
\BOOKMARK [3][-]{subsubsection.7.4.1}{\376\377\000D\000i\000s\000t\000i\000n\000g\000u\000i\000s\000h\000i\000n\000g\000\040\000M\000o\000d\000e\000\040\000C\000o\000n\000s\000t\000r\000a\000i\000n\000t\000\040\000f\000r\000o\000m\000\040\000C\000o\000m\000p\000a\000c\000t\000i\000f\000i\000c\000a\000t\000i\000o\000n}{subsection.7.4}% 132
\BOOKMARK [3][-]{subsubsection.7.4.2}{\376\377\000S\000p\000e\000c\000i\000f\000i\000c\000\040\000E\000x\000p\000e\000r\000i\000m\000e\000n\000t\000a\000l\000\040\000S\000i\000g\000n\000a\000t\000u\000r\000e\000s}{subsection.7.4}% 133
\BOOKMARK [2][-]{subsection.7.5}{\376\377\000C\000o\000s\000m\000o\000l\000o\000g\000i\000c\000a\000l\000\040\000I\000m\000p\000l\000i\000c\000a\000t\000i\000o\000n\000s}{section.7}% 134
\BOOKMARK [3][-]{subsubsection.7.5.1}{\376\377\000E\000a\000r\000l\000y\000\040\000U\000n\000i\000v\000e\000r\000s\000e\000\040\000a\000n\000d\000\040\000I\000n\000f\000l\000a\000t\000i\000o\000n}{subsection.7.5}% 135
\BOOKMARK [3][-]{subsubsection.7.5.2}{\376\377\000P\000r\000i\000m\000o\000r\000d\000i\000a\000l\000\040\000P\000e\000r\000t\000u\000r\000b\000a\000t\000i\000o\000n\000s}{subsection.7.5}% 136
\BOOKMARK [2][-]{subsection.7.6}{\376\377\000C\000o\000n\000d\000e\000n\000s\000e\000d\000\040\000M\000a\000t\000t\000e\000r\000\040\000A\000n\000a\000l\000o\000g\000u\000e\000s}{section.7}% 137
\BOOKMARK [3][-]{subsubsection.7.6.1}{\376\377\000Q\000u\000a\000n\000t\000u\000m\000\040\000H\000a\000l\000l\000\040\000E\000f\000f\000e\000c\000t}{subsection.7.6}% 138
\BOOKMARK [3][-]{subsubsection.7.6.2}{\376\377\000T\000o\000p\000o\000l\000o\000g\000i\000c\000a\000l\000\040\000I\000n\000s\000u\000l\000a\000t\000o\000r\000s}{subsection.7.6}% 139
\BOOKMARK [2][-]{subsection.7.7}{\376\377\000I\000n\000f\000o\000r\000m\000a\000t\000i\000o\000n\000\040\000T\000h\000e\000o\000r\000y\000\040\000C\000o\000n\000n\000e\000c\000t\000i\000o\000n\000s}{section.7}% 140
\BOOKMARK [3][-]{subsubsection.7.7.1}{\376\377\000E\000n\000t\000a\000n\000g\000l\000e\000m\000e\000n\000t\000\040\000E\000n\000t\000r\000o\000p\000y\000\040\000S\000c\000a\000l\000i\000n\000g}{subsection.7.7}% 141
\BOOKMARK [3][-]{subsubsection.7.7.2}{\376\377\000H\000o\000l\000o\000g\000r\000a\000p\000h\000i\000c\000\040\000E\000n\000t\000r\000o\000p\000y\000\040\000B\000o\000u\000n\000d}{subsection.7.7}% 142
\BOOKMARK [1][-]{section.8}{\376\377\000F\000u\000t\000u\000r\000e\000\040\000D\000i\000r\000e\000c\000t\000i\000o\000n\000s\000\040\000a\000n\000d\000\040\000C\000o\000n\000c\000l\000u\000s\000i\000o\000n\000s}{}% 143
\BOOKMARK [2][-]{subsection.8.1}{\376\377\000O\000p\000e\000n\000\040\000T\000h\000e\000o\000r\000e\000t\000i\000c\000a\000l\000\040\000Q\000u\000e\000s\000t\000i\000o\000n\000s}{section.8}% 144
\BOOKMARK [2][-]{subsection.8.2}{\376\377\000E\000x\000p\000e\000r\000i\000m\000e\000n\000t\000a\000l\000\040\000P\000r\000o\000s\000p\000e\000c\000t\000s}{section.8}% 145
\BOOKMARK [2][-]{subsection.8.3}{\376\377\000C\000o\000n\000c\000l\000u\000s\000i\000o\000n\000s}{section.8}% 146
\BOOKMARK [2][-]{subsection.8.4}{\376\377\000N\000e\000a\000r\000-\000T\000e\000r\000m\000\040\000R\000e\000s\000e\000a\000r\000c\000h\000\040\000D\000i\000r\000e\000c\000t\000i\000o\000n\000s}{section.8}% 147
\BOOKMARK [3][-]{subsubsection.8.4.1}{\376\377\000T\000h\000e\000o\000r\000e\000t\000i\000c\000a\000l\000\040\000D\000e\000v\000e\000l\000o\000p\000m\000e\000n\000t\000s}{subsection.8.4}% 148
\BOOKMARK [3][-]{subsubsection.8.4.2}{\376\377\000C\000o\000m\000p\000u\000t\000a\000t\000i\000o\000n\000a\000l\000\040\000P\000r\000o\000j\000e\000c\000t\000s}{subsection.8.4}% 149
\BOOKMARK [2][-]{subsection.8.5}{\376\377\000E\000x\000p\000e\000r\000i\000m\000e\000n\000t\000a\000l\000\040\000P\000r\000o\000s\000p\000e\000c\000t\000s}{section.8}% 150
\BOOKMARK [3][-]{subsubsection.8.5.1}{\376\377\000A\000t\000o\000m\000i\000c\000\040\000a\000n\000d\000\040\000M\000o\000l\000e\000c\000u\000l\000a\000r\000\040\000P\000h\000y\000s\000i\000c\000s}{subsection.8.5}% 151
\BOOKMARK [3][-]{subsubsection.8.5.2}{\376\377\000C\000o\000n\000d\000e\000n\000s\000e\000d\000\040\000M\000a\000t\000t\000e\000r\000\040\000S\000y\000s\000t\000e\000m\000s}{subsection.8.5}% 152
\BOOKMARK [3][-]{subsubsection.8.5.3}{\376\377\000A\000s\000t\000r\000o\000n\000o\000m\000y\000\040\000a\000n\000d\000\040\000C\000o\000s\000m\000o\000l\000o\000g\000y}{subsection.8.5}% 153
\BOOKMARK [2][-]{subsection.8.6}{\376\377\000B\000r\000o\000a\000d\000e\000r\000\040\000C\000o\000n\000t\000e\000x\000t}{section.8}% 154
\BOOKMARK [3][-]{subsubsection.8.6.1}{\376\377\000U\000n\000i\000f\000i\000c\000a\000t\000i\000o\000n\000\040\000o\000f\000\040\000P\000h\000y\000s\000i\000c\000s}{subsection.8.6}% 155
\BOOKMARK [3][-]{subsubsection.8.6.2}{\376\377\000P\000h\000i\000l\000o\000s\000o\000p\000h\000i\000c\000a\000l\000\040\000Q\000u\000e\000s\000t\000i\000o\000n\000s}{subsection.8.6}% 156
\BOOKMARK [2][-]{subsection.8.7}{\376\377\000F\000i\000n\000a\000l\000\040\000R\000e\000m\000a\000r\000k\000s}{section.8}% 157
\BOOKMARK [2][-]{subsection.8.8}{\376\377\000L\000o\000n\000g\000-\000T\000e\000r\000m\000\040\000R\000e\000s\000e\000a\000r\000c\000h\000\040\000P\000r\000o\000g\000r\000a\000m}{section.8}% 158
\BOOKMARK [3][-]{subsubsection.8.8.1}{\376\377\000T\000h\000e\000o\000r\000e\000t\000i\000c\000a\000l\000\040\000D\000e\000v\000e\000l\000o\000p\000m\000e\000n\000t\000s}{subsection.8.8}% 159
\BOOKMARK [3][-]{subsubsection.8.8.2}{\376\377\000C\000o\000m\000p\000u\000t\000a\000t\000i\000o\000n\000a\000l\000\040\000P\000r\000o\000j\000e\000c\000t\000s}{subsection.8.8}% 160
\BOOKMARK [2][-]{subsection.8.9}{\376\377\000E\000x\000p\000e\000r\000i\000m\000e\000n\000t\000a\000l\000\040\000P\000r\000o\000s\000p\000e\000c\000t\000s}{section.8}% 161
\BOOKMARK [3][-]{subsubsection.8.9.1}{\376\377\000N\000e\000a\000r\000-\000T\000e\000r\000m\000\040\000E\000x\000p\000e\000r\000i\000m\000e\000n\000t\000s\000\040\000\050\0005\000-\0001\0000\000\040\000y\000e\000a\000r\000s\000\051}{subsection.8.9}% 162
\BOOKMARK [3][-]{subsubsection.8.9.2}{\376\377\000L\000o\000n\000g\000-\000T\000e\000r\000m\000\040\000E\000x\000p\000e\000r\000i\000m\000e\000n\000t\000s\000\040\000\050\0001\0000\000-\0002\0000\000\040\000y\000e\000a\000r\000s\000\051}{subsection.8.9}% 163
\BOOKMARK [2][-]{subsection.8.10}{\376\377\000C\000o\000n\000n\000e\000c\000t\000i\000o\000n\000s\000\040\000t\000o\000\040\000O\000t\000h\000e\000r\000\040\000F\000i\000e\000l\000d\000s}{section.8}% 164
\BOOKMARK [3][-]{subsubsection.8.10.1}{\376\377\000Q\000u\000a\000n\000t\000u\000m\000\040\000I\000n\000f\000o\000r\000m\000a\000t\000i\000o\000n\000\040\000T\000h\000e\000o\000r\000y}{subsection.8.10}% 165
\BOOKMARK [3][-]{subsubsection.8.10.2}{\376\377\000C\000o\000n\000d\000e\000n\000s\000e\000d\000\040\000M\000a\000t\000t\000e\000r\000\040\000P\000h\000y\000s\000i\000c\000s}{subsection.8.10}% 166
\BOOKMARK [3][-]{subsubsection.8.10.3}{\376\377\000M\000a\000t\000h\000e\000m\000a\000t\000i\000c\000s}{subsection.8.10}% 167
\BOOKMARK [2][-]{subsection.8.11}{\376\377\000F\000i\000n\000a\000l\000\040\000S\000u\000m\000m\000a\000r\000y}{section.8}% 168
\BOOKMARK [2][-]{subsection.8.12}{\376\377\000I\000n\000t\000e\000r\000d\000i\000s\000c\000i\000p\000l\000i\000n\000a\000r\000y\000\040\000C\000o\000n\000n\000e\000c\000t\000i\000o\000n\000s}{section.8}% 169
\BOOKMARK [3][-]{subsubsection.8.12.1}{\376\377\000Q\000u\000a\000n\000t\000u\000m\000\040\000I\000n\000f\000o\000r\000m\000a\000t\000i\000o\000n\000\040\000a\000n\000d\000\040\000C\000o\000m\000p\000u\000t\000a\000t\000i\000o\000n}{subsection.8.12}% 170
\BOOKMARK [3][-]{subsubsection.8.12.2}{\376\377\000C\000o\000m\000p\000l\000e\000x\000\040\000S\000y\000s\000t\000e\000m\000s\000\040\000a\000n\000d\000\040\000N\000e\000t\000w\000o\000r\000k\000s}{subsection.8.12}% 171
\BOOKMARK [2][-]{subsection.8.13}{\376\377\000M\000a\000t\000h\000e\000m\000a\000t\000i\000c\000a\000l\000\040\000O\000p\000e\000n\000\040\000P\000r\000o\000b\000l\000e\000m\000s}{section.8}% 172
\BOOKMARK [2][-]{subsection.8.14}{\376\377\000T\000e\000c\000h\000n\000o\000l\000o\000g\000i\000c\000a\000l\000\040\000A\000p\000p\000l\000i\000c\000a\000t\000i\000o\000n\000s}{section.8}% 173
\BOOKMARK [3][-]{subsubsection.8.14.1}{\376\377\000Q\000u\000a\000n\000t\000u\000m\000\040\000S\000i\000m\000u\000l\000a\000t\000i\000o\000n}{subsection.8.14}% 174
\BOOKMARK [3][-]{subsubsection.8.14.2}{\376\377\000M\000e\000t\000a\000m\000a\000t\000e\000r\000i\000a\000l\000s}{subsection.8.14}% 175
\BOOKMARK [1][-]{appendix.A}{\376\377\000H\000e\000a\000t\000\040\000K\000e\000r\000n\000e\000l\000\040\000C\000o\000e\000f\000f\000i\000c\000i\000e\000n\000t\000s}{}% 176
\BOOKMARK [1][-]{appendix.B}{\376\377\000S\000e\000l\000b\000e\000r\000g\000\040\000T\000r\000a\000c\000e\000\040\000F\000o\000r\000m\000u\000l\000a}{}% 177
\BOOKMARK [1][-]{appendix.C}{\376\377\000C\000o\000n\000s\000t\000r\000a\000i\000n\000t\000\040\000P\000a\000r\000a\000m\000e\000t\000e\000r\000\040\000D\000e\000r\000i\000v\000a\000t\000i\000o\000n}{}% 178
\BOOKMARK [1][-]{appendix.D}{\376\377\000U\000n\000i\000t\000s\000\040\000a\000n\000d\000\040\000C\000o\000n\000v\000e\000n\000t\000i\000o\000n\000s}{}% 179
\BOOKMARK [1][-]{appendix.E}{\376\377\000G\000l\000o\000s\000s\000a\000r\000y\000\040\000o\000f\000\040\000T\000e\000r\000m\000s}{}% 180
\BOOKMARK [1][-]{appendix.F}{\376\377\000D\000e\000t\000a\000i\000l\000e\000d\000\040\000C\000a\000l\000c\000u\000l\000a\000t\000i\000o\000n\000s}{}% 181
\BOOKMARK [2][-]{subsection.F.1}{\376\377\000H\000e\000a\000t\000\040\000K\000e\000r\000n\000e\000l\000\040\000o\000n\000\040\000S\000p\000h\000e\000r\000e\000s}{appendix.F}% 182
\BOOKMARK [2][-]{subsection.F.2}{\376\377\000H\000y\000p\000e\000r\000b\000o\000l\000i\000c\000\040\000S\000p\000a\000c\000e\000\040\000H\000e\000a\000t\000\040\000K\000e\000r\000n\000e\000l}{appendix.F}% 183
\BOOKMARK [2][-]{subsection.F.3}{\376\377\000C\000o\000n\000s\000t\000r\000a\000i\000n\000t\000\040\000P\000a\000r\000a\000m\000e\000t\000e\000r\000\040\000D\000e\000r\000i\000v\000a\000t\000i\000o\000n}{appendix.F}% 184
\BOOKMARK [1][-]{appendix.G}{\376\377\000T\000a\000b\000l\000e\000s\000\040\000o\000f\000\040\000V\000a\000l\000u\000e\000s}{}% 185
\BOOKMARK [2][-]{subsection.G.1}{\376\377\000C\000o\000m\000p\000a\000r\000i\000s\000o\000n\000\040\000o\000f\000\040\000P\000h\000y\000s\000i\000c\000a\000l\000\040\000S\000y\000s\000t\000e\000m\000s}{appendix.G}% 186
\BOOKMARK [2][-]{subsection.G.2}{\376\377\000H\000i\000s\000t\000o\000r\000i\000c\000a\000l\000\040\000T\000i\000m\000e\000l\000i\000n\000e}{appendix.G}% 187
\BOOKMARK [1][-]{appendix.H}{\376\377\000E\000x\000t\000e\000n\000d\000e\000d\000\040\000E\000x\000a\000m\000p\000l\000e\000s}{}% 188
\BOOKMARK [2][-]{subsection.H.1}{\376\377\000E\000x\000a\000m\000p\000l\000e\000:\000\040\0002\000D\000\040\000I\000s\000i\000n\000g\000\040\000M\000o\000d\000e\000l\000\040\000N\000e\000a\000r\000\040\000C\000r\000i\000t\000i\000c\000a\000l\000i\000t\000y}{appendix.H}% 189
\BOOKMARK [2][-]{subsection.H.2}{\376\377\000E\000x\000a\000m\000p\000l\000e\000:\000\040\000Q\000u\000a\000n\000t\000u\000m\000\040\000H\000a\000r\000m\000o\000n\000i\000c\000\040\000C\000h\000a\000i\000n}{appendix.H}% 190
\BOOKMARK [2][-]{subsection.H.3}{\376\377\000E\000x\000a\000m\000p\000l\000e\000:\000\040\000G\000r\000a\000p\000h\000e\000n\000e\000\040\000N\000e\000a\000r\000\040\000D\000i\000r\000a\000c\000\040\000P\000o\000i\000n\000t\000s}{appendix.H}% 191
\BOOKMARK [1][-]{appendix.I}{\376\377\000M\000a\000t\000h\000e\000m\000a\000t\000i\000c\000a\000l\000\040\000P\000r\000o\000o\000f\000s}{}% 192
\BOOKMARK [2][-]{subsection.I.1}{\376\377\000P\000r\000o\000o\000f\000\040\000o\000f\000\040\000M\000o\000n\000o\000t\000o\000n\000i\000c\000i\000t\000y}{appendix.I}% 193
\BOOKMARK [2][-]{subsection.I.2}{\376\377\000P\000r\000o\000o\000f\000\040\000o\000f\000\040\000U\000n\000i\000v\000e\000r\000s\000a\000l\000i\000t\000y}{appendix.I}% 194
\BOOKMARK [1][-]{appendix.J}{\376\377\000D\000e\000t\000a\000i\000l\000e\000d\000\040\000M\000a\000t\000h\000e\000m\000a\000t\000i\000c\000a\000l\000\040\000D\000e\000r\000i\000v\000a\000t\000i\000o\000n\000s}{}% 195
\BOOKMARK [2][-]{subsection.J.1}{\376\377\000D\000e\000r\000i\000v\000a\000t\000i\000o\000n\000\040\000o\000f\000\040\000H\000e\000a\000t\000\040\000K\000e\000r\000n\000e\000l\000\040\000E\000x\000p\000a\000n\000s\000i\000o\000n\000\040\000C\000o\000e\000f\000f\000i\000c\000i\000e\000n\000t\000s}{appendix.J}% 196
\BOOKMARK [2][-]{subsection.J.2}{\376\377\000R\000i\000e\000m\000a\000n\000n\000\040\000C\000u\000r\000v\000a\000t\000u\000r\000e\000\040\000I\000n\000v\000a\000r\000i\000a\000n\000t\000s}{appendix.J}% 197
\BOOKMARK [2][-]{subsection.J.3}{\376\377\000S\000p\000e\000c\000t\000r\000a\000l\000\040\000Z\000e\000t\000a\000\040\000F\000u\000n\000c\000t\000i\000o\000n\000\040\000C\000a\000l\000c\000u\000l\000a\000t\000i\000o\000n\000s}{appendix.J}% 198
\BOOKMARK [1][-]{appendix.K}{\376\377\000N\000u\000m\000e\000r\000i\000c\000a\000l\000\040\000M\000e\000t\000h\000o\000d\000s}{}% 199
\BOOKMARK [2][-]{subsection.K.1}{\376\377\000F\000i\000n\000i\000t\000e\000\040\000E\000l\000e\000m\000e\000n\000t\000\040\000D\000i\000s\000c\000r\000e\000t\000i\000z\000a\000t\000i\000o\000n}{appendix.K}% 200
\BOOKMARK [2][-]{subsection.K.2}{\376\377\000T\000i\000m\000e\000\040\000I\000n\000t\000e\000g\000r\000a\000t\000i\000o\000n\000\040\000M\000e\000t\000h\000o\000d\000s}{appendix.K}% 201
\BOOKMARK [1][-]{appendix.L}{\376\377\000P\000h\000y\000s\000i\000c\000a\000l\000\040\000C\000o\000n\000s\000t\000a\000n\000t\000s\000\040\000a\000n\000d\000\040\000U\000n\000i\000t\000s}{}% 202
\BOOKMARK [2][-]{subsection.L.1}{\376\377\000P\000l\000a\000n\000c\000k\000\040\000U\000n\000i\000t\000s}{appendix.L}% 203
\BOOKMARK [2][-]{subsection.L.2}{\376\377\000C\000o\000n\000v\000e\000r\000s\000i\000o\000n\000\040\000F\000a\000c\000t\000o\000r\000s}{appendix.L}% 204
\BOOKMARK [1][-]{appendix.M}{\376\377\000L\000i\000s\000t\000\040\000o\000f\000\040\000S\000y\000m\000b\000o\000l\000s}{}% 205
